Exporter version: 2.80.1, Blender version: 2.80 (sub 75)
========= Conversion from Blender to Babylon.js =========
	Scene settings used :
		Inline textures     :  false
		Material Type       :  PBR
		Positions Precision :  4
		Normals Precision   :  3
		UVs Precision       :  3
		Vert Color Precision:  3
		Mat Weight Precision:  2
		Keep Z-up r-handed  :  no
		Texture directory   :  C:\Users\frommeltova\Documents\Model\model\mlyn_verze_10\babylon_casti\
	Python World class constructor completed
	processing begun of camera (UniversalCamera):  Camera
	processing begun of mesh:  SketchUp
		processing begun of material:  Cladding_Stucco_White_2
			processing texture Cladding_Stucco_White_2
				texture type:  diffuseTexture, mapped using: "ID358"
		num positions      :  92
		num normals        :  92
		num tangents       :  0
		num uvs            :  184
		num uvs2           :  0
		num colors         :  0
		num triangles      :  52
	processing begun of mesh:  SketchUp.001
		processing begun of material:  Cladding_Stucco_White_2
		processing begun of material:  __Black_
		registered as also a user of material:  Cladding_Stucco_White_2
		processing begun of multimaterial:  pec.Multimaterial#0
		num positions      :  360
		num normals        :  360
		num tangents       :  0
		num uvs            :  720
		num uvs2           :  0
		num colors         :  0
		num triangles      :  288
	processing begun of mesh:  SketchUp.002
		processing begun of material:  Wood_Lumber_ButtJoined_3
			processing texture Wood_Lumber_ButtJoined_3
				texture type:  diffuseTexture, mapped using: "ID381"
		num positions      :  68
		num normals        :  68
		num tangents       :  0
		num uvs            :  136
		num uvs2           :  0
		num colors         :  0
		num triangles      :  48
	processing begun of mesh:  SketchUp.003
		processing begun of material:  Cladding_Stucco_White_2
		processing begun of material:  __Black_
		registered as also a user of material:  Cladding_Stucco_White_2
		registered as also a user of material:  __Black_
		processing begun of multimaterial:  pec.Multimaterial#1
		num positions      :  504
		num normals        :  504
		num tangents       :  0
		num uvs            :  1008
		num uvs2           :  0
		num colors         :  0
		num triangles      :  288
	processing begun of mesh:  SketchUp.004
		processing begun of material:  Cladding_Stucco_White_2
		processing begun of material:  Wood_Lumber_ButtJoined_3
		registered as also a user of material:  Cladding_Stucco_White_2
		registered as also a user of material:  Wood_Lumber_ButtJoined_3
		processing begun of multimaterial:  pec.Multimaterial#2
		num positions      :  44
		num normals        :  44
		num tangents       :  0
		num uvs            :  88
		num uvs2           :  0
		num colors         :  0
		num triangles      :  20
	processing begun of mesh:  SketchUp.005
		processing begun of material:  __Wood_Lumber_ButtJoined_1
		processing begun of material:  material_4_4
			processing texture material_4_4
				texture type:  diffuseTexture, mapped using: "ID412"
		processing begun of multimaterial:  pec.Multimaterial#3
		num positions      :  8
		num normals        :  8
		num tangents       :  0
		num uvs            :  16
		num uvs2           :  0
		num colors         :  0
		num triangles      :  4
	processing begun of mesh:  SketchUp.006
		processing begun of material:  Cladding_Stucco_White_2
		registered as also a user of material:  Cladding_Stucco_White_2
		num positions      :  200
		num normals        :  200
		num tangents       :  0
		num uvs            :  400
		num uvs2           :  0
		num colors         :  0
		num triangles      :  106
	processing begun of mesh:  SketchUp.007
		processing begun of material:  Cladding_Stucco_White_2
		processing begun of material:  Granite_Dark_Gray
		registered as also a user of material:  Cladding_Stucco_White_2
			processing texture Granite_Dark_Gray
				texture type:  diffuseTexture, mapped using: "ID433"
		processing begun of multimaterial:  pec.Multimaterial#4
		num positions      :  125
		num normals        :  125
		num tangents       :  0
		num uvs            :  250
		num uvs2           :  0
		num colors         :  0
		num triangles      :  64
	processing begun of mesh:  SketchUp.008
		processing begun of material:  material_4_4
		processing begun of material:  __Wood_Lumber_ButtJoined_3
		registered as also a user of material:  material_4_4
			processing texture Wood_Lumber_ButtJoined_3
				texture type:  diffuseTexture, mapped using: "ID441"
		processing begun of multimaterial:  pec.Multimaterial#5
		num positions      :  8
		num normals        :  8
		num tangents       :  0
		num uvs            :  16
		num uvs2           :  0
		num colors         :  0
		num triangles      :  4
	processing begun of mesh:  SketchUp.009
		processing begun of material:  material_4_4
		registered as also a user of material:  material_4_4
		num positions      :  8
		num normals        :  8
		num tangents       :  0
		num uvs            :  16
		num uvs2           :  0
		num colors         :  0
		num triangles      :  4
	processing begun of mesh:  SketchUp.010
		processing begun of material:  material_4_4
		registered as also a user of material:  material_4_4
		num positions      :  8
		num normals        :  8
		num tangents       :  0
		num uvs            :  16
		num uvs2           :  0
		num colors         :  0
		num triangles      :  4
	processing begun of mesh:  SketchUp.011
		processing begun of material:  Cladding_Stucco_White_2
		processing begun of material:  material_4_4
		registered as also a user of material:  Cladding_Stucco_White_2
		registered as also a user of material:  material_4_4
		processing begun of multimaterial:  pec.Multimaterial#6
		num positions      :  375
		num normals        :  375
		num tangents       :  0
		num uvs            :  750
		num uvs2           :  0
		num colors         :  0
		num triangles      :  206
	processing begun of mesh:  SketchUp.012
		processing begun of material:  Cladding_Stucco_White_2
		processing begun of material:  material_4_4
		registered as also a user of material:  Cladding_Stucco_White_2
		registered as also a user of material:  material_4_4
		processing begun of multimaterial:  pec.Multimaterial#7
		num positions      :  1030
		num normals        :  1030
		num tangents       :  0
		num uvs            :  2060
		num uvs2           :  0
		num colors         :  0
		num triangles      :  548
	processing begun of mesh:  SketchUp.013
		processing begun of material:  Cladding_Stucco_White_2
		registered as also a user of material:  Cladding_Stucco_White_2
		num positions      :  104
		num normals        :  104
		num tangents       :  0
		num uvs            :  208
		num uvs2           :  0
		num colors         :  0
		num triangles      :  52
	processing begun of mesh:  SketchUp.014
		processing begun of material:  Cladding_Stucco_White_2
		registered as also a user of material:  Cladding_Stucco_White_2
		num positions      :  16
		num normals        :  16
		num tangents       :  0
		num uvs            :  32
		num uvs2           :  0
		num colors         :  0
		num triangles      :  8
	processing begun of mesh:  SketchUp.015
		processing begun of material:  Cladding_Stucco_White_2
		registered as also a user of material:  Cladding_Stucco_White_2
		num positions      :  32
		num normals        :  32
		num tangents       :  0
		num uvs            :  64
		num uvs2           :  0
		num colors         :  0
		num triangles      :  16
	processing begun of mesh:  SketchUp.016
		processing begun of material:  __auto_1
		processing begun of material:  __auto_
		processing begun of multimaterial:  pec.Multimaterial#8
		num positions      :  8
		num normals        :  8
		num tangents       :  0
		num uvs            :  0
		num uvs2           :  0
		num colors         :  0
		num triangles      :  4
	processing begun of mesh:  SketchUp.017
		processing begun of material:  material_4_4
		processing begun of material:  __auto_
		registered as also a user of material:  material_4_4
		registered as also a user of material:  __auto_
		processing begun of multimaterial:  pec.Multimaterial#9
		num positions      :  34
		num normals        :  34
		num tangents       :  0
		num uvs            :  68
		num uvs2           :  0
		num colors         :  0
		num triangles      :  18
	processing begun of mesh:  SketchUp.018
		processing begun of material:  __auto_1
		processing begun of material:  __auto_
		registered as also a user of material:  __auto_1
		registered as also a user of material:  __auto_
		processing begun of multimaterial:  pec.Multimaterial#10
		num positions      :  16
		num normals        :  16
		num tangents       :  0
		num uvs            :  0
		num uvs2           :  0
		num colors         :  0
		num triangles      :  8
	processing begun of mesh:  SketchUp.019
		processing begun of material:  Cladding_Stucco_White_2
		registered as also a user of material:  Cladding_Stucco_White_2
		num positions      :  31
		num normals        :  31
		num tangents       :  0
		num uvs            :  62
		num uvs2           :  0
		num colors         :  0
		num triangles      :  14
	processing begun of mesh:  SketchUp.020
		processing begun of material:  Cladding_Stucco_White_2
		processing begun of material:  __Wood_Lumber_ButtJoined_3
		registered as also a user of material:  Cladding_Stucco_White_2
		registered as also a user of material:  __Wood_Lumber_ButtJoined_3
		processing begun of multimaterial:  pec.Multimaterial#11
		num positions      :  8
		num normals        :  8
		num tangents       :  0
		num uvs            :  16
		num uvs2           :  0
		num colors         :  0
		num triangles      :  4
	processing begun of mesh:  SketchUp.021
		processing begun of material:  Cladding_Stucco_White_2
		registered as also a user of material:  Cladding_Stucco_White_2
		num positions      :  8
		num normals        :  8
		num tangents       :  0
		num uvs            :  16
		num uvs2           :  0
		num colors         :  0
		num triangles      :  4
	processing begun of mesh:  SketchUp.022
		processing begun of material:  material_4_4
		registered as also a user of material:  material_4_4
		num positions      :  16
		num normals        :  16
		num tangents       :  0
		num uvs            :  32
		num uvs2           :  0
		num colors         :  0
		num triangles      :  8
	processing begun of mesh:  SketchUp.023
		processing begun of material:  material_4_4
		registered as also a user of material:  material_4_4
		num positions      :  42
		num normals        :  42
		num tangents       :  0
		num uvs            :  84
		num uvs2           :  0
		num colors         :  0
		num triangles      :  30
	processing begun of mesh:  SketchUp.024
		processing begun of material:  Cladding_Stucco_White_2
		processing begun of material:  __Wood_Lumber_ButtJoined_3
		registered as also a user of material:  Cladding_Stucco_White_2
		registered as also a user of material:  __Wood_Lumber_ButtJoined_3
		processing begun of multimaterial:  pec.Multimaterial#12
		num positions      :  8
		num normals        :  8
		num tangents       :  0
		num uvs            :  16
		num uvs2           :  0
		num colors         :  0
		num triangles      :  4
	processing begun of mesh:  SketchUp.025
		processing begun of material:  Cladding_Stucco_White_2
		processing begun of material:  material_20
		registered as also a user of material:  Cladding_Stucco_White_2
			processing texture material_20
				texture type:  diffuseTexture, mapped using: "ID582"
		processing begun of multimaterial:  pec.Multimaterial#13
		num positions      :  8
		num normals        :  8
		num tangents       :  0
		num uvs            :  16
		num uvs2           :  0
		num colors         :  0
		num triangles      :  4
	processing begun of mesh:  SketchUp.026
		processing begun of material:  material_4_4
		processing begun of material:  material_20
		registered as also a user of material:  material_4_4
		registered as also a user of material:  material_20
		processing begun of multimaterial:  pec.Multimaterial#14
		num positions      :  8
		num normals        :  8
		num tangents       :  0
		num uvs            :  16
		num uvs2           :  0
		num colors         :  0
		num triangles      :  4
	processing begun of mesh:  SketchUp.027
		processing begun of material:  Cladding_Stucco_White_2
		registered as also a user of material:  Cladding_Stucco_White_2
		num positions      :  16
		num normals        :  16
		num tangents       :  0
		num uvs            :  32
		num uvs2           :  0
		num colors         :  0
		num triangles      :  8
	processing begun of mesh:  SketchUp.028
		processing begun of material:  Cladding_Stucco_White_2
		registered as also a user of material:  Cladding_Stucco_White_2
		num positions      :  16
		num normals        :  16
		num tangents       :  0
		num uvs            :  32
		num uvs2           :  0
		num colors         :  0
		num triangles      :  8
	processing begun of mesh:  SketchUp.029
		processing begun of material:  material_4_4
		processing begun of material:  __auto_
		registered as also a user of material:  material_4_4
		registered as also a user of material:  __auto_
		processing begun of multimaterial:  pec.Multimaterial#15
		num positions      :  34
		num normals        :  34
		num tangents       :  0
		num uvs            :  68
		num uvs2           :  0
		num colors         :  0
		num triangles      :  18
	processing begun of mesh:  SketchUp.030
		processing begun of material:  __auto_1
		processing begun of material:  __auto_
		registered as also a user of material:  __auto_1
		registered as also a user of material:  __auto_
		processing begun of multimaterial:  pec.Multimaterial#16
		num positions      :  8
		num normals        :  8
		num tangents       :  0
		num uvs            :  0
		num uvs2           :  0
		num colors         :  0
		num triangles      :  4
	processing begun of mesh:  SketchUp.031
		processing begun of material:  Cladding_Stucco_White_2
		registered as also a user of material:  Cladding_Stucco_White_2
		num positions      :  8
		num normals        :  8
		num tangents       :  0
		num uvs            :  16
		num uvs2           :  0
		num colors         :  0
		num triangles      :  4
	processing begun of mesh:  SketchUp.032
		processing begun of material:  material_4_4
		processing begun of material:  __auto_
		registered as also a user of material:  material_4_4
		registered as also a user of material:  __auto_
		processing begun of multimaterial:  pec.Multimaterial#17
		num positions      :  8
		num normals        :  8
		num tangents       :  0
		num uvs            :  16
		num uvs2           :  0
		num colors         :  0
		num triangles      :  4
	processing begun of mesh:  SketchUp.033
		processing begun of material:  material_4_4
		processing begun of material:  __auto_
		registered as also a user of material:  material_4_4
		registered as also a user of material:  __auto_
		processing begun of multimaterial:  pec.Multimaterial#18
		num positions      :  8
		num normals        :  8
		num tangents       :  0
		num uvs            :  16
		num uvs2           :  0
		num colors         :  0
		num triangles      :  4
	processing begun of mesh:  SketchUp.034
		processing begun of material:  material_4_4
		processing begun of material:  __auto_
		registered as also a user of material:  material_4_4
		registered as also a user of material:  __auto_
		processing begun of multimaterial:  pec.Multimaterial#19
		num positions      :  38
		num normals        :  38
		num tangents       :  0
		num uvs            :  76
		num uvs2           :  0
		num colors         :  0
		num triangles      :  22
	processing begun of mesh:  SketchUp.035
		processing begun of material:  Cladding_Stucco_White_2
		registered as also a user of material:  Cladding_Stucco_White_2
		num positions      :  8
		num normals        :  8
		num tangents       :  0
		num uvs            :  16
		num uvs2           :  0
		num colors         :  0
		num triangles      :  4
	processing begun of mesh:  SketchUp.036
		processing begun of material:  material_4_4
		processing begun of material:  __auto_
		registered as also a user of material:  material_4_4
		registered as also a user of material:  __auto_
		processing begun of multimaterial:  pec.Multimaterial#20
		num positions      :  8
		num normals        :  8
		num tangents       :  0
		num uvs            :  16
		num uvs2           :  0
		num colors         :  0
		num triangles      :  4
	processing begun of mesh:  SketchUp.037
		processing begun of material:  material_4_4
		processing begun of material:  material_20
		registered as also a user of material:  material_4_4
		registered as also a user of material:  material_20
		processing begun of multimaterial:  pec.Multimaterial#21
		num positions      :  8
		num normals        :  8
		num tangents       :  0
		num uvs            :  16
		num uvs2           :  0
		num colors         :  0
		num triangles      :  4
	processing begun of mesh:  SketchUp.038
		processing begun of material:  __auto_1
		processing begun of material:  __auto_
		registered as also a user of material:  __auto_1
		registered as also a user of material:  __auto_
		processing begun of multimaterial:  pec.Multimaterial#22
		num positions      :  14
		num normals        :  14
		num tangents       :  0
		num uvs            :  0
		num uvs2           :  0
		num colors         :  0
		num triangles      :  6
	processing begun of mesh:  SketchUp.039
		processing begun of material:  material_4_4
		processing begun of material:  __auto_
		registered as also a user of material:  material_4_4
		registered as also a user of material:  __auto_
		processing begun of multimaterial:  pec.Multimaterial#23
		num positions      :  10
		num normals        :  10
		num tangents       :  0
		num uvs            :  20
		num uvs2           :  0
		num colors         :  0
		num triangles      :  6
	processing begun of mesh:  SketchUp.040
		processing begun of material:  __auto_1
		processing begun of material:  material_20
		registered as also a user of material:  __auto_1
		registered as also a user of material:  material_20
		processing begun of multimaterial:  pec.Multimaterial#24
		num positions      :  8
		num normals        :  8
		num tangents       :  0
		num uvs            :  16
		num uvs2           :  0
		num colors         :  0
		num triangles      :  4
	processing begun of mesh:  SketchUp.041
		processing begun of material:  material_4_4
		processing begun of material:  __auto_
		registered as also a user of material:  material_4_4
		registered as also a user of material:  __auto_
		processing begun of multimaterial:  pec.Multimaterial#25
		num positions      :  8
		num normals        :  8
		num tangents       :  0
		num uvs            :  16
		num uvs2           :  0
		num colors         :  0
		num triangles      :  4
	processing begun of mesh:  SketchUp.042
		processing begun of material:  Cladding_Stucco_White_2
		processing begun of material:  material_20
		registered as also a user of material:  Cladding_Stucco_White_2
		registered as also a user of material:  material_20
		processing begun of multimaterial:  pec.Multimaterial#26
		num positions      :  8
		num normals        :  8
		num tangents       :  0
		num uvs            :  16
		num uvs2           :  0
		num colors         :  0
		num triangles      :  4
	processing begun of mesh:  SketchUp.043
		processing begun of material:  __auto_1
		processing begun of material:  __auto_
		registered as also a user of material:  __auto_1
		registered as also a user of material:  __auto_
		processing begun of multimaterial:  pec.Multimaterial#27
		num positions      :  16
		num normals        :  16
		num tangents       :  0
		num uvs            :  0
		num uvs2           :  0
		num colors         :  0
		num triangles      :  8
	processing begun of mesh:  SketchUp.044
		processing begun of material:  __Wood_Lumber_ButtJoined_1
		processing begun of material:  material_4_4
		registered as also a user of material:  __Wood_Lumber_ButtJoined_1
		registered as also a user of material:  material_4_4
		processing begun of multimaterial:  pec.Multimaterial#28
		num positions      :  22
		num normals        :  22
		num tangents       :  0
		num uvs            :  44
		num uvs2           :  0
		num colors         :  0
		num triangles      :  14
	processing begun of mesh:  SketchUp.045
		processing begun of material:  Cladding_Stucco_White_2
		processing begun of material:  material_20
		registered as also a user of material:  Cladding_Stucco_White_2
		registered as also a user of material:  material_20
		processing begun of multimaterial:  pec.Multimaterial#29
		num positions      :  8
		num normals        :  8
		num tangents       :  0
		num uvs            :  16
		num uvs2           :  0
		num colors         :  0
		num triangles      :  4
	processing begun of mesh:  SketchUp.046
		processing begun of material:  material_4_4
		registered as also a user of material:  material_4_4
		num positions      :  41
		num normals        :  41
		num tangents       :  0
		num uvs            :  82
		num uvs2           :  0
		num colors         :  0
		num triangles      :  24
	processing begun of mesh:  SketchUp.047
		processing begun of material:  Cladding_Stucco_White_2
		processing begun of material:  material_20
		registered as also a user of material:  Cladding_Stucco_White_2
		registered as also a user of material:  material_20
		processing begun of multimaterial:  pec.Multimaterial#30
		num positions      :  8
		num normals        :  8
		num tangents       :  0
		num uvs            :  16
		num uvs2           :  0
		num colors         :  0
		num triangles      :  4
	processing begun of mesh:  SketchUp.048
		processing begun of material:  Cladding_Stucco_White_2
		registered as also a user of material:  Cladding_Stucco_White_2
		num positions      :  12
		num normals        :  12
		num tangents       :  0
		num uvs            :  24
		num uvs2           :  0
		num colors         :  0
		num triangles      :  8
	processing begun of mesh:  SketchUp.049
		processing begun of material:  Cladding_Stucco_White_2
		processing begun of material:  material_20
		registered as also a user of material:  Cladding_Stucco_White_2
		registered as also a user of material:  material_20
		processing begun of multimaterial:  pec.Multimaterial#31
		num positions      :  8
		num normals        :  8
		num tangents       :  0
		num uvs            :  16
		num uvs2           :  0
		num colors         :  0
		num triangles      :  4
	processing begun of mesh:  SketchUp.050
		processing begun of material:  material_4_4
		registered as also a user of material:  material_4_4
		num positions      :  57
		num normals        :  57
		num tangents       :  0
		num uvs            :  114
		num uvs2           :  0
		num colors         :  0
		num triangles      :  42
	processing begun of mesh:  SketchUp.051
		processing begun of material:  Cladding_Stucco_White_2
		processing begun of material:  Wood_Lumber_ButtJoined_3
		registered as also a user of material:  Cladding_Stucco_White_2
		registered as also a user of material:  Wood_Lumber_ButtJoined_3
		processing begun of multimaterial:  pec.Multimaterial#32
		num positions      :  8
		num normals        :  8
		num tangents       :  0
		num uvs            :  16
		num uvs2           :  0
		num colors         :  0
		num triangles      :  4
	processing begun of mesh:  SketchUp.052
		processing begun of material:  Cladding_Stucco_White_2
		processing begun of material:  __Wood_Lumber_ButtJoined_1
		registered as also a user of material:  Cladding_Stucco_White_2
		registered as also a user of material:  __Wood_Lumber_ButtJoined_1
		processing begun of multimaterial:  pec.Multimaterial#33
		num positions      :  30
		num normals        :  30
		num tangents       :  0
		num uvs            :  60
		num uvs2           :  0
		num colors         :  0
		num triangles      :  18
	processing begun of mesh:  SketchUp.053
		processing begun of material:  Cladding_Stucco_White_2
		registered as also a user of material:  Cladding_Stucco_White_2
		num positions      :  10
		num normals        :  10
		num tangents       :  0
		num uvs            :  20
		num uvs2           :  0
		num colors         :  0
		num triangles      :  6
	processing begun of mesh:  SketchUp.054
		processing begun of material:  Cladding_Stucco_White_2
		processing begun of material:  Metal_Seamed
		registered as also a user of material:  Cladding_Stucco_White_2
			processing texture Metal_Seamed
				texture type:  diffuseTexture, mapped using: "ID818"
		processing begun of multimaterial:  pec.Multimaterial#34
		num positions      :  16
		num normals        :  16
		num tangents       :  0
		num uvs            :  32
		num uvs2           :  0
		num colors         :  0
		num triangles      :  8
	processing begun of mesh:  SketchUp.055
		processing begun of material:  Cladding_Stucco_White_2
		processing begun of material:  __Wood_Lumber_ButtJoined_1
		registered as also a user of material:  Cladding_Stucco_White_2
		registered as also a user of material:  __Wood_Lumber_ButtJoined_1
		processing begun of multimaterial:  pec.Multimaterial#35
		num positions      :  8
		num normals        :  8
		num tangents       :  0
		num uvs            :  16
		num uvs2           :  0
		num colors         :  0
		num triangles      :  4
	processing begun of mesh:  SketchUp.056
		processing begun of material:  Cladding_Stucco_White_2
		processing begun of material:  material_20
		registered as also a user of material:  Cladding_Stucco_White_2
		registered as also a user of material:  material_20
		processing begun of multimaterial:  pec.Multimaterial#36
		num positions      :  8
		num normals        :  8
		num tangents       :  0
		num uvs            :  16
		num uvs2           :  0
		num colors         :  0
		num triangles      :  4
	processing begun of mesh:  SketchUp.057
		processing begun of material:  Cladding_Stucco_White_2
		processing begun of material:  __Black_
		registered as also a user of material:  Cladding_Stucco_White_2
		registered as also a user of material:  __Black_
		processing begun of multimaterial:  pec.Multimaterial#37
		num positions      :  24
		num normals        :  24
		num tangents       :  0
		num uvs            :  48
		num uvs2           :  0
		num colors         :  0
		num triangles      :  12
	processing begun of mesh:  SketchUp.058
		processing begun of material:  Cladding_Stucco_White_2
		processing begun of material:  __Wood_Lumber_ButtJoined_1
		registered as also a user of material:  Cladding_Stucco_White_2
		registered as also a user of material:  __Wood_Lumber_ButtJoined_1
		processing begun of multimaterial:  pec.Multimaterial#38
		num positions      :  10
		num normals        :  10
		num tangents       :  0
		num uvs            :  20
		num uvs2           :  0
		num colors         :  0
		num triangles      :  6
	processing begun of mesh:  SketchUp.059
		processing begun of material:  __Wood_Lumber_ButtJoined_1
		processing begun of material:  material_20
		registered as also a user of material:  __Wood_Lumber_ButtJoined_1
		registered as also a user of material:  material_20
		processing begun of multimaterial:  pec.Multimaterial#39
		num positions      :  8
		num normals        :  8
		num tangents       :  0
		num uvs            :  16
		num uvs2           :  0
		num colors         :  0
		num triangles      :  4
	processing begun of mesh:  SketchUp.060
		processing begun of material:  material_4_4
		processing begun of material:  material_20
		registered as also a user of material:  material_4_4
		registered as also a user of material:  material_20
		processing begun of multimaterial:  pec.Multimaterial#40
		num positions      :  156
		num normals        :  156
		num tangents       :  0
		num uvs            :  312
		num uvs2           :  0
		num colors         :  0
		num triangles      :  84
	processing begun of mesh:  SketchUp.061
		processing begun of material:  Cladding_Stucco_White_2
		processing begun of material:  material_20
		registered as also a user of material:  Cladding_Stucco_White_2
		registered as also a user of material:  material_20
		processing begun of multimaterial:  pec.Multimaterial#41
		num positions      :  8
		num normals        :  8
		num tangents       :  0
		num uvs            :  16
		num uvs2           :  0
		num colors         :  0
		num triangles      :  4
	processing begun of mesh:  SketchUp.062
		processing begun of material:  material_4_4
		processing begun of material:  material_20
		registered as also a user of material:  material_4_4
		registered as also a user of material:  material_20
		processing begun of multimaterial:  pec.Multimaterial#42
		num positions      :  480
		num normals        :  480
		num tangents       :  0
		num uvs            :  960
		num uvs2           :  0
		num colors         :  0
		num triangles      :  240
	processing begun of mesh:  SketchUp.063
		processing begun of material:  Cladding_Stucco_White_2
		registered as also a user of material:  Cladding_Stucco_White_2
		num positions      :  88
		num normals        :  88
		num tangents       :  0
		num uvs            :  176
		num uvs2           :  0
		num colors         :  0
		num triangles      :  76
	processing begun of mesh:  SketchUp.140
		processing begun of material:  __Wood_Lumber_ButtJoined_1
		processing begun of material:  material_4_4
		registered as also a user of material:  __Wood_Lumber_ButtJoined_1
		registered as also a user of material:  material_4_4
		processing begun of multimaterial:  pec.Multimaterial#43
		num positions      :  31
		num normals        :  31
		num tangents       :  0
		num uvs            :  62
		num uvs2           :  0
		num colors         :  0
		num triangles      :  18
	processing begun of mesh:  SketchUp.141
		processing begun of material:  __auto_1
		processing begun of material:  __auto_
		registered as also a user of material:  __auto_1
		registered as also a user of material:  __auto_
		processing begun of multimaterial:  pec.Multimaterial#44
		num positions      :  18
		num normals        :  18
		num tangents       :  0
		num uvs            :  0
		num uvs2           :  0
		num colors         :  0
		num triangles      :  10
	processing begun of mesh:  SketchUp.142
		processing begun of material:  material_4_4
		processing begun of material:  __auto_
		registered as also a user of material:  material_4_4
		registered as also a user of material:  __auto_
		processing begun of multimaterial:  pec.Multimaterial#45
		num positions      :  36
		num normals        :  36
		num tangents       :  0
		num uvs            :  72
		num uvs2           :  0
		num colors         :  0
		num triangles      :  20
	processing begun of mesh:  SketchUp.143
		processing begun of material:  Cladding_Stucco_White_2
		processing begun of material:  __Wood_Lumber_ButtJoined_1
		registered as also a user of material:  Cladding_Stucco_White_2
		registered as also a user of material:  __Wood_Lumber_ButtJoined_1
		processing begun of multimaterial:  pec.Multimaterial#46
		num positions      :  8
		num normals        :  8
		num tangents       :  0
		num uvs            :  16
		num uvs2           :  0
		num colors         :  0
		num triangles      :  4
	processing begun of mesh:  SketchUp.144
		processing begun of material:  material_20
		registered as also a user of material:  material_20
		num positions      :  96
		num normals        :  96
		num tangents       :  0
		num uvs            :  192
		num uvs2           :  0
		num colors         :  0
		num triangles      :  92
	processing begun of mesh:  SketchUp.145
		processing begun of material:  __Wood_Lumber_ButtJoined_1
		processing begun of material:  material_4_4
		registered as also a user of material:  __Wood_Lumber_ButtJoined_1
		registered as also a user of material:  material_4_4
		processing begun of multimaterial:  pec.Multimaterial#47
		num positions      :  20
		num normals        :  20
		num tangents       :  0
		num uvs            :  40
		num uvs2           :  0
		num colors         :  0
		num triangles      :  16
	processing begun of mesh:  SketchUp.146
		processing begun of material:  __auto_
		processing begun of material:  material_20
		registered as also a user of material:  __auto_
		registered as also a user of material:  material_20
		processing begun of multimaterial:  pec.Multimaterial#48
		num positions      :  10
		num normals        :  10
		num tangents       :  0
		num uvs            :  20
		num uvs2           :  0
		num colors         :  0
		num triangles      :  6
	processing begun of mesh:  SketchUp.147
		processing begun of material:  material_4_4
		processing begun of material:  __auto_
		registered as also a user of material:  material_4_4
		registered as also a user of material:  __auto_
		processing begun of multimaterial:  pec.Multimaterial#49
		num positions      :  38
		num normals        :  38
		num tangents       :  0
		num uvs            :  76
		num uvs2           :  0
		num colors         :  0
		num triangles      :  22
	processing begun of mesh:  SketchUp.148
		processing begun of material:  __auto_
		processing begun of material:  material_20
		registered as also a user of material:  __auto_
		registered as also a user of material:  material_20
		processing begun of multimaterial:  pec.Multimaterial#50
		num positions      :  18
		num normals        :  18
		num tangents       :  0
		num uvs            :  36
		num uvs2           :  0
		num colors         :  0
		num triangles      :  10
	processing begun of mesh:  SketchUp.149
		processing begun of material:  material_4_4
		processing begun of material:  __auto_
		registered as also a user of material:  material_4_4
		registered as also a user of material:  __auto_
		processing begun of multimaterial:  pec.Multimaterial#51
		num positions      :  24
		num normals        :  24
		num tangents       :  0
		num uvs            :  48
		num uvs2           :  0
		num colors         :  0
		num triangles      :  16
	processing begun of mesh:  SketchUp.150
		processing begun of material:  material_4_4
		registered as also a user of material:  material_4_4
		num positions      :  15648
		num normals        :  15648
		num tangents       :  0
		num uvs            :  31296
		num uvs2           :  0
		num colors         :  0
		num triangles      :  8776
	processing begun of mesh:  SketchUp.151
		processing begun of material:  __auto_1
		processing begun of material:  __auto_
		registered as also a user of material:  __auto_1
		registered as also a user of material:  __auto_
		processing begun of multimaterial:  pec.Multimaterial#52
		num positions      :  8
		num normals        :  8
		num tangents       :  0
		num uvs            :  0
		num uvs2           :  0
		num colors         :  0
		num triangles      :  4
	processing begun of mesh:  SketchUp.152
		processing begun of material:  Cladding_Stucco_White_2
		processing begun of material:  material_20
		registered as also a user of material:  Cladding_Stucco_White_2
		registered as also a user of material:  material_20
		processing begun of multimaterial:  pec.Multimaterial#53
		num positions      :  14
		num normals        :  14
		num tangents       :  0
		num uvs            :  28
		num uvs2           :  0
		num colors         :  0
		num triangles      :  6
	processing begun of mesh:  SketchUp.153
		processing begun of material:  __auto_
		processing begun of material:  material_20
		registered as also a user of material:  __auto_
		registered as also a user of material:  material_20
		processing begun of multimaterial:  pec.Multimaterial#54
		num positions      :  10
		num normals        :  10
		num tangents       :  0
		num uvs            :  20
		num uvs2           :  0
		num colors         :  0
		num triangles      :  6
	processing begun of mesh:  SketchUp.154
		processing begun of material:  __auto_
		processing begun of material:  material_20
		registered as also a user of material:  __auto_
		registered as also a user of material:  material_20
		processing begun of multimaterial:  pec.Multimaterial#55
		num positions      :  10
		num normals        :  10
		num tangents       :  0
		num uvs            :  20
		num uvs2           :  0
		num colors         :  0
		num triangles      :  6
	processing begun of mesh:  SketchUp.155
		processing begun of material:  __auto_
		processing begun of material:  material_20
		registered as also a user of material:  __auto_
		registered as also a user of material:  material_20
		processing begun of multimaterial:  pec.Multimaterial#56
		num positions      :  8
		num normals        :  8
		num tangents       :  0
		num uvs            :  16
		num uvs2           :  0
		num colors         :  0
		num triangles      :  4
	processing begun of mesh:  SketchUp.156
		processing begun of material:  Cladding_Stucco_White_2
		processing begun of material:  material_20
		registered as also a user of material:  Cladding_Stucco_White_2
		registered as also a user of material:  material_20
		processing begun of multimaterial:  pec.Multimaterial#57
		num positions      :  8
		num normals        :  8
		num tangents       :  0
		num uvs            :  16
		num uvs2           :  0
		num colors         :  0
		num triangles      :  4
	processing begun of mesh:  SketchUp.157
		processing begun of material:  Cladding_Stucco_White_2
		registered as also a user of material:  Cladding_Stucco_White_2
		num positions      :  8
		num normals        :  8
		num tangents       :  0
		num uvs            :  16
		num uvs2           :  0
		num colors         :  0
		num triangles      :  4
	processing begun of mesh:  SketchUp.158
		processing begun of material:  Cladding_Stucco_White_2
		processing begun of material:  material_20
		registered as also a user of material:  Cladding_Stucco_White_2
		registered as also a user of material:  material_20
		processing begun of multimaterial:  pec.Multimaterial#58
		num positions      :  14
		num normals        :  14
		num tangents       :  0
		num uvs            :  28
		num uvs2           :  0
		num colors         :  0
		num triangles      :  6
	processing begun of mesh:  SketchUp.159
		processing begun of material:  Cladding_Stucco_White_2
		registered as also a user of material:  Cladding_Stucco_White_2
		num positions      :  119
		num normals        :  119
		num tangents       :  0
		num uvs            :  238
		num uvs2           :  0
		num colors         :  0
		num triangles      :  68
	processing begun of mesh:  SketchUp.160
		processing begun of material:  Cladding_Stucco_White_2
		registered as also a user of material:  Cladding_Stucco_White_2
		num positions      :  34
		num normals        :  34
		num tangents       :  0
		num uvs            :  68
		num uvs2           :  0
		num colors         :  0
		num triangles      :  16
	processing begun of mesh:  SketchUp.161
		processing begun of material:  Cladding_Stucco_White_2
		registered as also a user of material:  Cladding_Stucco_White_2
		num positions      :  36
		num normals        :  36
		num tangents       :  0
		num uvs            :  72
		num uvs2           :  0
		num colors         :  0
		num triangles      :  16
	processing begun of mesh:  SketchUp.162
		processing begun of material:  Color_M08
		processing begun of material:  Cladding_Stucco_White_2
		registered as also a user of material:  Cladding_Stucco_White_2
		processing begun of multimaterial:  pec.Multimaterial#59
		num positions      :  23
		num normals        :  23
		num tangents       :  0
		num uvs            :  46
		num uvs2           :  0
		num colors         :  0
		num triangles      :  10
	processing begun of mesh:  SketchUp.163
		processing begun of material:  Cladding_Stucco_White_2
		registered as also a user of material:  Cladding_Stucco_White_2
		num positions      :  8
		num normals        :  8
		num tangents       :  0
		num uvs            :  16
		num uvs2           :  0
		num colors         :  0
		num triangles      :  4
	processing begun of mesh:  SketchUp.164
		processing begun of material:  __Wood_Fence_2
			processing texture Wood_Fence_2
				texture type:  diffuseTexture, mapped using: "ID1091"
		num positions      :  8
		num normals        :  8
		num tangents       :  0
		num uvs            :  16
		num uvs2           :  0
		num colors         :  0
		num triangles      :  4
	processing begun of mesh:  SketchUp.165
		processing begun of material:  __Wood_Fence_2
		processing begun of material:  Modern_Siding
		registered as also a user of material:  __Wood_Fence_2
			processing texture Modern_Siding
				texture type:  diffuseTexture, mapped using: "ID1104"
		processing begun of multimaterial:  pec.Multimaterial#60
		num positions      :  94
		num normals        :  94
		num tangents       :  0
		num uvs            :  188
		num uvs2           :  0
		num colors         :  0
		num triangles      :  68
	processing begun of mesh:  SketchUp.166
		processing begun of material:  __Wood_Fence_2
		registered as also a user of material:  __Wood_Fence_2
		num positions      :  84
		num normals        :  84
		num tangents       :  0
		num uvs            :  168
		num uvs2           :  0
		num colors         :  0
		num triangles      :  44
	processing begun of mesh:  SketchUp.167
		processing begun of material:  Cladding_Stucco_White_2
		processing begun of material:  Modern_Siding
		registered as also a user of material:  Cladding_Stucco_White_2
		registered as also a user of material:  Modern_Siding
		processing begun of multimaterial:  pec.Multimaterial#61
		num positions      :  16
		num normals        :  16
		num tangents       :  0
		num uvs            :  32
		num uvs2           :  0
		num colors         :  0
		num triangles      :  8
	processing begun of mesh:  SketchUp.168
		processing begun of material:  __Wood_Fence_2
		registered as also a user of material:  __Wood_Fence_2
		num positions      :  8
		num normals        :  8
		num tangents       :  0
		num uvs            :  16
		num uvs2           :  0
		num colors         :  0
		num triangles      :  4
	processing begun of mesh:  SketchUp.169
		processing begun of material:  Cladding_Stucco_White_2
		processing begun of material:  Modern_Siding
		registered as also a user of material:  Cladding_Stucco_White_2
		registered as also a user of material:  Modern_Siding
		processing begun of multimaterial:  pec.Multimaterial#62
		num positions      :  8
		num normals        :  8
		num tangents       :  0
		num uvs            :  16
		num uvs2           :  0
		num colors         :  0
		num triangles      :  4
	processing begun of mesh:  SketchUp.170
		processing begun of material:  Wood_Lumber_ButtJoined_3
		registered as also a user of material:  Wood_Lumber_ButtJoined_3
		num positions      :  6
		num normals        :  6
		num tangents       :  0
		num uvs            :  12
		num uvs2           :  0
		num colors         :  0
		num triangles      :  2
	processing begun of mesh:  SketchUp.171
		processing begun of material:  Formica_Laminate_Dark_0
		processing begun of material:  Cladding_Stucco_White_2
			processing texture Formica_Laminate_Dark_0
				texture type:  diffuseTexture, mapped using: "ID1152"
		registered as also a user of material:  Cladding_Stucco_White_2
		processing begun of multimaterial:  pec.Multimaterial#63
		num positions      :  40
		num normals        :  40
		num tangents       :  0
		num uvs            :  80
		num uvs2           :  0
		num colors         :  0
		num triangles      :  20
	processing begun of mesh:  SketchUp.172
		processing begun of material:  __Wood_Lumber_ButtJoined_1
		processing begun of material:  __Wood_Fence_2
		registered as also a user of material:  __Wood_Lumber_ButtJoined_1
		registered as also a user of material:  __Wood_Fence_2
		processing begun of multimaterial:  pec.Multimaterial#64
		num positions      :  18
		num normals        :  18
		num tangents       :  0
		num uvs            :  36
		num uvs2           :  0
		num colors         :  0
		num triangles      :  10
	processing begun of mesh:  SketchUp.173
		processing begun of material:  __Wood_Lumber_ButtJoined_1
		processing begun of material:  material_20
		registered as also a user of material:  __Wood_Lumber_ButtJoined_1
		registered as also a user of material:  material_20
		processing begun of multimaterial:  pec.Multimaterial#65
		num positions      :  19
		num normals        :  19
		num tangents       :  0
		num uvs            :  38
		num uvs2           :  0
		num colors         :  0
		num triangles      :  8
	processing begun of mesh:  SketchUp.174
		processing begun of material:  __Wood_Lumber_ButtJoined_1
		processing begun of material:  __Wood_Fence_2
		registered as also a user of material:  __Wood_Lumber_ButtJoined_1
		registered as also a user of material:  __Wood_Fence_2
		processing begun of multimaterial:  pec.Multimaterial#66
		num positions      :  18
		num normals        :  18
		num tangents       :  0
		num uvs            :  36
		num uvs2           :  0
		num colors         :  0
		num triangles      :  10
	processing begun of mesh:  SketchUp.175
		processing begun of material:  material_4_4
		processing begun of material:  __Wood_Fence_2
		registered as also a user of material:  material_4_4
		registered as also a user of material:  __Wood_Fence_2
		processing begun of multimaterial:  pec.Multimaterial#67
		num positions      :  8
		num normals        :  8
		num tangents       :  0
		num uvs            :  16
		num uvs2           :  0
		num colors         :  0
		num triangles      :  4
	processing begun of mesh:  SketchUp.176
		processing begun of material:  material_4_4
		processing begun of material:  __Wood_Fence_2
		registered as also a user of material:  material_4_4
		registered as also a user of material:  __Wood_Fence_2
		processing begun of multimaterial:  pec.Multimaterial#68
		num positions      :  8
		num normals        :  8
		num tangents       :  0
		num uvs            :  16
		num uvs2           :  0
		num colors         :  0
		num triangles      :  4
	processing begun of mesh:  SketchUp.177
		processing begun of material:  __Wood_Lumber_ButtJoined_1
		processing begun of material:  __Wood_Fence_2
		registered as also a user of material:  __Wood_Lumber_ButtJoined_1
		registered as also a user of material:  __Wood_Fence_2
		processing begun of multimaterial:  pec.Multimaterial#69
		num positions      :  8
		num normals        :  8
		num tangents       :  0
		num uvs            :  16
		num uvs2           :  0
		num colors         :  0
		num triangles      :  4
	processing begun of mesh:  SketchUp.178
		processing begun of material:  material_4_4
		processing begun of material:  __Wood_Fence_2
		registered as also a user of material:  material_4_4
		registered as also a user of material:  __Wood_Fence_2
		processing begun of multimaterial:  pec.Multimaterial#70
		num positions      :  8
		num normals        :  8
		num tangents       :  0
		num uvs            :  16
		num uvs2           :  0
		num colors         :  0
		num triangles      :  4
	processing begun of mesh:  SketchUp.179
		processing begun of material:  Cladding_Stucco_White_2
		registered as also a user of material:  Cladding_Stucco_White_2
		num positions      :  53
		num normals        :  53
		num tangents       :  0
		num uvs            :  106
		num uvs2           :  0
		num colors         :  0
		num triangles      :  44
	processing begun of mesh:  SketchUp.180
		processing begun of material:  Cladding_Stucco_White_2
		registered as also a user of material:  Cladding_Stucco_White_2
		num positions      :  48
		num normals        :  48
		num tangents       :  0
		num uvs            :  96
		num uvs2           :  0
		num colors         :  0
		num triangles      :  44
	processing begun of mesh:  SketchUp.181
		processing begun of material:  Cladding_Stucco_White_2
		processing begun of material:  Crushed_Rock_Gravel
		registered as also a user of material:  Cladding_Stucco_White_2
			processing texture Crushed_Rock_Gravel
				texture type:  diffuseTexture, mapped using: "ID1237"
		processing begun of multimaterial:  pec.Multimaterial#71
		num positions      :  8
		num normals        :  8
		num tangents       :  0
		num uvs            :  16
		num uvs2           :  0
		num colors         :  0
		num triangles      :  4
	processing begun of mesh:  SketchUp.182
		processing begun of material:  Cladding_Stucco_White_2
		processing begun of material:  Granite_Dark_Gray
		registered as also a user of material:  Cladding_Stucco_White_2
		registered as also a user of material:  Granite_Dark_Gray
		processing begun of multimaterial:  pec.Multimaterial#72
		num positions      :  21
		num normals        :  21
		num tangents       :  0
		num uvs            :  42
		num uvs2           :  0
		num colors         :  0
		num triangles      :  10
	processing begun of mesh:  SketchUp.183
		processing begun of material:  Cladding_Stucco_White_2
		processing begun of material:  Location_Snapshot
		registered as also a user of material:  Cladding_Stucco_White_2
			processing texture Location_Snapshot
				texture type:  diffuseTexture, mapped using: "ID1258"
		processing begun of multimaterial:  pec.Multimaterial#73
		num positions      :  8
		num normals        :  8
		num tangents       :  0
		num uvs            :  16
		num uvs2           :  0
		num colors         :  0
		num triangles      :  4
	processing begun of mesh:  SketchUp.184
		processing begun of material:  __Wood_Lumber_ButtJoined_1
		processing begun of material:  material_4_4
		registered as also a user of material:  __Wood_Lumber_ButtJoined_1
		registered as also a user of material:  material_4_4
		processing begun of multimaterial:  pec.Multimaterial#74
		num positions      :  10
		num normals        :  10
		num tangents       :  0
		num uvs            :  20
		num uvs2           :  0
		num colors         :  0
		num triangles      :  6
	processing begun of mesh:  SketchUp.185
		processing begun of material:  material_4_4
		registered as also a user of material:  material_4_4
		num positions      :  8
		num normals        :  8
		num tangents       :  0
		num uvs            :  16
		num uvs2           :  0
		num colors         :  0
		num triangles      :  4
	processing begun of mesh:  SketchUp.186
		processing begun of material:  Cladding_Stucco_White_2
		processing begun of material:  Granite_Dark_Gray
		registered as also a user of material:  Cladding_Stucco_White_2
		registered as also a user of material:  Granite_Dark_Gray
		processing begun of multimaterial:  pec.Multimaterial#75
		num positions      :  20
		num normals        :  20
		num tangents       :  0
		num uvs            :  40
		num uvs2           :  0
		num colors         :  0
		num triangles      :  16
	processing begun of mesh:  SketchUp.187
		processing begun of material:  Granite_Dark_Gray
		registered as also a user of material:  Granite_Dark_Gray
		num positions      :  77
		num normals        :  77
		num tangents       :  0
		num uvs            :  154
		num uvs2           :  0
		num colors         :  0
		num triangles      :  56
	processing begun of mesh:  SketchUp.188
		processing begun of material:  Modern_Siding
		processing begun of material:  material
		registered as also a user of material:  Modern_Siding
		processing begun of multimaterial:  pec.Multimaterial#76
		num positions      :  18
		num normals        :  18
		num tangents       :  0
		num uvs            :  36
		num uvs2           :  0
		num colors         :  0
		num triangles      :  8
	processing begun of mesh:  SketchUp.189
		processing begun of material:  Cladding_Stucco_White_2
		processing begun of material:  __Wood_Fence_2
		registered as also a user of material:  Cladding_Stucco_White_2
		registered as also a user of material:  __Wood_Fence_2
		processing begun of multimaterial:  pec.Multimaterial#77
		num positions      :  10
		num normals        :  10
		num tangents       :  0
		num uvs            :  20
		num uvs2           :  0
		num colors         :  0
		num triangles      :  6
	processing begun of mesh:  SketchUp.190
		processing begun of material:  Cladding_Stucco_White_2
		processing begun of material:  __Gray6_
		registered as also a user of material:  Cladding_Stucco_White_2
		processing begun of multimaterial:  pec.Multimaterial#78
		num positions      :  18
		num normals        :  18
		num tangents       :  0
		num uvs            :  36
		num uvs2           :  0
		num colors         :  0
		num triangles      :  8
	processing begun of mesh:  SketchUp.191
		processing begun of material:  Cladding_Stucco_White_2
		processing begun of material:  Crushed_Rock_Gravel
		registered as also a user of material:  Cladding_Stucco_White_2
		registered as also a user of material:  Crushed_Rock_Gravel
		processing begun of multimaterial:  pec.Multimaterial#79
		num positions      :  24
		num normals        :  24
		num tangents       :  0
		num uvs            :  48
		num uvs2           :  0
		num colors         :  0
		num triangles      :  12
	processing begun of mesh:  SketchUp.192
		processing begun of material:  Cladding_Stucco_White_2
		processing begun of material:  __Gray6_
		registered as also a user of material:  Cladding_Stucco_White_2
		registered as also a user of material:  __Gray6_
		processing begun of multimaterial:  pec.Multimaterial#80
		num positions      :  16
		num normals        :  16
		num tangents       :  0
		num uvs            :  32
		num uvs2           :  0
		num colors         :  0
		num triangles      :  12
	processing begun of mesh:  SketchUp.193
		processing begun of material:  Granite_Dark_Gray
		processing begun of material:  Crushed_Rock_Gravel
		registered as also a user of material:  Granite_Dark_Gray
		registered as also a user of material:  Crushed_Rock_Gravel
		processing begun of multimaterial:  pec.Multimaterial#81
		num positions      :  16
		num normals        :  16
		num tangents       :  0
		num uvs            :  32
		num uvs2           :  0
		num colors         :  0
		num triangles      :  12
	processing begun of mesh:  SketchUp.194
		processing begun of material:  material
		processing begun of material:  material_5
		registered as also a user of material:  material
		processing begun of multimaterial:  pec.Multimaterial#82
		num positions      :  36
		num normals        :  36
		num tangents       :  0
		num uvs            :  0
		num uvs2           :  0
		num colors         :  0
		num triangles      :  12
	processing begun of mesh:  SketchUp.195
		processing begun of material:  Cladding_Stucco_White_2
		processing begun of material:  material_20
		registered as also a user of material:  Cladding_Stucco_White_2
		registered as also a user of material:  material_20
		processing begun of multimaterial:  pec.Multimaterial#83
		num positions      :  8
		num normals        :  8
		num tangents       :  0
		num uvs            :  16
		num uvs2           :  0
		num colors         :  0
		num triangles      :  4
	processing begun of mesh:  SketchUp.196
		processing begun of material:  Cladding_Stucco_White_2
		processing begun of material:  material_20
		registered as also a user of material:  Cladding_Stucco_White_2
		registered as also a user of material:  material_20
		processing begun of multimaterial:  pec.Multimaterial#84
		num positions      :  8
		num normals        :  8
		num tangents       :  0
		num uvs            :  16
		num uvs2           :  0
		num colors         :  0
		num triangles      :  4
	processing begun of mesh:  SketchUp.197
		processing begun of material:  Cladding_Stucco_White_2
		processing begun of material:  material_20
		registered as also a user of material:  Cladding_Stucco_White_2
		registered as also a user of material:  material_20
		processing begun of multimaterial:  pec.Multimaterial#85
		num positions      :  8
		num normals        :  8
		num tangents       :  0
		num uvs            :  16
		num uvs2           :  0
		num colors         :  0
		num triangles      :  4
	processing begun of mesh:  SketchUp.198
		processing begun of material:  Cladding_Stucco_White_2
		processing begun of material:  material_20
		registered as also a user of material:  Cladding_Stucco_White_2
		registered as also a user of material:  material_20
		processing begun of multimaterial:  pec.Multimaterial#86
		num positions      :  8
		num normals        :  8
		num tangents       :  0
		num uvs            :  16
		num uvs2           :  0
		num colors         :  0
		num triangles      :  4
	processing begun of mesh:  SketchUp.199
		processing begun of material:  Cladding_Stucco_White_2
		processing begun of material:  material_20
		registered as also a user of material:  Cladding_Stucco_White_2
		registered as also a user of material:  material_20
		processing begun of multimaterial:  pec.Multimaterial#87
		num positions      :  8
		num normals        :  8
		num tangents       :  0
		num uvs            :  16
		num uvs2           :  0
		num colors         :  0
		num triangles      :  4
	processing begun of mesh:  SketchUp.200
		processing begun of material:  Cladding_Stucco_White_2
		processing begun of material:  material_20
		registered as also a user of material:  Cladding_Stucco_White_2
		registered as also a user of material:  material_20
		processing begun of multimaterial:  pec.Multimaterial#88
		num positions      :  8
		num normals        :  8
		num tangents       :  0
		num uvs            :  16
		num uvs2           :  0
		num colors         :  0
		num triangles      :  4
	processing begun of mesh:  SketchUp.201
		processing begun of material:  Cladding_Stucco_White_2
		processing begun of material:  material_20
		registered as also a user of material:  Cladding_Stucco_White_2
		registered as also a user of material:  material_20
		processing begun of multimaterial:  pec.Multimaterial#89
		num positions      :  8
		num normals        :  8
		num tangents       :  0
		num uvs            :  16
		num uvs2           :  0
		num colors         :  0
		num triangles      :  4
	processing begun of mesh:  SketchUp.202
		processing begun of material:  Cladding_Stucco_White_2
		processing begun of material:  material_20
		registered as also a user of material:  Cladding_Stucco_White_2
		registered as also a user of material:  material_20
		processing begun of multimaterial:  pec.Multimaterial#90
		num positions      :  8
		num normals        :  8
		num tangents       :  0
		num uvs            :  16
		num uvs2           :  0
		num colors         :  0
		num triangles      :  4
	processing begun of mesh:  SketchUp.203
		processing begun of material:  Cladding_Stucco_White_2
		processing begun of material:  material_20
		registered as also a user of material:  Cladding_Stucco_White_2
		registered as also a user of material:  material_20
		processing begun of multimaterial:  pec.Multimaterial#91
		num positions      :  8
		num normals        :  8
		num tangents       :  0
		num uvs            :  16
		num uvs2           :  0
		num colors         :  0
		num triangles      :  4
	processing begun of mesh:  SketchUp.204
		processing begun of material:  material_4_4
		registered as also a user of material:  material_4_4
		num positions      :  1678
		num normals        :  1678
		num tangents       :  0
		num uvs            :  3356
		num uvs2           :  0
		num colors         :  0
		num triangles      :  972
	processing begun of mesh:  SketchUp.205
		processing begun of material:  material_4_4
		registered as also a user of material:  material_4_4
		num positions      :  1670
		num normals        :  1670
		num tangents       :  0
		num uvs            :  3340
		num uvs2           :  0
		num colors         :  0
		num triangles      :  972
	processing begun of mesh:  SketchUp.206
		processing begun of material:  material_4_4
		registered as also a user of material:  material_4_4
		num positions      :  1691
		num normals        :  1691
		num tangents       :  0
		num uvs            :  3382
		num uvs2           :  0
		num colors         :  0
		num triangles      :  972
	processing begun of mesh:  SketchUp.207
		processing begun of material:  material_4_4
		registered as also a user of material:  material_4_4
		num positions      :  1738
		num normals        :  1738
		num tangents       :  0
		num uvs            :  3476
		num uvs2           :  0
		num colors         :  0
		num triangles      :  972
	processing begun of mesh:  SketchUp.208
		processing begun of material:  material_4_4
		registered as also a user of material:  material_4_4
		num positions      :  1743
		num normals        :  1743
		num tangents       :  0
		num uvs            :  3486
		num uvs2           :  0
		num colors         :  0
		num triangles      :  972
	processing begun of mesh:  SketchUp.209
		processing begun of material:  material_4_4
		registered as also a user of material:  material_4_4
		num positions      :  1768
		num normals        :  1768
		num tangents       :  0
		num uvs            :  3536
		num uvs2           :  0
		num colors         :  0
		num triangles      :  972
	processing begun of mesh:  SketchUp.210
		processing begun of material:  material_4_4
		registered as also a user of material:  material_4_4
		num positions      :  1752
		num normals        :  1752
		num tangents       :  0
		num uvs            :  3504
		num uvs2           :  0
		num colors         :  0
		num triangles      :  972
	processing begun of mesh:  SketchUp.211
		processing begun of material:  material_4_4
		registered as also a user of material:  material_4_4
		num positions      :  1758
		num normals        :  1758
		num tangents       :  0
		num uvs            :  3516
		num uvs2           :  0
		num colors         :  0
		num triangles      :  972
	processing begun of mesh:  SketchUp.212
		processing begun of material:  material_4_4
		registered as also a user of material:  material_4_4
		num positions      :  1738
		num normals        :  1738
		num tangents       :  0
		num uvs            :  3476
		num uvs2           :  0
		num colors         :  0
		num triangles      :  972
	processing begun of mesh:  SketchUp.213
		processing begun of material:  material_4_4
		registered as also a user of material:  material_4_4
		num positions      :  1732
		num normals        :  1732
		num tangents       :  0
		num uvs            :  3464
		num uvs2           :  0
		num colors         :  0
		num triangles      :  972
	processing begun of mesh:  SketchUp.214
		processing begun of material:  material_4_4
		registered as also a user of material:  material_4_4
		num positions      :  1761
		num normals        :  1761
		num tangents       :  0
		num uvs            :  3522
		num uvs2           :  0
		num colors         :  0
		num triangles      :  972
	processing begun of mesh:  SketchUp.215
		processing begun of material:  material_4_4
		registered as also a user of material:  material_4_4
		num positions      :  1740
		num normals        :  1740
		num tangents       :  0
		num uvs            :  3480
		num uvs2           :  0
		num colors         :  0
		num triangles      :  968
	processing begun of camera (UniversalCamera):  skp_camera_Last_Saved_SketchUp_View
	processing begun of mesh:  group_0
		processing begun of material:  Wood_Lumber_ButtJoined
			processing texture Wood_Lumber_ButtJoined
				texture type:  diffuseTexture, mapped using: "ID13"
		num positions      :  728
		num normals        :  728
		num tangents       :  0
		num uvs            :  1456
		num uvs2           :  0
		num colors         :  0
		num triangles      :  424
	processing begun of mesh:  group_1
		processing begun of material:  Wood_Lumber_ButtJoined
		registered as also a user of material:  Wood_Lumber_ButtJoined
		num positions      :  728
		num normals        :  728
		num tangents       :  0
		num uvs            :  1456
		num uvs2           :  0
		num colors         :  0
		num triangles      :  424
	processing begun of mesh:  group_2
		processing begun of material:  Cladding_Stucco_White
			processing texture Cladding_Stucco_White
				texture type:  diffuseTexture, mapped using: "ID36"
		num positions      :  122
		num normals        :  122
		num tangents       :  0
		num uvs            :  244
		num uvs2           :  0
		num colors         :  0
		num triangles      :  74
	processing begun of mesh:  group_3
		processing begun of material:  Metal_Aluminum_Anodized
			processing texture Metal_Aluminum_Anodized
				texture type:  diffuseTexture, mapped using: "ID94"
		num positions      :  2018
		num normals        :  2018
		num tangents       :  0
		num uvs            :  4036
		num uvs2           :  0
		num colors         :  0
		num triangles      :  764
	processing begun of mesh:  group_4
		processing begun of material:  Metal_Aluminum_Anodized
		processing begun of material:  __auto_2
		registered as also a user of material:  Metal_Aluminum_Anodized
		processing begun of multimaterial:  pec.Multimaterial#92
		num positions      :  48
		num normals        :  48
		num tangents       :  0
		num uvs            :  96
		num uvs2           :  0
		num colors         :  0
		num triangles      :  28
	processing begun of mesh:  instance_0
		processing begun of material:  Vegetation_Bark_Maple
		processing begun of material:  Metal_Aluminum_Anodized
			processing texture Vegetation_Bark_Maple
				texture type:  diffuseTexture, mapped using: "ID53"
		registered as also a user of material:  Metal_Aluminum_Anodized
		processing begun of multimaterial:  pec.Multimaterial#93
		num positions      :  11410
		num normals        :  11410
		num tangents       :  0
		num uvs            :  22820
		num uvs2           :  0
		num colors         :  0
		num triangles      :  4080
	processing begun of mesh:  group_5
		processing begun of material:  Metal_Aluminum_Anodized
		processing begun of material:  __auto_2
		registered as also a user of material:  Metal_Aluminum_Anodized
		registered as also a user of material:  __auto_2
		processing begun of multimaterial:  pec.Multimaterial#94
		num positions      :  335
		num normals        :  335
		num tangents       :  0
		num uvs            :  670
		num uvs2           :  0
		num colors         :  0
		num triangles      :  236
	processing begun of mesh:  group_6
		processing begun of material:  Metal_Aluminum_Anodized
		processing begun of material:  __auto_2
		registered as also a user of material:  Metal_Aluminum_Anodized
		registered as also a user of material:  __auto_2
		processing begun of multimaterial:  pec.Multimaterial#95
		num positions      :  335
		num normals        :  335
		num tangents       :  0
		num uvs            :  670
		num uvs2           :  0
		num colors         :  0
		num triangles      :  236
	processing begun of mesh:  group_7
		processing begun of material:  Metal_Aluminum_Anodized
		registered as also a user of material:  Metal_Aluminum_Anodized
		num positions      :  2018
		num normals        :  2018
		num tangents       :  0
		num uvs            :  4036
		num uvs2           :  0
		num colors         :  0
		num triangles      :  764
	processing begun of mesh:  group_4.001
		processing begun of material:  Metal_Aluminum_Anodized
		processing begun of material:  __auto_2
		registered as also a user of material:  Metal_Aluminum_Anodized
		registered as also a user of material:  __auto_2
		processing begun of multimaterial:  pec.Multimaterial#96
		num positions      :  48
		num normals        :  48
		num tangents       :  0
		num uvs            :  96
		num uvs2           :  0
		num colors         :  0
		num triangles      :  28
	processing begun of mesh:  instance_0.001
		mesh is an instance of :  instance_0.  Processing halted.
	processing begun of mesh:  group_5.001
		processing begun of material:  Metal_Aluminum_Anodized
		processing begun of material:  __auto_2
		registered as also a user of material:  Metal_Aluminum_Anodized
		registered as also a user of material:  __auto_2
		processing begun of multimaterial:  pec.Multimaterial#97
		num positions      :  335
		num normals        :  335
		num tangents       :  0
		num uvs            :  670
		num uvs2           :  0
		num colors         :  0
		num triangles      :  236
	processing begun of mesh:  group_6.001
		processing begun of material:  Metal_Aluminum_Anodized
		processing begun of material:  __auto_2
		registered as also a user of material:  Metal_Aluminum_Anodized
		registered as also a user of material:  __auto_2
		processing begun of multimaterial:  pec.Multimaterial#98
		num positions      :  335
		num normals        :  335
		num tangents       :  0
		num uvs            :  670
		num uvs2           :  0
		num colors         :  0
		num triangles      :  236
	processing begun of mesh:  group_8
		processing begun of material:  Wood_Lumber_ButtJoined
		registered as also a user of material:  Wood_Lumber_ButtJoined
		num positions      :  728
		num normals        :  728
		num tangents       :  0
		num uvs            :  1456
		num uvs2           :  0
		num colors         :  0
		num triangles      :  424
	processing begun of mesh:  group_9
		processing begun of material:  Wood_Lumber_ButtJoined
		registered as also a user of material:  Wood_Lumber_ButtJoined
		num positions      :  728
		num normals        :  728
		num tangents       :  0
		num uvs            :  1456
		num uvs2           :  0
		num colors         :  0
		num triangles      :  424
	processing begun of mesh:  group_10
		processing begun of material:  Cladding_Stucco_White
		processing begun of material:  Formica_Laminate_Dark_0
		registered as also a user of material:  Cladding_Stucco_White
		registered as also a user of material:  Formica_Laminate_Dark_0
		processing begun of multimaterial:  pec.Multimaterial#99
		num positions      :  56
		num normals        :  56
		num tangents       :  0
		num uvs            :  112
		num uvs2           :  0
		num colors         :  0
		num triangles      :  32
	processing begun of mesh:  group_11
		processing begun of material:  Formica_Laminate_Dark
			processing texture Formica_Laminate_Dark
				texture type:  diffuseTexture, mapped using: "ID174"
		num positions      :  48
		num normals        :  48
		num tangents       :  0
		num uvs            :  96
		num uvs2           :  0
		num colors         :  0
		num triangles      :  28
	processing begun of mesh:  instance_1
		processing begun of material:  Vegetation_Bark_Maple
		processing begun of material:  Formica_Laminate_Dark
		registered as also a user of material:  Vegetation_Bark_Maple
		registered as also a user of material:  Formica_Laminate_Dark
		processing begun of multimaterial:  pec.Multimaterial#100
		num positions      :  11410
		num normals        :  11410
		num tangents       :  0
		num uvs            :  22820
		num uvs2           :  0
		num colors         :  0
		num triangles      :  4080
	processing begun of mesh:  group_12
		processing begun of material:  Formica_Laminate_Dark
		registered as also a user of material:  Formica_Laminate_Dark
		num positions      :  48
		num normals        :  48
		num tangents       :  0
		num uvs            :  96
		num uvs2           :  0
		num colors         :  0
		num triangles      :  28
	processing begun of mesh:  instance_1.001
		mesh is an instance of :  instance_1.  Processing halted.
	processing begun of mesh:  group_13
		processing begun of material:  Cladding_Stucco_White
		processing begun of material:  __auto_2
		registered as also a user of material:  Cladding_Stucco_White
		registered as also a user of material:  __auto_2
		processing begun of multimaterial:  pec.Multimaterial#101
		num positions      :  48
		num normals        :  48
		num tangents       :  0
		num uvs            :  96
		num uvs2           :  0
		num colors         :  0
		num triangles      :  28
	processing begun of mesh:  instance_2
		processing begun of material:  Cladding_Stucco_White
		processing begun of material:  Vegetation_Bark_Maple
		registered as also a user of material:  Cladding_Stucco_White
		registered as also a user of material:  Vegetation_Bark_Maple
		processing begun of multimaterial:  pec.Multimaterial#102
		num positions      :  11410
		num normals        :  11410
		num tangents       :  0
		num uvs            :  22820
		num uvs2           :  0
		num colors         :  0
		num triangles      :  4080
	processing begun of mesh:  group_14
		processing begun of material:  Cladding_Stucco_White
		processing begun of material:  Formica_Laminate_Dark_0
		registered as also a user of material:  Cladding_Stucco_White
		registered as also a user of material:  Formica_Laminate_Dark_0
		processing begun of multimaterial:  pec.Multimaterial#103
		num positions      :  56
		num normals        :  56
		num tangents       :  0
		num uvs            :  112
		num uvs2           :  0
		num colors         :  0
		num triangles      :  32
	processing begun of mesh:  group_11.001
		processing begun of material:  Formica_Laminate_Dark
		registered as also a user of material:  Formica_Laminate_Dark
		num positions      :  48
		num normals        :  48
		num tangents       :  0
		num uvs            :  96
		num uvs2           :  0
		num colors         :  0
		num triangles      :  28
	processing begun of mesh:  instance_1.002
		mesh is an instance of :  instance_1.  Processing halted.
	processing begun of mesh:  group_15
		processing begun of material:  Cladding_Stucco_White
		processing begun of material:  Formica_Laminate_Dark_0
		registered as also a user of material:  Cladding_Stucco_White
		registered as also a user of material:  Formica_Laminate_Dark_0
		processing begun of multimaterial:  pec.Multimaterial#104
		num positions      :  56
		num normals        :  56
		num tangents       :  0
		num uvs            :  112
		num uvs2           :  0
		num colors         :  0
		num triangles      :  32
	processing begun of mesh:  group_11.002
		processing begun of material:  Formica_Laminate_Dark
		registered as also a user of material:  Formica_Laminate_Dark
		num positions      :  48
		num normals        :  48
		num tangents       :  0
		num uvs            :  96
		num uvs2           :  0
		num colors         :  0
		num triangles      :  28
	processing begun of mesh:  instance_1.003
		mesh is an instance of :  instance_1.  Processing halted.
	processing begun of mesh:  group_16
		processing begun of material:  Cladding_Stucco_White
		processing begun of material:  __auto_2
		registered as also a user of material:  Cladding_Stucco_White
		registered as also a user of material:  __auto_2
		processing begun of multimaterial:  pec.Multimaterial#105
		num positions      :  48
		num normals        :  48
		num tangents       :  0
		num uvs            :  96
		num uvs2           :  0
		num colors         :  0
		num triangles      :  28
	processing begun of mesh:  instance_3
		mesh is an instance of :  instance_2.  Processing halted.
	processing begun of mesh:  group_17
		processing begun of material:  Wood_Square_Tile_02
			processing texture Wood_Square_Tile_02
				texture type:  diffuseTexture, mapped using: "ID296"
		num positions      :  90
		num normals        :  90
		num tangents       :  0
		num uvs            :  180
		num uvs2           :  0
		num colors         :  0
		num triangles      :  70
	processing begun of mesh:  group_17.001
		processing begun of material:  Wood_Square_Tile_02
		processing begun of material:  Wood_Square_Tile_02_1
		registered as also a user of material:  Wood_Square_Tile_02
			processing texture Wood_Square_Tile_02_1
				texture type:  diffuseTexture, mapped using: "ID309"
		processing begun of multimaterial:  pec.Multimaterial#106
		num positions      :  10
		num normals        :  10
		num tangents       :  0
		num uvs            :  20
		num uvs2           :  0
		num colors         :  0
		num triangles      :  6
	processing begun of mesh:  group_17.002
		processing begun of material:  Wood_Square_Tile_02
		processing begun of material:  Color_M08
		registered as also a user of material:  Wood_Square_Tile_02
		registered as also a user of material:  Color_M08
		processing begun of multimaterial:  pec.Multimaterial#107
		num positions      :  8
		num normals        :  8
		num tangents       :  0
		num uvs            :  16
		num uvs2           :  0
		num colors         :  0
		num triangles      :  4
	processing begun of mesh:  group_17.003
		processing begun of material:  Wood_Square_Tile_02
		registered as also a user of material:  Wood_Square_Tile_02
		num positions      :  32
		num normals        :  32
		num tangents       :  0
		num uvs            :  64
		num uvs2           :  0
		num colors         :  0
		num triangles      :  16
	processing begun of mesh:  group_18
		processing begun of material:  Formica_Laminate_Dark
		processing begun of material:  Formica_Laminate_Dark_0
		registered as also a user of material:  Formica_Laminate_Dark
		registered as also a user of material:  Formica_Laminate_Dark_0
		processing begun of multimaterial:  pec.Multimaterial#108
		num positions      :  40
		num normals        :  40
		num tangents       :  0
		num uvs            :  80
		num uvs2           :  0
		num colors         :  0
		num triangles      :  20
	processing begun of mesh:  group_19
		processing begun of material:  Formica_Laminate_Dark
		processing begun of material:  Formica_Laminate_Dark_0
		registered as also a user of material:  Formica_Laminate_Dark
		registered as also a user of material:  Formica_Laminate_Dark_0
		processing begun of multimaterial:  pec.Multimaterial#109
		num positions      :  40
		num normals        :  40
		num tangents       :  0
		num uvs            :  80
		num uvs2           :  0
		num colors         :  0
		num triangles      :  20
	processing begun of node:  instance_4
	processing begun of mesh:  instance_5
		processing begun of material:  material_4
			processing texture material_4
				texture type:  diffuseTexture, mapped using: "ID344"
		num positions      :  238
		num normals        :  238
		num tangents       :  0
		num uvs            :  476
		num uvs2           :  0
		num colors         :  0
		num triangles      :  234
	processing begun of mesh:  instance_6
		mesh is an instance of :  instance_5.  Processing halted.
	processing begun of light (POINT):  Light
========= Writing of JSON file started =========
	writing mesh:  SketchUp
	writing mesh:  SketchUp.001
	writing mesh:  SketchUp.002
	writing mesh:  SketchUp.003
	writing mesh:  SketchUp.004
	writing mesh:  SketchUp.005
	writing mesh:  SketchUp.006
	writing mesh:  SketchUp.007
	writing mesh:  SketchUp.008
	writing mesh:  SketchUp.009
	writing mesh:  SketchUp.010
	writing mesh:  SketchUp.011
	writing mesh:  SketchUp.012
	writing mesh:  SketchUp.013
	writing mesh:  SketchUp.014
	writing mesh:  SketchUp.015
	writing mesh:  SketchUp.016
	writing mesh:  SketchUp.017
	writing mesh:  SketchUp.018
	writing mesh:  SketchUp.019
	writing mesh:  SketchUp.020
	writing mesh:  SketchUp.021
	writing mesh:  SketchUp.022
	writing mesh:  SketchUp.023
	writing mesh:  SketchUp.024
	writing mesh:  SketchUp.025
	writing mesh:  SketchUp.026
	writing mesh:  SketchUp.027
	writing mesh:  SketchUp.028
	writing mesh:  SketchUp.029
	writing mesh:  SketchUp.030
	writing mesh:  SketchUp.031
	writing mesh:  SketchUp.032
	writing mesh:  SketchUp.033
	writing mesh:  SketchUp.034
	writing mesh:  SketchUp.035
	writing mesh:  SketchUp.036
	writing mesh:  SketchUp.037
	writing mesh:  SketchUp.038
	writing mesh:  SketchUp.039
	writing mesh:  SketchUp.040
	writing mesh:  SketchUp.041
	writing mesh:  SketchUp.042
	writing mesh:  SketchUp.043
	writing mesh:  SketchUp.044
	writing mesh:  SketchUp.045
	writing mesh:  SketchUp.046
	writing mesh:  SketchUp.047
	writing mesh:  SketchUp.048
	writing mesh:  SketchUp.049
	writing mesh:  SketchUp.050
	writing mesh:  SketchUp.051
	writing mesh:  SketchUp.052
	writing mesh:  SketchUp.053
	writing mesh:  SketchUp.054
	writing mesh:  SketchUp.055
	writing mesh:  SketchUp.056
	writing mesh:  SketchUp.057
	writing mesh:  SketchUp.058
	writing mesh:  SketchUp.059
	writing mesh:  SketchUp.060
	writing mesh:  SketchUp.061
	writing mesh:  SketchUp.062
	writing mesh:  SketchUp.063
	writing mesh:  SketchUp.140
	writing mesh:  SketchUp.141
	writing mesh:  SketchUp.142
	writing mesh:  SketchUp.143
	writing mesh:  SketchUp.144
	writing mesh:  SketchUp.145
	writing mesh:  SketchUp.146
	writing mesh:  SketchUp.147
	writing mesh:  SketchUp.148
	writing mesh:  SketchUp.149
	writing mesh:  SketchUp.150
	writing mesh:  SketchUp.151
	writing mesh:  SketchUp.152
	writing mesh:  SketchUp.153
	writing mesh:  SketchUp.154
	writing mesh:  SketchUp.155
	writing mesh:  SketchUp.156
	writing mesh:  SketchUp.157
	writing mesh:  SketchUp.158
	writing mesh:  SketchUp.159
	writing mesh:  SketchUp.160
	writing mesh:  SketchUp.161
	writing mesh:  SketchUp.162
	writing mesh:  SketchUp.163
	writing mesh:  SketchUp.164
	writing mesh:  SketchUp.165
	writing mesh:  SketchUp.166
	writing mesh:  SketchUp.167
	writing mesh:  SketchUp.168
	writing mesh:  SketchUp.169
	writing mesh:  SketchUp.170
	writing mesh:  SketchUp.171
	writing mesh:  SketchUp.172
	writing mesh:  SketchUp.173
	writing mesh:  SketchUp.174
	writing mesh:  SketchUp.175
	writing mesh:  SketchUp.176
	writing mesh:  SketchUp.177
	writing mesh:  SketchUp.178
	writing mesh:  SketchUp.179
	writing mesh:  SketchUp.180
	writing mesh:  SketchUp.181
	writing mesh:  SketchUp.182
	writing mesh:  SketchUp.183
	writing mesh:  SketchUp.184
	writing mesh:  SketchUp.185
	writing mesh:  SketchUp.186
	writing mesh:  SketchUp.187
	writing mesh:  SketchUp.188
	writing mesh:  SketchUp.189
	writing mesh:  SketchUp.190
	writing mesh:  SketchUp.191
	writing mesh:  SketchUp.192
	writing mesh:  SketchUp.193
	writing mesh:  SketchUp.194
	writing mesh:  SketchUp.195
	writing mesh:  SketchUp.196
	writing mesh:  SketchUp.197
	writing mesh:  SketchUp.198
	writing mesh:  SketchUp.199
	writing mesh:  SketchUp.200
	writing mesh:  SketchUp.201
	writing mesh:  SketchUp.202
	writing mesh:  SketchUp.203
	writing mesh:  SketchUp.204
	writing mesh:  SketchUp.205
	writing mesh:  SketchUp.206
	writing mesh:  SketchUp.207
	writing mesh:  SketchUp.208
	writing mesh:  SketchUp.209
	writing mesh:  SketchUp.210
	writing mesh:  SketchUp.211
	writing mesh:  SketchUp.212
	writing mesh:  SketchUp.213
	writing mesh:  SketchUp.214
	writing mesh:  SketchUp.215
	writing mesh:  group_0
	writing mesh:  group_1
	writing mesh:  group_2
	writing mesh:  group_3
	writing mesh:  group_4
	writing mesh:  instance_0
	writing mesh:  group_5
	writing mesh:  group_6
	writing mesh:  group_7
	writing mesh:  group_4.001
	writing mesh:  group_5.001
	writing mesh:  group_6.001
	writing mesh:  group_8
	writing mesh:  group_9
	writing mesh:  group_10
	writing mesh:  group_11
	writing mesh:  instance_1
	writing mesh:  group_12
	writing mesh:  group_13
	writing mesh:  instance_2
	writing mesh:  group_14
	writing mesh:  group_11.001
	writing mesh:  group_15
	writing mesh:  group_11.002
	writing mesh:  group_16
	writing mesh:  group_17
	writing mesh:  group_17.001
	writing mesh:  group_17.002
	writing mesh:  group_17.003
	writing mesh:  group_18
	writing mesh:  group_19
	writing mesh:  instance_5
========= Writing of JSON file completed =========
========= end of processing =========
elapsed time:  0 min, 2.5003 secs
