Exporter version: 2.80.1, Blender version: 2.80 (sub 75)
========= Conversion from Blender to Babylon.js =========
	Scene settings used :
		Inline textures     :  false
		Material Type       :  PBR
		Positions Precision :  4
		Normals Precision   :  3
		UVs Precision       :  3
		Vert Color Precision:  3
		Mat Weight Precision:  2
		Keep Z-up r-handed  :  no
		Texture directory   :  C:\Users\frommeltova\Documents\Model\model\mlyn_verze_10\babylon_casti\
	Python World class constructor completed
	processing begun of camera (UniversalCamera):  Camera
	processing begun of mesh:  SketchUp
		processing begun of material:  Cladding_Stucco_White
			processing texture Cladding_Stucco_White
				texture type:  diffuseTexture, mapped using: "ID12"
		num positions      :  2462
		num normals        :  2462
		num tangents       :  0
		num uvs            :  4924
		num uvs2           :  0
		num colors         :  0
		num triangles      :  980
	processing begun of mesh:  SketchUp.001
		processing begun of material:  Cladding_Stucco_White
		processing begun of material:  __Wood_Lumber_ButtJoined_5
		registered as also a user of material:  Cladding_Stucco_White
		processing begun of multimaterial:  podlahy_pud.Multimaterial#0
		num positions      :  12
		num normals        :  12
		num tangents       :  0
		num uvs            :  24
		num uvs2           :  0
		num colors         :  0
		num triangles      :  4
	processing begun of mesh:  SketchUp.002
		processing begun of material:  Cladding_Stucco_White
		processing begun of material:  __Wood_Lumber_ButtJoined_5
		registered as also a user of material:  Cladding_Stucco_White
		registered as also a user of material:  __Wood_Lumber_ButtJoined_5
		processing begun of multimaterial:  podlahy_pud.Multimaterial#1
		num positions      :  6
		num normals        :  6
		num tangents       :  0
		num uvs            :  12
		num uvs2           :  0
		num colors         :  0
		num triangles      :  2
	processing begun of mesh:  SketchUp.003
		processing begun of material:  __Wood_Lumber_ButtJoined_5
		registered as also a user of material:  __Wood_Lumber_ButtJoined_5
		num positions      :  108
		num normals        :  108
		num tangents       :  0
		num uvs            :  0
		num uvs2           :  0
		num colors         :  0
		num triangles      :  56
	processing begun of mesh:  SketchUp.004
		processing begun of material:  Cladding_Stucco_White
		registered as also a user of material:  Cladding_Stucco_White
		num positions      :  6
		num normals        :  6
		num tangents       :  0
		num uvs            :  12
		num uvs2           :  0
		num colors         :  0
		num triangles      :  2
	processing begun of mesh:  SketchUp.005
		processing begun of material:  Cladding_Stucco_White
		processing begun of material:  __Wood_Lumber_ButtJoined_5
		registered as also a user of material:  Cladding_Stucco_White
		registered as also a user of material:  __Wood_Lumber_ButtJoined_5
		processing begun of multimaterial:  podlahy_pud.Multimaterial#2
		num positions      :  565
		num normals        :  565
		num tangents       :  0
		num uvs            :  1130
		num uvs2           :  0
		num colors         :  0
		num triangles      :  264
	processing begun of mesh:  SketchUp.006
		processing begun of material:  Cladding_Stucco_White
		registered as also a user of material:  Cladding_Stucco_White
		num positions      :  35
		num normals        :  35
		num tangents       :  0
		num uvs            :  70
		num uvs2           :  0
		num colors         :  0
		num triangles      :  14
	processing begun of mesh:  SketchUp.007
		processing begun of material:  Cladding_Stucco_White
		registered as also a user of material:  Cladding_Stucco_White
		num positions      :  126
		num normals        :  126
		num tangents       :  0
		num uvs            :  252
		num uvs2           :  0
		num colors         :  0
		num triangles      :  56
	processing begun of mesh:  SketchUp.008
		processing begun of material:  Cladding_Stucco_White
		registered as also a user of material:  Cladding_Stucco_White
		num positions      :  20
		num normals        :  20
		num tangents       :  0
		num uvs            :  40
		num uvs2           :  0
		num colors         :  0
		num triangles      :  8
	processing begun of mesh:  SketchUp.009
		processing begun of material:  Cladding_Stucco_White
		registered as also a user of material:  Cladding_Stucco_White
		num positions      :  50
		num normals        :  50
		num tangents       :  0
		num uvs            :  100
		num uvs2           :  0
		num colors         :  0
		num triangles      :  18
	processing begun of mesh:  SketchUp.010
		processing begun of material:  Cladding_Stucco_White
		registered as also a user of material:  Cladding_Stucco_White
		num positions      :  8
		num normals        :  8
		num tangents       :  0
		num uvs            :  16
		num uvs2           :  0
		num colors         :  0
		num triangles      :  4
	processing begun of mesh:  SketchUp.011
		processing begun of material:  Cladding_Stucco_White
		processing begun of material:  material_20
		registered as also a user of material:  Cladding_Stucco_White
			processing texture material_20
				texture type:  diffuseTexture, mapped using: "ID105"
		processing begun of multimaterial:  podlahy_pud.Multimaterial#3
		num positions      :  46
		num normals        :  46
		num tangents       :  0
		num uvs            :  92
		num uvs2           :  0
		num colors         :  0
		num triangles      :  16
	processing begun of mesh:  SketchUp.012
		processing begun of material:  material_20
		processing begun of material:  __Wood_Fence_2
		registered as also a user of material:  material_20
			processing texture Wood_Fence_2
				texture type:  diffuseTexture, mapped using: "ID118"
		processing begun of multimaterial:  podlahy_pud.Multimaterial#4
		num positions      :  12
		num normals        :  12
		num tangents       :  0
		num uvs            :  24
		num uvs2           :  0
		num colors         :  0
		num triangles      :  8
	processing begun of mesh:  SketchUp.013
		processing begun of material:  Cladding_Stucco_White
		processing begun of material:  __Wood_Lumber_ButtJoined_5
		registered as also a user of material:  Cladding_Stucco_White
		registered as also a user of material:  __Wood_Lumber_ButtJoined_5
		processing begun of multimaterial:  podlahy_pud.Multimaterial#5
		num positions      :  255
		num normals        :  255
		num tangents       :  0
		num uvs            :  510
		num uvs2           :  0
		num colors         :  0
		num triangles      :  110
	processing begun of mesh:  SketchUp.014
		processing begun of material:  Cladding_Stucco_White
		processing begun of material:  Modern_Siding
		registered as also a user of material:  Cladding_Stucco_White
			processing texture Modern_Siding
				texture type:  diffuseTexture, mapped using: "ID139"
		processing begun of multimaterial:  podlahy_pud.Multimaterial#6
		num positions      :  16
		num normals        :  16
		num tangents       :  0
		num uvs            :  32
		num uvs2           :  0
		num colors         :  0
		num triangles      :  12
	processing begun of mesh:  SketchUp.015
		processing begun of material:  Cladding_Stucco_White
		processing begun of material:  __Wood_Lumber_ButtJoined_4
		registered as also a user of material:  Cladding_Stucco_White
			processing texture Wood_Lumber_ButtJoined_4
				texture type:  diffuseTexture, mapped using: "ID152"
		processing begun of multimaterial:  podlahy_pud.Multimaterial#7
		num positions      :  6
		num normals        :  6
		num tangents       :  0
		num uvs            :  12
		num uvs2           :  0
		num colors         :  0
		num triangles      :  2
	processing begun of mesh:  SketchUp.016
		processing begun of material:  Cladding_Stucco_White
		registered as also a user of material:  Cladding_Stucco_White
		num positions      :  8
		num normals        :  8
		num tangents       :  0
		num uvs            :  16
		num uvs2           :  0
		num colors         :  0
		num triangles      :  4
	processing begun of mesh:  SketchUp.017
		processing begun of material:  Cladding_Stucco_White
		registered as also a user of material:  Cladding_Stucco_White
		num positions      :  8
		num normals        :  8
		num tangents       :  0
		num uvs            :  16
		num uvs2           :  0
		num colors         :  0
		num triangles      :  4
	processing begun of mesh:  SketchUp.018
		processing begun of material:  Cladding_Stucco_White
		processing begun of material:  __Wood_Lumber_ButtJoined_4
		registered as also a user of material:  Cladding_Stucco_White
		registered as also a user of material:  __Wood_Lumber_ButtJoined_4
		processing begun of multimaterial:  podlahy_pud.Multimaterial#8
		num positions      :  175
		num normals        :  175
		num tangents       :  0
		num uvs            :  350
		num uvs2           :  0
		num colors         :  0
		num triangles      :  96
	processing begun of mesh:  SketchUp.019
		processing begun of material:  Cladding_Stucco_White
		processing begun of material:  __Wood_Lumber_ButtJoined_4
		registered as also a user of material:  Cladding_Stucco_White
		registered as also a user of material:  __Wood_Lumber_ButtJoined_4
		processing begun of multimaterial:  podlahy_pud.Multimaterial#9
		num positions      :  8
		num normals        :  8
		num tangents       :  0
		num uvs            :  16
		num uvs2           :  0
		num colors         :  0
		num triangles      :  4
	processing begun of mesh:  SketchUp.020
		processing begun of material:  __Wood_Lumber_ButtJoined_5
		processing begun of material:  __Wood_Lumber_ButtJoined_4
		registered as also a user of material:  __Wood_Lumber_ButtJoined_5
		registered as also a user of material:  __Wood_Lumber_ButtJoined_4
		processing begun of multimaterial:  podlahy_pud.Multimaterial#10
		num positions      :  284
		num normals        :  284
		num tangents       :  0
		num uvs            :  568
		num uvs2           :  0
		num colors         :  0
		num triangles      :  140
	processing begun of mesh:  SketchUp.021
		processing begun of material:  Cladding_Stucco_White
		processing begun of material:  __Wood_Lumber_ButtJoined_4
		registered as also a user of material:  Cladding_Stucco_White
		registered as also a user of material:  __Wood_Lumber_ButtJoined_4
		processing begun of multimaterial:  podlahy_pud.Multimaterial#11
		num positions      :  6
		num normals        :  6
		num tangents       :  0
		num uvs            :  12
		num uvs2           :  0
		num colors         :  0
		num triangles      :  2
	processing begun of mesh:  SketchUp.022
		processing begun of material:  Cladding_Stucco_White
		processing begun of material:  __Wood_Lumber_ButtJoined_5
		registered as also a user of material:  Cladding_Stucco_White
		registered as also a user of material:  __Wood_Lumber_ButtJoined_5
		processing begun of multimaterial:  podlahy_pud.Multimaterial#12
		num positions      :  26
		num normals        :  26
		num tangents       :  0
		num uvs            :  52
		num uvs2           :  0
		num colors         :  0
		num triangles      :  14
	processing begun of mesh:  SketchUp.023
		processing begun of material:  material
		processing begun of material:  material_0
		processing begun of multimaterial:  podlahy_pud.Multimaterial#13
		num positions      :  79
		num normals        :  79
		num tangents       :  0
		num uvs            :  0
		num uvs2           :  0
		num colors         :  0
		num triangles      :  36
	processing begun of mesh:  SketchUp.024
		processing begun of material:  Cladding_Stucco_White
		processing begun of material:  __Wood_Lumber_ButtJoined_5
		registered as also a user of material:  Cladding_Stucco_White
		registered as also a user of material:  __Wood_Lumber_ButtJoined_5
		processing begun of multimaterial:  podlahy_pud.Multimaterial#14
		num positions      :  55
		num normals        :  55
		num tangents       :  0
		num uvs            :  110
		num uvs2           :  0
		num colors         :  0
		num triangles      :  34
	processing begun of mesh:  SketchUp.025
		processing begun of material:  Cladding_Stucco_White
		registered as also a user of material:  Cladding_Stucco_White
		num positions      :  24
		num normals        :  24
		num tangents       :  0
		num uvs            :  48
		num uvs2           :  0
		num colors         :  0
		num triangles      :  12
	processing begun of mesh:  SketchUp.026
		processing begun of material:  Cladding_Stucco_White
		registered as also a user of material:  Cladding_Stucco_White
		num positions      :  8
		num normals        :  8
		num tangents       :  0
		num uvs            :  16
		num uvs2           :  0
		num colors         :  0
		num triangles      :  4
	processing begun of mesh:  SketchUp.027
		processing begun of material:  Cladding_Stucco_White
		processing begun of material:  __Wood_Lumber_ButtJoined_5
		registered as also a user of material:  Cladding_Stucco_White
		registered as also a user of material:  __Wood_Lumber_ButtJoined_5
		processing begun of multimaterial:  podlahy_pud.Multimaterial#15
		num positions      :  1016
		num normals        :  1016
		num tangents       :  0
		num uvs            :  2032
		num uvs2           :  0
		num colors         :  0
		num triangles      :  390
	processing begun of mesh:  SketchUp.028
		processing begun of material:  Cladding_Stucco_White
		processing begun of material:  __Wood_Lumber_ButtJoined_5
		registered as also a user of material:  Cladding_Stucco_White
		registered as also a user of material:  __Wood_Lumber_ButtJoined_5
		processing begun of multimaterial:  podlahy_pud.Multimaterial#16
		num positions      :  28
		num normals        :  28
		num tangents       :  0
		num uvs            :  56
		num uvs2           :  0
		num colors         :  0
		num triangles      :  12
	processing begun of mesh:  SketchUp.029
		processing begun of material:  Cladding_Stucco_White
		registered as also a user of material:  Cladding_Stucco_White
		num positions      :  38
		num normals        :  38
		num tangents       :  0
		num uvs            :  76
		num uvs2           :  0
		num colors         :  0
		num triangles      :  14
	processing begun of mesh:  SketchUp.030
		processing begun of material:  Cladding_Stucco_White
		registered as also a user of material:  Cladding_Stucco_White
		num positions      :  12
		num normals        :  12
		num tangents       :  0
		num uvs            :  24
		num uvs2           :  0
		num colors         :  0
		num triangles      :  4
	processing begun of mesh:  SketchUp.031
		processing begun of material:  Cladding_Stucco_White
		processing begun of material:  __Wood_Lumber_ButtJoined_5
		registered as also a user of material:  Cladding_Stucco_White
		registered as also a user of material:  __Wood_Lumber_ButtJoined_5
		processing begun of multimaterial:  podlahy_pud.Multimaterial#17
		num positions      :  68
		num normals        :  68
		num tangents       :  0
		num uvs            :  136
		num uvs2           :  0
		num colors         :  0
		num triangles      :  30
	processing begun of mesh:  SketchUp.032
		processing begun of material:  Cladding_Stucco_White
		processing begun of material:  __Wood_Lumber_ButtJoined_5
		registered as also a user of material:  Cladding_Stucco_White
		registered as also a user of material:  __Wood_Lumber_ButtJoined_5
		processing begun of multimaterial:  podlahy_pud.Multimaterial#18
		num positions      :  6
		num normals        :  6
		num tangents       :  0
		num uvs            :  12
		num uvs2           :  0
		num colors         :  0
		num triangles      :  2
	processing begun of mesh:  SketchUp.033
		processing begun of material:  Cladding_Stucco_White
		registered as also a user of material:  Cladding_Stucco_White
		num positions      :  6
		num normals        :  6
		num tangents       :  0
		num uvs            :  12
		num uvs2           :  0
		num colors         :  0
		num triangles      :  2
	processing begun of mesh:  SketchUp.034
		processing begun of material:  Cladding_Stucco_White
		registered as also a user of material:  Cladding_Stucco_White
		num positions      :  12
		num normals        :  12
		num tangents       :  0
		num uvs            :  24
		num uvs2           :  0
		num colors         :  0
		num triangles      :  4
	processing begun of mesh:  SketchUp.035
		processing begun of material:  Cladding_Stucco_White
		registered as also a user of material:  Cladding_Stucco_White
		num positions      :  6
		num normals        :  6
		num tangents       :  0
		num uvs            :  12
		num uvs2           :  0
		num colors         :  0
		num triangles      :  2
	processing begun of mesh:  SketchUp.036
		processing begun of material:  Cladding_Stucco_White
		registered as also a user of material:  Cladding_Stucco_White
		num positions      :  12
		num normals        :  12
		num tangents       :  0
		num uvs            :  24
		num uvs2           :  0
		num colors         :  0
		num triangles      :  4
	processing begun of mesh:  SketchUp.037
		processing begun of material:  Cladding_Stucco_White
		processing begun of material:  __Wood_Lumber_ButtJoined_5
		registered as also a user of material:  Cladding_Stucco_White
		registered as also a user of material:  __Wood_Lumber_ButtJoined_5
		processing begun of multimaterial:  podlahy_pud.Multimaterial#19
		num positions      :  6
		num normals        :  6
		num tangents       :  0
		num uvs            :  12
		num uvs2           :  0
		num colors         :  0
		num triangles      :  2
	processing begun of mesh:  SketchUp.038
		processing begun of material:  material_20
		processing begun of material:  Modern_Siding
		registered as also a user of material:  material_20
		registered as also a user of material:  Modern_Siding
		processing begun of multimaterial:  podlahy_pud.Multimaterial#20
		num positions      :  8
		num normals        :  8
		num tangents       :  0
		num uvs            :  16
		num uvs2           :  0
		num colors         :  0
		num triangles      :  4
	processing begun of mesh:  SketchUp.039
		processing begun of material:  Cladding_Stucco_White
		registered as also a user of material:  Cladding_Stucco_White
		num positions      :  6
		num normals        :  6
		num tangents       :  0
		num uvs            :  12
		num uvs2           :  0
		num colors         :  0
		num triangles      :  2
	processing begun of mesh:  SketchUp.040
		processing begun of material:  Cladding_Stucco_White
		registered as also a user of material:  Cladding_Stucco_White
		num positions      :  21
		num normals        :  21
		num tangents       :  0
		num uvs            :  42
		num uvs2           :  0
		num colors         :  0
		num triangles      :  8
	processing begun of mesh:  SketchUp.041
		processing begun of material:  Cladding_Stucco_White
		processing begun of material:  __Wood_Lumber_ButtJoined_5
		registered as also a user of material:  Cladding_Stucco_White
		registered as also a user of material:  __Wood_Lumber_ButtJoined_5
		processing begun of multimaterial:  podlahy_pud.Multimaterial#21
		num positions      :  60
		num normals        :  60
		num tangents       :  0
		num uvs            :  120
		num uvs2           :  0
		num colors         :  0
		num triangles      :  48
	processing begun of mesh:  SketchUp.042
		processing begun of material:  Cladding_Stucco_White
		processing begun of material:  __Wood_Lumber_ButtJoined_5
		registered as also a user of material:  Cladding_Stucco_White
		registered as also a user of material:  __Wood_Lumber_ButtJoined_5
		processing begun of multimaterial:  podlahy_pud.Multimaterial#22
		num positions      :  40
		num normals        :  40
		num tangents       :  0
		num uvs            :  80
		num uvs2           :  0
		num colors         :  0
		num triangles      :  20
	processing begun of mesh:  SketchUp.043
		processing begun of material:  Cladding_Stucco_White
		registered as also a user of material:  Cladding_Stucco_White
		num positions      :  8
		num normals        :  8
		num tangents       :  0
		num uvs            :  16
		num uvs2           :  0
		num colors         :  0
		num triangles      :  4
	processing begun of mesh:  SketchUp.044
		processing begun of material:  Cladding_Stucco_White
		processing begun of material:  Wood_Lumber_ButtJoined
		registered as also a user of material:  Cladding_Stucco_White
			processing texture Wood_Lumber_ButtJoined
				texture type:  diffuseTexture, mapped using: "ID391"
		processing begun of multimaterial:  podlahy_pud.Multimaterial#23
		num positions      :  12
		num normals        :  12
		num tangents       :  0
		num uvs            :  24
		num uvs2           :  0
		num colors         :  0
		num triangles      :  4
	processing begun of mesh:  SketchUp.045
		processing begun of material:  Cladding_Stucco_White
		processing begun of material:  __Wood_Lumber_ButtJoined_5
		registered as also a user of material:  Cladding_Stucco_White
		registered as also a user of material:  __Wood_Lumber_ButtJoined_5
		processing begun of multimaterial:  podlahy_pud.Multimaterial#24
		num positions      :  8
		num normals        :  8
		num tangents       :  0
		num uvs            :  16
		num uvs2           :  0
		num colors         :  0
		num triangles      :  4
	processing begun of mesh:  SketchUp.046
		processing begun of material:  Cladding_Stucco_White
		registered as also a user of material:  Cladding_Stucco_White
		num positions      :  12
		num normals        :  12
		num tangents       :  0
		num uvs            :  24
		num uvs2           :  0
		num colors         :  0
		num triangles      :  4
	processing begun of mesh:  SketchUp.047
		processing begun of material:  Cladding_Stucco_White
		registered as also a user of material:  Cladding_Stucco_White
		num positions      :  12
		num normals        :  12
		num tangents       :  0
		num uvs            :  24
		num uvs2           :  0
		num colors         :  0
		num triangles      :  4
	processing begun of mesh:  SketchUp.048
		processing begun of material:  Cladding_Stucco_White
		registered as also a user of material:  Cladding_Stucco_White
		num positions      :  6
		num normals        :  6
		num tangents       :  0
		num uvs            :  12
		num uvs2           :  0
		num colors         :  0
		num triangles      :  2
	processing begun of mesh:  SketchUp.049
		processing begun of material:  Cladding_Stucco_White
		registered as also a user of material:  Cladding_Stucco_White
		num positions      :  12
		num normals        :  12
		num tangents       :  0
		num uvs            :  24
		num uvs2           :  0
		num colors         :  0
		num triangles      :  4
	processing begun of mesh:  SketchUp.050
		processing begun of material:  Cladding_Stucco_White
		processing begun of material:  Wood_Lumber_ButtJoined
		registered as also a user of material:  Cladding_Stucco_White
		registered as also a user of material:  Wood_Lumber_ButtJoined
		processing begun of multimaterial:  podlahy_pud.Multimaterial#25
		num positions      :  8
		num normals        :  8
		num tangents       :  0
		num uvs            :  16
		num uvs2           :  0
		num colors         :  0
		num triangles      :  4
	processing begun of mesh:  SketchUp.051
		processing begun of material:  Cladding_Stucco_White
		processing begun of material:  __Wood_Lumber_ButtJoined_5
		registered as also a user of material:  Cladding_Stucco_White
		registered as also a user of material:  __Wood_Lumber_ButtJoined_5
		processing begun of multimaterial:  podlahy_pud.Multimaterial#26
		num positions      :  12
		num normals        :  12
		num tangents       :  0
		num uvs            :  24
		num uvs2           :  0
		num colors         :  0
		num triangles      :  8
	processing begun of mesh:  SketchUp.052
		processing begun of material:  __Wood_Lumber_ButtJoined_5
		processing begun of material:  material_0
		registered as also a user of material:  __Wood_Lumber_ButtJoined_5
		registered as also a user of material:  material_0
		processing begun of multimaterial:  podlahy_pud.Multimaterial#27
		num positions      :  23
		num normals        :  23
		num tangents       :  0
		num uvs            :  0
		num uvs2           :  0
		num colors         :  0
		num triangles      :  14
	processing begun of mesh:  SketchUp.053
		processing begun of material:  Cladding_Stucco_White
		processing begun of material:  __Wood_Lumber_ButtJoined_4
		registered as also a user of material:  Cladding_Stucco_White
		registered as also a user of material:  __Wood_Lumber_ButtJoined_4
		processing begun of multimaterial:  podlahy_pud.Multimaterial#28
		num positions      :  23
		num normals        :  23
		num tangents       :  0
		num uvs            :  46
		num uvs2           :  0
		num colors         :  0
		num triangles      :  10
	processing begun of mesh:  SketchUp.054
		processing begun of material:  __Wood_Lumber_ButtJoined_5
		processing begun of material:  __Wood_Lumber_ButtJoined_4
		registered as also a user of material:  __Wood_Lumber_ButtJoined_5
		registered as also a user of material:  __Wood_Lumber_ButtJoined_4
		processing begun of multimaterial:  podlahy_pud.Multimaterial#29
		num positions      :  8
		num normals        :  8
		num tangents       :  0
		num uvs            :  16
		num uvs2           :  0
		num colors         :  0
		num triangles      :  4
	processing begun of mesh:  SketchUp.055
		processing begun of material:  material
		processing begun of material:  material_0
		registered as also a user of material:  material
		registered as also a user of material:  material_0
		processing begun of multimaterial:  podlahy_pud.Multimaterial#30
		num positions      :  8
		num normals        :  8
		num tangents       :  0
		num uvs            :  0
		num uvs2           :  0
		num colors         :  0
		num triangles      :  4
	processing begun of mesh:  SketchUp.056
		processing begun of material:  __Wood_Lumber_ButtJoined_5
		processing begun of material:  material_0
		registered as also a user of material:  __Wood_Lumber_ButtJoined_5
		registered as also a user of material:  material_0
		processing begun of multimaterial:  podlahy_pud.Multimaterial#31
		num positions      :  16
		num normals        :  16
		num tangents       :  0
		num uvs            :  0
		num uvs2           :  0
		num colors         :  0
		num triangles      :  12
	processing begun of mesh:  SketchUp.057
		processing begun of material:  Cladding_Stucco_White
		processing begun of material:  __Wood_Lumber_ButtJoined_5
		registered as also a user of material:  Cladding_Stucco_White
		registered as also a user of material:  __Wood_Lumber_ButtJoined_5
		processing begun of multimaterial:  podlahy_pud.Multimaterial#32
		num positions      :  33
		num normals        :  33
		num tangents       :  0
		num uvs            :  66
		num uvs2           :  0
		num colors         :  0
		num triangles      :  24
	processing begun of mesh:  SketchUp.058
		processing begun of material:  __Wood_Lumber_ButtJoined_5
		registered as also a user of material:  __Wood_Lumber_ButtJoined_5
		num positions      :  23
		num normals        :  23
		num tangents       :  0
		num uvs            :  0
		num uvs2           :  0
		num colors         :  0
		num triangles      :  12
	processing begun of mesh:  SketchUp.059
		processing begun of material:  Cladding_Stucco_White
		processing begun of material:  __Wood_Lumber_ButtJoined_5
		registered as also a user of material:  Cladding_Stucco_White
		registered as also a user of material:  __Wood_Lumber_ButtJoined_5
		processing begun of multimaterial:  podlahy_pud.Multimaterial#33
		num positions      :  32
		num normals        :  32
		num tangents       :  0
		num uvs            :  64
		num uvs2           :  0
		num colors         :  0
		num triangles      :  18
	processing begun of mesh:  SketchUp.060
		processing begun of material:  Cladding_Stucco_White
		processing begun of material:  __Wood_Lumber_ButtJoined_5
		registered as also a user of material:  Cladding_Stucco_White
		registered as also a user of material:  __Wood_Lumber_ButtJoined_5
		processing begun of multimaterial:  podlahy_pud.Multimaterial#34
		num positions      :  12
		num normals        :  12
		num tangents       :  0
		num uvs            :  24
		num uvs2           :  0
		num colors         :  0
		num triangles      :  4
	processing begun of mesh:  SketchUp.061
		processing begun of material:  Cladding_Stucco_White
		processing begun of material:  __Wood_Lumber_ButtJoined_5
		registered as also a user of material:  Cladding_Stucco_White
		registered as also a user of material:  __Wood_Lumber_ButtJoined_5
		processing begun of multimaterial:  podlahy_pud.Multimaterial#35
		num positions      :  16
		num normals        :  16
		num tangents       :  0
		num uvs            :  32
		num uvs2           :  0
		num colors         :  0
		num triangles      :  12
	processing begun of mesh:  SketchUp.062
		processing begun of material:  Cladding_Stucco_White
		processing begun of material:  __Wood_Lumber_ButtJoined_5
		registered as also a user of material:  Cladding_Stucco_White
		registered as also a user of material:  __Wood_Lumber_ButtJoined_5
		processing begun of multimaterial:  podlahy_pud.Multimaterial#36
		num positions      :  18
		num normals        :  18
		num tangents       :  0
		num uvs            :  36
		num uvs2           :  0
		num colors         :  0
		num triangles      :  14
	processing begun of mesh:  SketchUp.063
		processing begun of material:  Cladding_Stucco_White
		registered as also a user of material:  Cladding_Stucco_White
		num positions      :  12
		num normals        :  12
		num tangents       :  0
		num uvs            :  24
		num uvs2           :  0
		num colors         :  0
		num triangles      :  4
	processing begun of mesh:  SketchUp.074
		processing begun of material:  Cladding_Stucco_White
		processing begun of material:  __Wood_Lumber_ButtJoined_4
		registered as also a user of material:  Cladding_Stucco_White
		registered as also a user of material:  __Wood_Lumber_ButtJoined_4
		processing begun of multimaterial:  podlahy_pud.Multimaterial#37
		num positions      :  6
		num normals        :  6
		num tangents       :  0
		num uvs            :  12
		num uvs2           :  0
		num colors         :  0
		num triangles      :  2
	processing begun of mesh:  SketchUp.075
		processing begun of material:  Cladding_Stucco_White
		processing begun of material:  __Wood_Lumber_ButtJoined_5
		registered as also a user of material:  Cladding_Stucco_White
		registered as also a user of material:  __Wood_Lumber_ButtJoined_5
		processing begun of multimaterial:  podlahy_pud.Multimaterial#38
		num positions      :  18
		num normals        :  18
		num tangents       :  0
		num uvs            :  36
		num uvs2           :  0
		num colors         :  0
		num triangles      :  6
	processing begun of mesh:  SketchUp.076
		processing begun of material:  Cladding_Stucco_White
		registered as also a user of material:  Cladding_Stucco_White
		num positions      :  12
		num normals        :  12
		num tangents       :  0
		num uvs            :  24
		num uvs2           :  0
		num colors         :  0
		num triangles      :  4
	processing begun of mesh:  SketchUp.077
		processing begun of material:  Cladding_Stucco_White
		processing begun of material:  __Wood_Lumber_ButtJoined_5
		registered as also a user of material:  Cladding_Stucco_White
		registered as also a user of material:  __Wood_Lumber_ButtJoined_5
		processing begun of multimaterial:  podlahy_pud.Multimaterial#39
		num positions      :  12
		num normals        :  12
		num tangents       :  0
		num uvs            :  24
		num uvs2           :  0
		num colors         :  0
		num triangles      :  4
	processing begun of mesh:  SketchUp.078
		processing begun of material:  Cladding_Stucco_White
		processing begun of material:  __Wood_Lumber_ButtJoined_5
		registered as also a user of material:  Cladding_Stucco_White
		registered as also a user of material:  __Wood_Lumber_ButtJoined_5
		processing begun of multimaterial:  podlahy_pud.Multimaterial#40
		num positions      :  6
		num normals        :  6
		num tangents       :  0
		num uvs            :  12
		num uvs2           :  0
		num colors         :  0
		num triangles      :  2
	processing begun of mesh:  SketchUp.079
		processing begun of material:  __Wood_Lumber_ButtJoined_5
		registered as also a user of material:  __Wood_Lumber_ButtJoined_5
		num positions      :  49
		num normals        :  49
		num tangents       :  0
		num uvs            :  0
		num uvs2           :  0
		num colors         :  0
		num triangles      :  20
	processing begun of mesh:  SketchUp.080
		processing begun of material:  Cladding_Stucco_White
		registered as also a user of material:  Cladding_Stucco_White
		num positions      :  16
		num normals        :  16
		num tangents       :  0
		num uvs            :  32
		num uvs2           :  0
		num colors         :  0
		num triangles      :  8
	processing begun of mesh:  SketchUp.081
		processing begun of material:  Cladding_Stucco_White
		processing begun of material:  __Wood_Lumber_ButtJoined_5
		registered as also a user of material:  Cladding_Stucco_White
		registered as also a user of material:  __Wood_Lumber_ButtJoined_5
		processing begun of multimaterial:  podlahy_pud.Multimaterial#41
		num positions      :  8
		num normals        :  8
		num tangents       :  0
		num uvs            :  16
		num uvs2           :  0
		num colors         :  0
		num triangles      :  4
	processing begun of mesh:  SketchUp.082
		processing begun of material:  Cladding_Stucco_White
		processing begun of material:  __Wood_Lumber_ButtJoined_5
		registered as also a user of material:  Cladding_Stucco_White
		registered as also a user of material:  __Wood_Lumber_ButtJoined_5
		processing begun of multimaterial:  podlahy_pud.Multimaterial#42
		num positions      :  15
		num normals        :  15
		num tangents       :  0
		num uvs            :  30
		num uvs2           :  0
		num colors         :  0
		num triangles      :  6
	processing begun of mesh:  SketchUp.083
		processing begun of material:  Cladding_Stucco_White
		registered as also a user of material:  Cladding_Stucco_White
		num positions      :  8
		num normals        :  8
		num tangents       :  0
		num uvs            :  16
		num uvs2           :  0
		num colors         :  0
		num triangles      :  4
	processing begun of camera (UniversalCamera):  skp_camera_Last_Saved_SketchUp_View
	processing begun of light (POINT):  Light
========= Writing of JSON file started =========
	writing mesh:  SketchUp
	writing mesh:  SketchUp.001
	writing mesh:  SketchUp.002
	writing mesh:  SketchUp.003
	writing mesh:  SketchUp.004
	writing mesh:  SketchUp.005
	writing mesh:  SketchUp.006
	writing mesh:  SketchUp.007
	writing mesh:  SketchUp.008
	writing mesh:  SketchUp.009
	writing mesh:  SketchUp.010
	writing mesh:  SketchUp.011
	writing mesh:  SketchUp.012
	writing mesh:  SketchUp.013
	writing mesh:  SketchUp.014
	writing mesh:  SketchUp.015
	writing mesh:  SketchUp.016
	writing mesh:  SketchUp.017
	writing mesh:  SketchUp.018
	writing mesh:  SketchUp.019
	writing mesh:  SketchUp.020
	writing mesh:  SketchUp.021
	writing mesh:  SketchUp.022
	writing mesh:  SketchUp.023
	writing mesh:  SketchUp.024
	writing mesh:  SketchUp.025
	writing mesh:  SketchUp.026
	writing mesh:  SketchUp.027
	writing mesh:  SketchUp.028
	writing mesh:  SketchUp.029
	writing mesh:  SketchUp.030
	writing mesh:  SketchUp.031
	writing mesh:  SketchUp.032
	writing mesh:  SketchUp.033
	writing mesh:  SketchUp.034
	writing mesh:  SketchUp.035
	writing mesh:  SketchUp.036
	writing mesh:  SketchUp.037
	writing mesh:  SketchUp.038
	writing mesh:  SketchUp.039
	writing mesh:  SketchUp.040
	writing mesh:  SketchUp.041
	writing mesh:  SketchUp.042
	writing mesh:  SketchUp.043
	writing mesh:  SketchUp.044
	writing mesh:  SketchUp.045
	writing mesh:  SketchUp.046
	writing mesh:  SketchUp.047
	writing mesh:  SketchUp.048
	writing mesh:  SketchUp.049
	writing mesh:  SketchUp.050
	writing mesh:  SketchUp.051
	writing mesh:  SketchUp.052
	writing mesh:  SketchUp.053
	writing mesh:  SketchUp.054
	writing mesh:  SketchUp.055
	writing mesh:  SketchUp.056
	writing mesh:  SketchUp.057
	writing mesh:  SketchUp.058
	writing mesh:  SketchUp.059
	writing mesh:  SketchUp.060
	writing mesh:  SketchUp.061
	writing mesh:  SketchUp.062
	writing mesh:  SketchUp.063
	writing mesh:  SketchUp.074
	writing mesh:  SketchUp.075
	writing mesh:  SketchUp.076
	writing mesh:  SketchUp.077
	writing mesh:  SketchUp.078
	writing mesh:  SketchUp.079
	writing mesh:  SketchUp.080
	writing mesh:  SketchUp.081
	writing mesh:  SketchUp.082
	writing mesh:  SketchUp.083
========= Writing of JSON file completed =========
========= end of processing =========
elapsed time:  0 min, 0.1878 secs
