Exporter version: 2.80.1, Blender version: 2.80 (sub 75)
========= Conversion from Blender to Babylon.js =========
	Scene settings used :
		Inline textures     :  false
		Material Type       :  PBR
		Positions Precision :  4
		Normals Precision   :  3
		UVs Precision       :  3
		Vert Color Precision:  3
		Mat Weight Precision:  2
		Keep Z-up r-handed  :  no
		Texture directory   :  C:\Users\frommeltova\Documents\Model\model\mlyn_verze_10\babylon_casti_nove\
	Python World class constructor completed
	processing begun of camera (UniversalCamera):  Camera
	processing begun of mesh:  SketchUp
		processing begun of material:  Modern_Siding
		processing begun of material:  Cladding_Stucco_White
			processing texture Modern_Siding
				texture type:  diffuseTexture, mapped using: "ID437"
			processing texture Cladding_Stucco_White
				texture type:  diffuseTexture, mapped using: "ID437"
		processing begun of multimaterial:  schodiste.Multimaterial#0
		num positions      :  213
		num normals        :  213
		num tangents       :  0
		num uvs            :  426
		num uvs2           :  0
		num colors         :  0
		num triangles      :  94
	processing begun of mesh:  SketchUp.001
		processing begun of material:  Modern_Siding
		registered as also a user of material:  Modern_Siding
		num positions      :  1059
		num normals        :  1059
		num tangents       :  0
		num uvs            :  2118
		num uvs2           :  0
		num colors         :  0
		num triangles      :  448
	processing begun of mesh:  SketchUp.002
		processing begun of material:  Cladding_Stucco_White
		registered as also a user of material:  Cladding_Stucco_White
		num positions      :  24
		num normals        :  24
		num tangents       :  0
		num uvs            :  48
		num uvs2           :  0
		num colors         :  0
		num triangles      :  8
	processing begun of mesh:  SketchUp.003
		processing begun of material:  Cladding_Stucco_White
		registered as also a user of material:  Cladding_Stucco_White
		num positions      :  190
		num normals        :  190
		num tangents       :  0
		num uvs            :  380
		num uvs2           :  0
		num colors         :  0
		num triangles      :  72
	processing begun of mesh:  SketchUp.004
		processing begun of material:  Modern_Siding
		processing begun of material:  Cladding_Stucco_White
		registered as also a user of material:  Modern_Siding
		registered as also a user of material:  Cladding_Stucco_White
		processing begun of multimaterial:  schodiste.Multimaterial#1
		num positions      :  6
		num normals        :  6
		num tangents       :  0
		num uvs            :  12
		num uvs2           :  0
		num colors         :  0
		num triangles      :  2
	processing begun of mesh:  SketchUp.005
		processing begun of material:  Cladding_Stucco_White
		registered as also a user of material:  Cladding_Stucco_White
		num positions      :  223
		num normals        :  223
		num tangents       :  0
		num uvs            :  446
		num uvs2           :  0
		num colors         :  0
		num triangles      :  82
	processing begun of mesh:  SketchUp.006
		processing begun of material:  Modern_Siding
		processing begun of material:  Cladding_Stucco_White
		registered as also a user of material:  Modern_Siding
		registered as also a user of material:  Cladding_Stucco_White
		processing begun of multimaterial:  schodiste.Multimaterial#2
		num positions      :  101
		num normals        :  101
		num tangents       :  0
		num uvs            :  202
		num uvs2           :  0
		num colors         :  0
		num triangles      :  40
	processing begun of mesh:  SketchUp.007
		processing begun of material:  Modern_Siding
		processing begun of material:  Cladding_Stucco_White
		registered as also a user of material:  Modern_Siding
		registered as also a user of material:  Cladding_Stucco_White
		processing begun of multimaterial:  schodiste.Multimaterial#3
		num positions      :  85
		num normals        :  85
		num tangents       :  0
		num uvs            :  170
		num uvs2           :  0
		num colors         :  0
		num triangles      :  34
	processing begun of mesh:  SketchUp.008
		processing begun of material:  Modern_Siding
		registered as also a user of material:  Modern_Siding
		num positions      :  182
		num normals        :  182
		num tangents       :  0
		num uvs            :  364
		num uvs2           :  0
		num colors         :  0
		num triangles      :  94
	processing begun of mesh:  SketchUp.009
		processing begun of material:  Modern_Siding
		processing begun of material:  Cladding_Stucco_White
		registered as also a user of material:  Modern_Siding
		registered as also a user of material:  Cladding_Stucco_White
		processing begun of multimaterial:  schodiste.Multimaterial#4
		num positions      :  14
		num normals        :  14
		num tangents       :  0
		num uvs            :  28
		num uvs2           :  0
		num colors         :  0
		num triangles      :  6
	processing begun of mesh:  SketchUp.010
		processing begun of material:  Modern_Siding
		processing begun of material:  Cladding_Stucco_White
		registered as also a user of material:  Modern_Siding
		registered as also a user of material:  Cladding_Stucco_White
		processing begun of multimaterial:  schodiste.Multimaterial#5
		num positions      :  10
		num normals        :  10
		num tangents       :  0
		num uvs            :  20
		num uvs2           :  0
		num colors         :  0
		num triangles      :  6
	processing begun of mesh:  SketchUp.011
		processing begun of material:  Cladding_Stucco_White
		registered as also a user of material:  Cladding_Stucco_White
		num positions      :  6
		num normals        :  6
		num tangents       :  0
		num uvs            :  12
		num uvs2           :  0
		num colors         :  0
		num triangles      :  2
	processing begun of mesh:  SketchUp.012
		processing begun of material:  Modern_Siding
		processing begun of material:  Cladding_Stucco_White
		registered as also a user of material:  Modern_Siding
		registered as also a user of material:  Cladding_Stucco_White
		processing begun of multimaterial:  schodiste.Multimaterial#6
		num positions      :  18
		num normals        :  18
		num tangents       :  0
		num uvs            :  36
		num uvs2           :  0
		num colors         :  0
		num triangles      :  10
	processing begun of mesh:  SketchUp.013
		processing begun of material:  Cladding_Stucco_White
		registered as also a user of material:  Cladding_Stucco_White
		num positions      :  36
		num normals        :  36
		num tangents       :  0
		num uvs            :  72
		num uvs2           :  0
		num colors         :  0
		num triangles      :  16
	processing begun of mesh:  SketchUp.014
		processing begun of material:  Modern_Siding
		processing begun of material:  Cladding_Stucco_White
		registered as also a user of material:  Modern_Siding
		registered as also a user of material:  Cladding_Stucco_White
		processing begun of multimaterial:  schodiste.Multimaterial#7
		num positions      :  23
		num normals        :  23
		num tangents       :  0
		num uvs            :  46
		num uvs2           :  0
		num colors         :  0
		num triangles      :  10
	processing begun of mesh:  SketchUp.015
		processing begun of material:  Modern_Siding
		processing begun of material:  Color_B16
		registered as also a user of material:  Modern_Siding
		processing begun of multimaterial:  schodiste.Multimaterial#8
		num positions      :  22
		num normals        :  22
		num tangents       :  0
		num uvs            :  44
		num uvs2           :  0
		num colors         :  0
		num triangles      :  10
	processing begun of mesh:  SketchUp.016
		processing begun of material:  Cladding_Stucco_White
		processing begun of material:  Crushed_Rock_Gravel
		registered as also a user of material:  Cladding_Stucco_White
			processing texture Crushed_Rock_Gravel
				texture type:  diffuseTexture, mapped using: "ID577"
		processing begun of multimaterial:  schodiste.Multimaterial#9
		num positions      :  8
		num normals        :  8
		num tangents       :  0
		num uvs            :  16
		num uvs2           :  0
		num colors         :  0
		num triangles      :  4
	processing begun of mesh:  SketchUp.017
		processing begun of material:  Cladding_Stucco_White
		registered as also a user of material:  Cladding_Stucco_White
		num positions      :  8
		num normals        :  8
		num tangents       :  0
		num uvs            :  16
		num uvs2           :  0
		num colors         :  0
		num triangles      :  4
	processing begun of mesh:  SketchUp.018
		processing begun of material:  Modern_Siding
		processing begun of material:  Cladding_Stucco_White
		registered as also a user of material:  Modern_Siding
		registered as also a user of material:  Cladding_Stucco_White
		processing begun of multimaterial:  schodiste.Multimaterial#10
		num positions      :  10
		num normals        :  10
		num tangents       :  0
		num uvs            :  20
		num uvs2           :  0
		num colors         :  0
		num triangles      :  6
	processing begun of mesh:  SketchUp.019
		processing begun of material:  material_2
			processing texture material_2
				texture type:  diffuseTexture, mapped using: "ID606"
		num positions      :  2436
		num normals        :  2436
		num tangents       :  0
		num uvs            :  4872
		num uvs2           :  0
		num colors         :  0
		num triangles      :  954
	processing begun of mesh:  SketchUp.020
		processing begun of material:  material_2
		processing begun of material:  rock1
		registered as also a user of material:  material_2
			processing texture rock1
				texture type:  diffuseTexture, mapped using: "ID619"
		processing begun of multimaterial:  schodiste.Multimaterial#11
		num positions      :  22
		num normals        :  22
		num tangents       :  0
		num uvs            :  44
		num uvs2           :  0
		num colors         :  0
		num triangles      :  8
	processing begun of mesh:  SketchUp.021
		processing begun of material:  material_2
		processing begun of material:  rock1
		registered as also a user of material:  material_2
		registered as also a user of material:  rock1
		processing begun of multimaterial:  schodiste.Multimaterial#12
		num positions      :  18
		num normals        :  18
		num tangents       :  0
		num uvs            :  36
		num uvs2           :  0
		num colors         :  0
		num triangles      :  6
	processing begun of mesh:  SketchUp.022
		processing begun of material:  material_2
		processing begun of material:  rock1
		registered as also a user of material:  material_2
		registered as also a user of material:  rock1
		processing begun of multimaterial:  schodiste.Multimaterial#13
		num positions      :  44
		num normals        :  44
		num tangents       :  0
		num uvs            :  88
		num uvs2           :  0
		num colors         :  0
		num triangles      :  16
	processing begun of mesh:  SketchUp.023
		processing begun of material:  material_2
		processing begun of material:  rock1
		registered as also a user of material:  material_2
		registered as also a user of material:  rock1
		processing begun of multimaterial:  schodiste.Multimaterial#14
		num positions      :  25
		num normals        :  25
		num tangents       :  0
		num uvs            :  50
		num uvs2           :  0
		num colors         :  0
		num triangles      :  10
	processing begun of mesh:  SketchUp.024
		processing begun of material:  material_2
		processing begun of material:  rock1
		registered as also a user of material:  material_2
		registered as also a user of material:  rock1
		processing begun of multimaterial:  schodiste.Multimaterial#15
		num positions      :  6
		num normals        :  6
		num tangents       :  0
		num uvs            :  12
		num uvs2           :  0
		num colors         :  0
		num triangles      :  2
	processing begun of mesh:  SketchUp.025
		processing begun of material:  material_2
		processing begun of material:  rock1
		registered as also a user of material:  material_2
		registered as also a user of material:  rock1
		processing begun of multimaterial:  schodiste.Multimaterial#16
		num positions      :  6
		num normals        :  6
		num tangents       :  0
		num uvs            :  12
		num uvs2           :  0
		num colors         :  0
		num triangles      :  2
	processing begun of mesh:  SketchUp.026
		processing begun of material:  material_2
		processing begun of material:  rock1
		registered as also a user of material:  material_2
		registered as also a user of material:  rock1
		processing begun of multimaterial:  schodiste.Multimaterial#17
		num positions      :  6
		num normals        :  6
		num tangents       :  0
		num uvs            :  12
		num uvs2           :  0
		num colors         :  0
		num triangles      :  2
	processing begun of mesh:  SketchUp.027
		processing begun of material:  Modern_Siding
		processing begun of material:  material
		registered as also a user of material:  Modern_Siding
		processing begun of multimaterial:  schodiste.Multimaterial#18
		num positions      :  44
		num normals        :  44
		num tangents       :  0
		num uvs            :  88
		num uvs2           :  0
		num colors         :  0
		num triangles      :  16
	processing begun of mesh:  SketchUp.028
		processing begun of material:  Wood_Board_Cork
		processing begun of material:  material_5
			processing texture Wood_Board_Cork
				texture type:  diffuseTexture, mapped using: "ID685"
			processing texture material_5
				texture type:  diffuseTexture, mapped using: "ID685"
		processing begun of multimaterial:  schodiste.Multimaterial#19
		num positions      :  66
		num normals        :  66
		num tangents       :  0
		num uvs            :  132
		num uvs2           :  0
		num colors         :  0
		num triangles      :  40
	processing begun of mesh:  SketchUp.029
		processing begun of material:  Wood_Board_Cork
		processing begun of material:  noir_satin
		registered as also a user of material:  Wood_Board_Cork
		processing begun of multimaterial:  schodiste.Multimaterial#20
		num positions      :  20
		num normals        :  20
		num tangents       :  0
		num uvs            :  40
		num uvs2           :  0
		num colors         :  0
		num triangles      :  12
	processing begun of mesh:  SketchUp.030
		processing begun of material:  Wood_Board_Cork
		registered as also a user of material:  Wood_Board_Cork
		num positions      :  42
		num normals        :  42
		num tangents       :  0
		num uvs            :  84
		num uvs2           :  0
		num colors         :  0
		num triangles      :  20
	processing begun of mesh:  SketchUp.031
		processing begun of material:  Wood_Board_Cork
		processing begun of material:  Wood_Lumber_ButtJoined
		registered as also a user of material:  Wood_Board_Cork
			processing texture Wood_Lumber_ButtJoined
				texture type:  diffuseTexture, mapped using: "ID709"
		processing begun of multimaterial:  schodiste.Multimaterial#21
		num positions      :  12
		num normals        :  12
		num tangents       :  0
		num uvs            :  24
		num uvs2           :  0
		num colors         :  0
		num triangles      :  8
	processing begun of mesh:  SketchUp.032
		processing begun of material:  Wood_Board_Cork
		processing begun of material:  Wood_Lumber_ButtJoined
		registered as also a user of material:  Wood_Board_Cork
		registered as also a user of material:  Wood_Lumber_ButtJoined
		processing begun of multimaterial:  schodiste.Multimaterial#22
		num positions      :  8
		num normals        :  8
		num tangents       :  0
		num uvs            :  16
		num uvs2           :  0
		num colors         :  0
		num triangles      :  4
	processing begun of mesh:  SketchUp.033
		processing begun of material:  Wood_Board_Cork
		processing begun of material:  Wood_Lumber_ButtJoined
		registered as also a user of material:  Wood_Board_Cork
		registered as also a user of material:  Wood_Lumber_ButtJoined
		processing begun of multimaterial:  schodiste.Multimaterial#23
		num positions      :  8
		num normals        :  8
		num tangents       :  0
		num uvs            :  16
		num uvs2           :  0
		num colors         :  0
		num triangles      :  4
	processing begun of mesh:  SketchUp.034
		processing begun of material:  Wood_Board_Cork
		processing begun of material:  noir_satin
		registered as also a user of material:  Wood_Board_Cork
		registered as also a user of material:  noir_satin
		processing begun of multimaterial:  schodiste.Multimaterial#24
		num positions      :  12
		num normals        :  12
		num tangents       :  0
		num uvs            :  24
		num uvs2           :  0
		num colors         :  0
		num triangles      :  4
	processing begun of mesh:  SketchUp.035
		processing begun of material:  Wood_Lumber_ButtJoined
		registered as also a user of material:  Wood_Lumber_ButtJoined
		num positions      :  92
		num normals        :  92
		num tangents       :  0
		num uvs            :  184
		num uvs2           :  0
		num colors         :  0
		num triangles      :  56
	processing begun of mesh:  SketchUp.036
		processing begun of material:  Wood_Lumber_ButtJoined
		processing begun of material:  material_5
		registered as also a user of material:  Wood_Lumber_ButtJoined
		registered as also a user of material:  material_5
		processing begun of multimaterial:  schodiste.Multimaterial#25
		num positions      :  44
		num normals        :  44
		num tangents       :  0
		num uvs            :  88
		num uvs2           :  0
		num colors         :  0
		num triangles      :  28
	processing begun of mesh:  SketchUp.037
		processing begun of material:  Wood_Lumber_ButtJoined
		processing begun of material:  noir_satin
		registered as also a user of material:  Wood_Lumber_ButtJoined
		registered as also a user of material:  noir_satin
		processing begun of multimaterial:  schodiste.Multimaterial#26
		num positions      :  8
		num normals        :  8
		num tangents       :  0
		num uvs            :  16
		num uvs2           :  0
		num colors         :  0
		num triangles      :  4
	processing begun of mesh:  SketchUp.038
		processing begun of material:  Wood_Lumber_ButtJoined
		processing begun of material:  Wood__Floor
		registered as also a user of material:  Wood_Lumber_ButtJoined
			processing texture Wood__Floor
				texture type:  diffuseTexture, mapped using: "ID765"
		processing begun of multimaterial:  schodiste.Multimaterial#27
		num positions      :  64
		num normals        :  64
		num tangents       :  0
		num uvs            :  128
		num uvs2           :  0
		num colors         :  0
		num triangles      :  28
	processing begun of mesh:  SketchUp.039
		processing begun of material:  Wood__Floor
		processing begun of material:  material_4
		registered as also a user of material:  Wood__Floor
			processing texture material_4
				texture type:  diffuseTexture, mapped using: "ID773"
		processing begun of multimaterial:  schodiste.Multimaterial#28
		num positions      :  148
		num normals        :  148
		num tangents       :  0
		num uvs            :  296
		num uvs2           :  0
		num colors         :  0
		num triangles      :  60
	processing begun of mesh:  SketchUp.040
		processing begun of material:  Wood__Floor
		processing begun of material:  material_4
		registered as also a user of material:  Wood__Floor
		registered as also a user of material:  material_4
		processing begun of multimaterial:  schodiste.Multimaterial#29
		num positions      :  148
		num normals        :  148
		num tangents       :  0
		num uvs            :  296
		num uvs2           :  0
		num colors         :  0
		num triangles      :  60
	processing begun of mesh:  SketchUp.041
		processing begun of material:  bois1
		processing begun of material:  Wood__Floor
			processing texture bois1
				texture type:  diffuseTexture, mapped using: "ID789"
		registered as also a user of material:  Wood__Floor
		processing begun of multimaterial:  schodiste.Multimaterial#30
		num positions      :  75
		num normals        :  75
		num tangents       :  0
		num uvs            :  150
		num uvs2           :  0
		num colors         :  0
		num triangles      :  32
	processing begun of mesh:  SketchUp.042
		processing begun of material:  Wood_Lumber_ButtJoined
		processing begun of material:  Wood__Floor
		registered as also a user of material:  Wood_Lumber_ButtJoined
		registered as also a user of material:  Wood__Floor
		processing begun of multimaterial:  schodiste.Multimaterial#31
		num positions      :  60
		num normals        :  60
		num tangents       :  0
		num uvs            :  120
		num uvs2           :  0
		num colors         :  0
		num triangles      :  28
	processing begun of mesh:  SketchUp.043
		processing begun of material:  Wood__Floor
		processing begun of material:  material_4
		registered as also a user of material:  Wood__Floor
		registered as also a user of material:  material_4
		processing begun of multimaterial:  schodiste.Multimaterial#32
		num positions      :  148
		num normals        :  148
		num tangents       :  0
		num uvs            :  296
		num uvs2           :  0
		num colors         :  0
		num triangles      :  60
	processing begun of mesh:  SketchUp.044
		processing begun of material:  bois1
		processing begun of material:  Wood__Floor
		registered as also a user of material:  bois1
		registered as also a user of material:  Wood__Floor
		processing begun of multimaterial:  schodiste.Multimaterial#33
		num positions      :  75
		num normals        :  75
		num tangents       :  0
		num uvs            :  150
		num uvs2           :  0
		num colors         :  0
		num triangles      :  32
	processing begun of mesh:  SketchUp.045
		processing begun of material:  Wood_Lumber_ButtJoined
		processing begun of material:  Wood__Floor
		registered as also a user of material:  Wood_Lumber_ButtJoined
		registered as also a user of material:  Wood__Floor
		processing begun of multimaterial:  schodiste.Multimaterial#34
		num positions      :  68
		num normals        :  68
		num tangents       :  0
		num uvs            :  136
		num uvs2           :  0
		num colors         :  0
		num triangles      :  28
	processing begun of mesh:  SketchUp.046
		processing begun of material:  Wood__Floor
		processing begun of material:  material_4
		registered as also a user of material:  Wood__Floor
		registered as also a user of material:  material_4
		processing begun of multimaterial:  schodiste.Multimaterial#35
		num positions      :  148
		num normals        :  148
		num tangents       :  0
		num uvs            :  296
		num uvs2           :  0
		num colors         :  0
		num triangles      :  60
	processing begun of mesh:  SketchUp.047
		processing begun of material:  Wood_Lumber_ButtJoined
		processing begun of material:  Wood__Floor
		registered as also a user of material:  Wood_Lumber_ButtJoined
		registered as also a user of material:  Wood__Floor
		processing begun of multimaterial:  schodiste.Multimaterial#36
		num positions      :  76
		num normals        :  76
		num tangents       :  0
		num uvs            :  152
		num uvs2           :  0
		num colors         :  0
		num triangles      :  28
	processing begun of mesh:  SketchUp.048
		processing begun of material:  bois1
		processing begun of material:  Wood__Floor
		registered as also a user of material:  bois1
		registered as also a user of material:  Wood__Floor
		processing begun of multimaterial:  schodiste.Multimaterial#37
		num positions      :  75
		num normals        :  75
		num tangents       :  0
		num uvs            :  150
		num uvs2           :  0
		num colors         :  0
		num triangles      :  32
	processing begun of mesh:  SketchUp.049
		processing begun of material:  Wood__Floor
		processing begun of material:  material_4
		registered as also a user of material:  Wood__Floor
		registered as also a user of material:  material_4
		processing begun of multimaterial:  schodiste.Multimaterial#38
		num positions      :  148
		num normals        :  148
		num tangents       :  0
		num uvs            :  296
		num uvs2           :  0
		num colors         :  0
		num triangles      :  60
	processing begun of mesh:  SketchUp.050
		processing begun of material:  Wood_Lumber_ButtJoined
		processing begun of material:  Wood__Floor
		registered as also a user of material:  Wood_Lumber_ButtJoined
		registered as also a user of material:  Wood__Floor
		processing begun of multimaterial:  schodiste.Multimaterial#39
		num positions      :  76
		num normals        :  76
		num tangents       :  0
		num uvs            :  152
		num uvs2           :  0
		num colors         :  0
		num triangles      :  28
	processing begun of mesh:  SketchUp.051
		processing begun of material:  bois1
		processing begun of material:  Wood__Floor
		registered as also a user of material:  bois1
		registered as also a user of material:  Wood__Floor
		processing begun of multimaterial:  schodiste.Multimaterial#40
		num positions      :  72
		num normals        :  72
		num tangents       :  0
		num uvs            :  144
		num uvs2           :  0
		num colors         :  0
		num triangles      :  32
	processing begun of mesh:  SketchUp.052
		processing begun of material:  Wood__Floor
		processing begun of material:  material_4
		registered as also a user of material:  Wood__Floor
		registered as also a user of material:  material_4
		processing begun of multimaterial:  schodiste.Multimaterial#41
		num positions      :  148
		num normals        :  148
		num tangents       :  0
		num uvs            :  296
		num uvs2           :  0
		num colors         :  0
		num triangles      :  60
	processing begun of mesh:  SketchUp.053
		processing begun of material:  Wood_Lumber_ButtJoined
		processing begun of material:  Wood__Floor
		registered as also a user of material:  Wood_Lumber_ButtJoined
		registered as also a user of material:  Wood__Floor
		processing begun of multimaterial:  schodiste.Multimaterial#42
		num positions      :  52
		num normals        :  52
		num tangents       :  0
		num uvs            :  104
		num uvs2           :  0
		num colors         :  0
		num triangles      :  28
	processing begun of mesh:  SketchUp.054
		processing begun of material:  bois1
		processing begun of material:  Wood__Floor
		registered as also a user of material:  bois1
		registered as also a user of material:  Wood__Floor
		processing begun of multimaterial:  schodiste.Multimaterial#43
		num positions      :  69
		num normals        :  69
		num tangents       :  0
		num uvs            :  138
		num uvs2           :  0
		num colors         :  0
		num triangles      :  32
	processing begun of mesh:  SketchUp.055
		processing begun of material:  Wood__Floor
		processing begun of material:  material_4
		registered as also a user of material:  Wood__Floor
		registered as also a user of material:  material_4
		processing begun of multimaterial:  schodiste.Multimaterial#44
		num positions      :  148
		num normals        :  148
		num tangents       :  0
		num uvs            :  296
		num uvs2           :  0
		num colors         :  0
		num triangles      :  60
	processing begun of mesh:  SketchUp.056
		processing begun of material:  bois1
		processing begun of material:  Wood__Floor
		registered as also a user of material:  bois1
		registered as also a user of material:  Wood__Floor
		processing begun of multimaterial:  schodiste.Multimaterial#45
		num positions      :  84
		num normals        :  84
		num tangents       :  0
		num uvs            :  168
		num uvs2           :  0
		num colors         :  0
		num triangles      :  32
	processing begun of mesh:  SketchUp.057
		processing begun of material:  Wood_Lumber_ButtJoined
		processing begun of material:  Wood__Floor
		registered as also a user of material:  Wood_Lumber_ButtJoined
		registered as also a user of material:  Wood__Floor
		processing begun of multimaterial:  schodiste.Multimaterial#46
		num positions      :  72
		num normals        :  72
		num tangents       :  0
		num uvs            :  144
		num uvs2           :  0
		num colors         :  0
		num triangles      :  28
	processing begun of mesh:  SketchUp.058
		processing begun of material:  Wood__Floor
		processing begun of material:  material_4
		registered as also a user of material:  Wood__Floor
		registered as also a user of material:  material_4
		processing begun of multimaterial:  schodiste.Multimaterial#47
		num positions      :  148
		num normals        :  148
		num tangents       :  0
		num uvs            :  296
		num uvs2           :  0
		num colors         :  0
		num triangles      :  60
	processing begun of mesh:  SketchUp.059
		processing begun of material:  bois1
		processing begun of material:  Wood__Floor
		registered as also a user of material:  bois1
		registered as also a user of material:  Wood__Floor
		processing begun of multimaterial:  schodiste.Multimaterial#48
		num positions      :  70
		num normals        :  70
		num tangents       :  0
		num uvs            :  140
		num uvs2           :  0
		num colors         :  0
		num triangles      :  32
	processing begun of mesh:  SketchUp.060
		processing begun of material:  Wood_Lumber_ButtJoined
		processing begun of material:  Wood__Floor
		registered as also a user of material:  Wood_Lumber_ButtJoined
		registered as also a user of material:  Wood__Floor
		processing begun of multimaterial:  schodiste.Multimaterial#49
		num positions      :  75
		num normals        :  75
		num tangents       :  0
		num uvs            :  150
		num uvs2           :  0
		num colors         :  0
		num triangles      :  28
	processing begun of mesh:  SketchUp.061
		processing begun of material:  bois1
		processing begun of material:  Wood__Floor
		registered as also a user of material:  bois1
		registered as also a user of material:  Wood__Floor
		processing begun of multimaterial:  schodiste.Multimaterial#50
		num positions      :  69
		num normals        :  69
		num tangents       :  0
		num uvs            :  138
		num uvs2           :  0
		num colors         :  0
		num triangles      :  32
	processing begun of mesh:  SketchUp.062
		processing begun of material:  Wood__Floor
		processing begun of material:  material_4
		registered as also a user of material:  Wood__Floor
		registered as also a user of material:  material_4
		processing begun of multimaterial:  schodiste.Multimaterial#51
		num positions      :  148
		num normals        :  148
		num tangents       :  0
		num uvs            :  296
		num uvs2           :  0
		num colors         :  0
		num triangles      :  60
	processing begun of mesh:  SketchUp.063
		processing begun of material:  Wood_Lumber_ButtJoined
		processing begun of material:  Wood__Floor
		registered as also a user of material:  Wood_Lumber_ButtJoined
		registered as also a user of material:  Wood__Floor
		processing begun of multimaterial:  schodiste.Multimaterial#52
		num positions      :  72
		num normals        :  72
		num tangents       :  0
		num uvs            :  144
		num uvs2           :  0
		num colors         :  0
		num triangles      :  28
	processing begun of mesh:  SketchUp.126
		processing begun of material:  bois1
		processing begun of material:  Wood__Floor
		registered as also a user of material:  bois1
		registered as also a user of material:  Wood__Floor
		processing begun of multimaterial:  schodiste.Multimaterial#53
		num positions      :  69
		num normals        :  69
		num tangents       :  0
		num uvs            :  138
		num uvs2           :  0
		num colors         :  0
		num triangles      :  32
	processing begun of mesh:  SketchUp.127
		processing begun of material:  Wood_Lumber_ButtJoined
		processing begun of material:  Wood__Floor
		registered as also a user of material:  Wood_Lumber_ButtJoined
		registered as also a user of material:  Wood__Floor
		processing begun of multimaterial:  schodiste.Multimaterial#54
		num positions      :  60
		num normals        :  60
		num tangents       :  0
		num uvs            :  120
		num uvs2           :  0
		num colors         :  0
		num triangles      :  28
	processing begun of mesh:  SketchUp.128
		processing begun of material:  Wood__Floor
		processing begun of material:  material_4
		registered as also a user of material:  Wood__Floor
		registered as also a user of material:  material_4
		processing begun of multimaterial:  schodiste.Multimaterial#55
		num positions      :  148
		num normals        :  148
		num tangents       :  0
		num uvs            :  296
		num uvs2           :  0
		num colors         :  0
		num triangles      :  60
	processing begun of mesh:  SketchUp.129
		processing begun of material:  bois1
		processing begun of material:  Wood__Floor
		registered as also a user of material:  bois1
		registered as also a user of material:  Wood__Floor
		processing begun of multimaterial:  schodiste.Multimaterial#56
		num positions      :  77
		num normals        :  77
		num tangents       :  0
		num uvs            :  154
		num uvs2           :  0
		num colors         :  0
		num triangles      :  32
	processing begun of mesh:  SketchUp.130
		processing begun of material:  Wood__Floor
		processing begun of material:  material_4
		registered as also a user of material:  Wood__Floor
		registered as also a user of material:  material_4
		processing begun of multimaterial:  schodiste.Multimaterial#57
		num positions      :  148
		num normals        :  148
		num tangents       :  0
		num uvs            :  296
		num uvs2           :  0
		num colors         :  0
		num triangles      :  60
	processing begun of mesh:  SketchUp.131
		processing begun of material:  Wood_Lumber_ButtJoined
		processing begun of material:  Wood__Floor
		registered as also a user of material:  Wood_Lumber_ButtJoined
		registered as also a user of material:  Wood__Floor
		processing begun of multimaterial:  schodiste.Multimaterial#58
		num positions      :  69
		num normals        :  69
		num tangents       :  0
		num uvs            :  138
		num uvs2           :  0
		num colors         :  0
		num triangles      :  28
	processing begun of mesh:  SketchUp.132
		processing begun of material:  bois1
		processing begun of material:  Wood__Floor
		registered as also a user of material:  bois1
		registered as also a user of material:  Wood__Floor
		processing begun of multimaterial:  schodiste.Multimaterial#59
		num positions      :  79
		num normals        :  79
		num tangents       :  0
		num uvs            :  158
		num uvs2           :  0
		num colors         :  0
		num triangles      :  32
	processing begun of mesh:  SketchUp.133
		processing begun of material:  Wood__Floor
		processing begun of material:  material_4
		registered as also a user of material:  Wood__Floor
		registered as also a user of material:  material_4
		processing begun of multimaterial:  schodiste.Multimaterial#60
		num positions      :  148
		num normals        :  148
		num tangents       :  0
		num uvs            :  296
		num uvs2           :  0
		num colors         :  0
		num triangles      :  60
	processing begun of mesh:  SketchUp.134
		processing begun of material:  bois1
		processing begun of material:  Wood__Floor
		registered as also a user of material:  bois1
		registered as also a user of material:  Wood__Floor
		processing begun of multimaterial:  schodiste.Multimaterial#61
		num positions      :  76
		num normals        :  76
		num tangents       :  0
		num uvs            :  152
		num uvs2           :  0
		num colors         :  0
		num triangles      :  32
	processing begun of mesh:  SketchUp.135
		processing begun of material:  Wood_Lumber_ButtJoined
		processing begun of material:  Wood__Floor
		registered as also a user of material:  Wood_Lumber_ButtJoined
		registered as also a user of material:  Wood__Floor
		processing begun of multimaterial:  schodiste.Multimaterial#62
		num positions      :  76
		num normals        :  76
		num tangents       :  0
		num uvs            :  152
		num uvs2           :  0
		num colors         :  0
		num triangles      :  28
	processing begun of mesh:  SketchUp.136
		processing begun of material:  Wood__Floor
		processing begun of material:  material_4
		registered as also a user of material:  Wood__Floor
		registered as also a user of material:  material_4
		processing begun of multimaterial:  schodiste.Multimaterial#63
		num positions      :  148
		num normals        :  148
		num tangents       :  0
		num uvs            :  296
		num uvs2           :  0
		num colors         :  0
		num triangles      :  60
	processing begun of mesh:  SketchUp.137
		processing begun of material:  Wood_Lumber_ButtJoined
		processing begun of material:  Wood__Floor
		registered as also a user of material:  Wood_Lumber_ButtJoined
		registered as also a user of material:  Wood__Floor
		processing begun of multimaterial:  schodiste.Multimaterial#64
		num positions      :  68
		num normals        :  68
		num tangents       :  0
		num uvs            :  136
		num uvs2           :  0
		num colors         :  0
		num triangles      :  28
	processing begun of mesh:  SketchUp.138
		processing begun of material:  bois1
		processing begun of material:  Wood__Floor
		registered as also a user of material:  bois1
		registered as also a user of material:  Wood__Floor
		processing begun of multimaterial:  schodiste.Multimaterial#65
		num positions      :  83
		num normals        :  83
		num tangents       :  0
		num uvs            :  166
		num uvs2           :  0
		num colors         :  0
		num triangles      :  32
	processing begun of mesh:  SketchUp.139
		processing begun of material:  Wood__Floor
		processing begun of material:  material_4
		registered as also a user of material:  Wood__Floor
		registered as also a user of material:  material_4
		processing begun of multimaterial:  schodiste.Multimaterial#66
		num positions      :  148
		num normals        :  148
		num tangents       :  0
		num uvs            :  296
		num uvs2           :  0
		num colors         :  0
		num triangles      :  60
	processing begun of mesh:  SketchUp.140
		processing begun of material:  bois1
		processing begun of material:  Wood__Floor
		registered as also a user of material:  bois1
		registered as also a user of material:  Wood__Floor
		processing begun of multimaterial:  schodiste.Multimaterial#67
		num positions      :  77
		num normals        :  77
		num tangents       :  0
		num uvs            :  154
		num uvs2           :  0
		num colors         :  0
		num triangles      :  32
	processing begun of mesh:  SketchUp.141
		processing begun of material:  Wood_Lumber_ButtJoined
		processing begun of material:  Wood__Floor
		registered as also a user of material:  Wood_Lumber_ButtJoined
		registered as also a user of material:  Wood__Floor
		processing begun of multimaterial:  schodiste.Multimaterial#68
		num positions      :  69
		num normals        :  69
		num tangents       :  0
		num uvs            :  138
		num uvs2           :  0
		num colors         :  0
		num triangles      :  28
	processing begun of mesh:  SketchUp.142
		processing begun of material:  Wood_Lumber_ButtJoined
		processing begun of material:  Wood__Floor
		registered as also a user of material:  Wood_Lumber_ButtJoined
		registered as also a user of material:  Wood__Floor
		processing begun of multimaterial:  schodiste.Multimaterial#69
		num positions      :  75
		num normals        :  75
		num tangents       :  0
		num uvs            :  150
		num uvs2           :  0
		num colors         :  0
		num triangles      :  28
	processing begun of mesh:  SketchUp.143
		processing begun of material:  Wood__Floor
		processing begun of material:  material_4
		registered as also a user of material:  Wood__Floor
		registered as also a user of material:  material_4
		processing begun of multimaterial:  schodiste.Multimaterial#70
		num positions      :  148
		num normals        :  148
		num tangents       :  0
		num uvs            :  296
		num uvs2           :  0
		num colors         :  0
		num triangles      :  60
	processing begun of mesh:  SketchUp.144
		processing begun of material:  bois1
		processing begun of material:  Wood__Floor
		registered as also a user of material:  bois1
		registered as also a user of material:  Wood__Floor
		processing begun of multimaterial:  schodiste.Multimaterial#71
		num positions      :  73
		num normals        :  73
		num tangents       :  0
		num uvs            :  146
		num uvs2           :  0
		num colors         :  0
		num triangles      :  32
	processing begun of mesh:  SketchUp.145
		processing begun of material:  Wood__Floor
		processing begun of material:  material_4
		registered as also a user of material:  Wood__Floor
		registered as also a user of material:  material_4
		processing begun of multimaterial:  schodiste.Multimaterial#72
		num positions      :  148
		num normals        :  148
		num tangents       :  0
		num uvs            :  296
		num uvs2           :  0
		num colors         :  0
		num triangles      :  60
	processing begun of mesh:  SketchUp.146
		processing begun of material:  bois1
		processing begun of material:  Wood__Floor
		registered as also a user of material:  bois1
		registered as also a user of material:  Wood__Floor
		processing begun of multimaterial:  schodiste.Multimaterial#73
		num positions      :  82
		num normals        :  82
		num tangents       :  0
		num uvs            :  164
		num uvs2           :  0
		num colors         :  0
		num triangles      :  32
	processing begun of mesh:  SketchUp.147
		processing begun of material:  Wood_Lumber_ButtJoined
		processing begun of material:  Wood__Floor
		registered as also a user of material:  Wood_Lumber_ButtJoined
		registered as also a user of material:  Wood__Floor
		processing begun of multimaterial:  schodiste.Multimaterial#74
		num positions      :  75
		num normals        :  75
		num tangents       :  0
		num uvs            :  150
		num uvs2           :  0
		num colors         :  0
		num triangles      :  28
	processing begun of mesh:  SketchUp.148
		processing begun of material:  Wood__Floor
		processing begun of material:  material_4
		registered as also a user of material:  Wood__Floor
		registered as also a user of material:  material_4
		processing begun of multimaterial:  schodiste.Multimaterial#75
		num positions      :  148
		num normals        :  148
		num tangents       :  0
		num uvs            :  296
		num uvs2           :  0
		num colors         :  0
		num triangles      :  60
	processing begun of mesh:  SketchUp.149
		processing begun of material:  Wood__Floor
		processing begun of material:  material_4
		registered as also a user of material:  Wood__Floor
		registered as also a user of material:  material_4
		processing begun of multimaterial:  schodiste.Multimaterial#76
		num positions      :  148
		num normals        :  148
		num tangents       :  0
		num uvs            :  296
		num uvs2           :  0
		num colors         :  0
		num triangles      :  60
	processing begun of mesh:  SketchUp.150
		processing begun of material:  Wood_Lumber_ButtJoined
		processing begun of material:  Wood__Floor
		registered as also a user of material:  Wood_Lumber_ButtJoined
		registered as also a user of material:  Wood__Floor
		processing begun of multimaterial:  schodiste.Multimaterial#77
		num positions      :  71
		num normals        :  71
		num tangents       :  0
		num uvs            :  142
		num uvs2           :  0
		num colors         :  0
		num triangles      :  28
	processing begun of mesh:  SketchUp.151
		processing begun of material:  bois1
		processing begun of material:  Wood__Floor
		registered as also a user of material:  bois1
		registered as also a user of material:  Wood__Floor
		processing begun of multimaterial:  schodiste.Multimaterial#78
		num positions      :  76
		num normals        :  76
		num tangents       :  0
		num uvs            :  152
		num uvs2           :  0
		num colors         :  0
		num triangles      :  32
	processing begun of mesh:  SketchUp.152
		processing begun of material:  Wood_Lumber_ButtJoined
		processing begun of material:  Wood__Floor
		registered as also a user of material:  Wood_Lumber_ButtJoined
		registered as also a user of material:  Wood__Floor
		processing begun of multimaterial:  schodiste.Multimaterial#79
		num positions      :  74
		num normals        :  74
		num tangents       :  0
		num uvs            :  148
		num uvs2           :  0
		num colors         :  0
		num triangles      :  28
	processing begun of mesh:  SketchUp.153
		processing begun of material:  bois1
		processing begun of material:  Wood__Floor
		registered as also a user of material:  bois1
		registered as also a user of material:  Wood__Floor
		processing begun of multimaterial:  schodiste.Multimaterial#80
		num positions      :  84
		num normals        :  84
		num tangents       :  0
		num uvs            :  168
		num uvs2           :  0
		num colors         :  0
		num triangles      :  32
	processing begun of mesh:  SketchUp.154
		processing begun of material:  Wood__Floor
		processing begun of material:  material_4
		registered as also a user of material:  Wood__Floor
		registered as also a user of material:  material_4
		processing begun of multimaterial:  schodiste.Multimaterial#81
		num positions      :  148
		num normals        :  148
		num tangents       :  0
		num uvs            :  296
		num uvs2           :  0
		num colors         :  0
		num triangles      :  60
	processing begun of mesh:  SketchUp.155
		processing begun of material:  Wood_Lumber_ButtJoined
		processing begun of material:  Wood__Floor
		registered as also a user of material:  Wood_Lumber_ButtJoined
		registered as also a user of material:  Wood__Floor
		processing begun of multimaterial:  schodiste.Multimaterial#82
		num positions      :  71
		num normals        :  71
		num tangents       :  0
		num uvs            :  142
		num uvs2           :  0
		num colors         :  0
		num triangles      :  28
	processing begun of mesh:  SketchUp.156
		processing begun of material:  Wood_Lumber_ButtJoined
		processing begun of material:  Wood__Floor
		registered as also a user of material:  Wood_Lumber_ButtJoined
		registered as also a user of material:  Wood__Floor
		processing begun of multimaterial:  schodiste.Multimaterial#83
		num positions      :  67
		num normals        :  67
		num tangents       :  0
		num uvs            :  134
		num uvs2           :  0
		num colors         :  0
		num triangles      :  28
	processing begun of mesh:  SketchUp.157
		processing begun of material:  Wood__Floor
		processing begun of material:  material_4
		registered as also a user of material:  Wood__Floor
		registered as also a user of material:  material_4
		processing begun of multimaterial:  schodiste.Multimaterial#84
		num positions      :  148
		num normals        :  148
		num tangents       :  0
		num uvs            :  296
		num uvs2           :  0
		num colors         :  0
		num triangles      :  60
	processing begun of mesh:  SketchUp.158
		processing begun of material:  bois1
		processing begun of material:  Wood__Floor
		registered as also a user of material:  bois1
		registered as also a user of material:  Wood__Floor
		processing begun of multimaterial:  schodiste.Multimaterial#85
		num positions      :  79
		num normals        :  79
		num tangents       :  0
		num uvs            :  158
		num uvs2           :  0
		num colors         :  0
		num triangles      :  32
	processing begun of mesh:  SketchUp.159
		processing begun of material:  Wood__Floor
		processing begun of material:  material_4
		registered as also a user of material:  Wood__Floor
		registered as also a user of material:  material_4
		processing begun of multimaterial:  schodiste.Multimaterial#86
		num positions      :  148
		num normals        :  148
		num tangents       :  0
		num uvs            :  296
		num uvs2           :  0
		num colors         :  0
		num triangles      :  60
	processing begun of mesh:  SketchUp.160
		processing begun of material:  Wood_Lumber_ButtJoined
		processing begun of material:  Wood__Floor
		registered as also a user of material:  Wood_Lumber_ButtJoined
		registered as also a user of material:  Wood__Floor
		processing begun of multimaterial:  schodiste.Multimaterial#87
		num positions      :  69
		num normals        :  69
		num tangents       :  0
		num uvs            :  138
		num uvs2           :  0
		num colors         :  0
		num triangles      :  28
	processing begun of mesh:  SketchUp.161
		processing begun of material:  bois1
		processing begun of material:  Wood__Floor
		registered as also a user of material:  bois1
		registered as also a user of material:  Wood__Floor
		processing begun of multimaterial:  schodiste.Multimaterial#88
		num positions      :  73
		num normals        :  73
		num tangents       :  0
		num uvs            :  146
		num uvs2           :  0
		num colors         :  0
		num triangles      :  32
	processing begun of mesh:  SketchUp.162
		processing begun of material:  bois1
		processing begun of material:  Wood__Floor
		registered as also a user of material:  bois1
		registered as also a user of material:  Wood__Floor
		processing begun of multimaterial:  schodiste.Multimaterial#89
		num positions      :  79
		num normals        :  79
		num tangents       :  0
		num uvs            :  158
		num uvs2           :  0
		num colors         :  0
		num triangles      :  32
	processing begun of mesh:  SketchUp.163
		processing begun of material:  bois1
		processing begun of material:  Wood__Floor
		registered as also a user of material:  bois1
		registered as also a user of material:  Wood__Floor
		processing begun of multimaterial:  schodiste.Multimaterial#90
		num positions      :  81
		num normals        :  81
		num tangents       :  0
		num uvs            :  162
		num uvs2           :  0
		num colors         :  0
		num triangles      :  32
	processing begun of mesh:  SketchUp.164
		processing begun of material:  Wood__Floor
		processing begun of material:  material_4
		registered as also a user of material:  Wood__Floor
		registered as also a user of material:  material_4
		processing begun of multimaterial:  schodiste.Multimaterial#91
		num positions      :  148
		num normals        :  148
		num tangents       :  0
		num uvs            :  296
		num uvs2           :  0
		num colors         :  0
		num triangles      :  60
	processing begun of mesh:  SketchUp.165
		processing begun of material:  Wood_Lumber_ButtJoined
		processing begun of material:  Wood__Floor
		registered as also a user of material:  Wood_Lumber_ButtJoined
		registered as also a user of material:  Wood__Floor
		processing begun of multimaterial:  schodiste.Multimaterial#92
		num positions      :  74
		num normals        :  74
		num tangents       :  0
		num uvs            :  148
		num uvs2           :  0
		num colors         :  0
		num triangles      :  28
	processing begun of mesh:  SketchUp.166
		processing begun of material:  Wood__Floor
		processing begun of material:  material_4
		registered as also a user of material:  Wood__Floor
		registered as also a user of material:  material_4
		processing begun of multimaterial:  schodiste.Multimaterial#93
		num positions      :  148
		num normals        :  148
		num tangents       :  0
		num uvs            :  296
		num uvs2           :  0
		num colors         :  0
		num triangles      :  60
	processing begun of mesh:  SketchUp.167
		processing begun of material:  Wood_Lumber_ButtJoined
		processing begun of material:  Wood__Floor
		registered as also a user of material:  Wood_Lumber_ButtJoined
		registered as also a user of material:  Wood__Floor
		processing begun of multimaterial:  schodiste.Multimaterial#94
		num positions      :  61
		num normals        :  61
		num tangents       :  0
		num uvs            :  122
		num uvs2           :  0
		num colors         :  0
		num triangles      :  28
	processing begun of mesh:  SketchUp.168
		processing begun of material:  bois1
		processing begun of material:  Wood__Floor
		registered as also a user of material:  bois1
		registered as also a user of material:  Wood__Floor
		processing begun of multimaterial:  schodiste.Multimaterial#95
		num positions      :  69
		num normals        :  69
		num tangents       :  0
		num uvs            :  138
		num uvs2           :  0
		num colors         :  0
		num triangles      :  32
	processing begun of mesh:  SketchUp.169
		processing begun of material:  Wood__Floor
		processing begun of material:  material_4
		registered as also a user of material:  Wood__Floor
		registered as also a user of material:  material_4
		processing begun of multimaterial:  schodiste.Multimaterial#96
		num positions      :  148
		num normals        :  148
		num tangents       :  0
		num uvs            :  296
		num uvs2           :  0
		num colors         :  0
		num triangles      :  60
	processing begun of mesh:  SketchUp.170
		processing begun of material:  bois1
		processing begun of material:  Wood__Floor
		registered as also a user of material:  bois1
		registered as also a user of material:  Wood__Floor
		processing begun of multimaterial:  schodiste.Multimaterial#97
		num positions      :  74
		num normals        :  74
		num tangents       :  0
		num uvs            :  148
		num uvs2           :  0
		num colors         :  0
		num triangles      :  32
	processing begun of mesh:  SketchUp.171
		processing begun of material:  Wood_Lumber_ButtJoined
		processing begun of material:  Wood__Floor
		registered as also a user of material:  Wood_Lumber_ButtJoined
		registered as also a user of material:  Wood__Floor
		processing begun of multimaterial:  schodiste.Multimaterial#98
		num positions      :  70
		num normals        :  70
		num tangents       :  0
		num uvs            :  140
		num uvs2           :  0
		num colors         :  0
		num triangles      :  28
	processing begun of mesh:  SketchUp.172
		processing begun of material:  Wood__Floor
		processing begun of material:  material_4
		registered as also a user of material:  Wood__Floor
		registered as also a user of material:  material_4
		processing begun of multimaterial:  schodiste.Multimaterial#99
		num positions      :  148
		num normals        :  148
		num tangents       :  0
		num uvs            :  296
		num uvs2           :  0
		num colors         :  0
		num triangles      :  60
	processing begun of mesh:  SketchUp.173
		processing begun of material:  bois1
		processing begun of material:  Wood__Floor
		registered as also a user of material:  bois1
		registered as also a user of material:  Wood__Floor
		processing begun of multimaterial:  schodiste.Multimaterial#100
		num positions      :  82
		num normals        :  82
		num tangents       :  0
		num uvs            :  164
		num uvs2           :  0
		num colors         :  0
		num triangles      :  32
	processing begun of mesh:  SketchUp.174
		processing begun of material:  Wood_Lumber_ButtJoined
		processing begun of material:  Wood__Floor
		registered as also a user of material:  Wood_Lumber_ButtJoined
		registered as also a user of material:  Wood__Floor
		processing begun of multimaterial:  schodiste.Multimaterial#101
		num positions      :  69
		num normals        :  69
		num tangents       :  0
		num uvs            :  138
		num uvs2           :  0
		num colors         :  0
		num triangles      :  28
	processing begun of mesh:  SketchUp.175
		processing begun of material:  Wood__Floor
		processing begun of material:  material_4
		registered as also a user of material:  Wood__Floor
		registered as also a user of material:  material_4
		processing begun of multimaterial:  schodiste.Multimaterial#102
		num positions      :  148
		num normals        :  148
		num tangents       :  0
		num uvs            :  296
		num uvs2           :  0
		num colors         :  0
		num triangles      :  60
	processing begun of mesh:  SketchUp.176
		processing begun of material:  bois1
		processing begun of material:  Wood__Floor
		registered as also a user of material:  bois1
		registered as also a user of material:  Wood__Floor
		processing begun of multimaterial:  schodiste.Multimaterial#103
		num positions      :  78
		num normals        :  78
		num tangents       :  0
		num uvs            :  156
		num uvs2           :  0
		num colors         :  0
		num triangles      :  32
	processing begun of mesh:  SketchUp.177
		processing begun of material:  Wood_Lumber_ButtJoined
		processing begun of material:  Wood__Floor
		registered as also a user of material:  Wood_Lumber_ButtJoined
		registered as also a user of material:  Wood__Floor
		processing begun of multimaterial:  schodiste.Multimaterial#104
		num positions      :  72
		num normals        :  72
		num tangents       :  0
		num uvs            :  144
		num uvs2           :  0
		num colors         :  0
		num triangles      :  28
	processing begun of mesh:  SketchUp.178
		processing begun of material:  Wood_Lumber_ButtJoined
		processing begun of material:  material_5
		registered as also a user of material:  Wood_Lumber_ButtJoined
		registered as also a user of material:  material_5
		processing begun of multimaterial:  schodiste.Multimaterial#105
		num positions      :  48
		num normals        :  48
		num tangents       :  0
		num uvs            :  96
		num uvs2           :  0
		num colors         :  0
		num triangles      :  28
	processing begun of mesh:  SketchUp.179
		processing begun of material:  Wood_Lumber_ButtJoined
		registered as also a user of material:  Wood_Lumber_ButtJoined
		num positions      :  92
		num normals        :  92
		num tangents       :  0
		num uvs            :  184
		num uvs2           :  0
		num colors         :  0
		num triangles      :  56
	processing begun of mesh:  SketchUp.180
		processing begun of material:  Wood_Lumber_ButtJoined
		processing begun of material:  noir_satin
		registered as also a user of material:  Wood_Lumber_ButtJoined
		registered as also a user of material:  noir_satin
		processing begun of multimaterial:  schodiste.Multimaterial#106
		num positions      :  8
		num normals        :  8
		num tangents       :  0
		num uvs            :  16
		num uvs2           :  0
		num colors         :  0
		num triangles      :  4
	processing begun of mesh:  SketchUp.181
		processing begun of material:  Wood_Board_Cork
		processing begun of material:  material_5
		registered as also a user of material:  Wood_Board_Cork
		registered as also a user of material:  material_5
		processing begun of multimaterial:  schodiste.Multimaterial#107
		num positions      :  76
		num normals        :  76
		num tangents       :  0
		num uvs            :  152
		num uvs2           :  0
		num colors         :  0
		num triangles      :  36
	processing begun of mesh:  SketchUp.182
		processing begun of material:  Wood_Board_Cork
		registered as also a user of material:  Wood_Board_Cork
		num positions      :  32
		num normals        :  32
		num tangents       :  0
		num uvs            :  64
		num uvs2           :  0
		num colors         :  0
		num triangles      :  20
	processing begun of mesh:  SketchUp.183
		processing begun of material:  Wood_Board_Cork
		processing begun of material:  noir_satin
		registered as also a user of material:  Wood_Board_Cork
		registered as also a user of material:  noir_satin
		processing begun of multimaterial:  schodiste.Multimaterial#108
		num positions      :  8
		num normals        :  8
		num tangents       :  0
		num uvs            :  16
		num uvs2           :  0
		num colors         :  0
		num triangles      :  4
	processing begun of mesh:  SketchUp.184
		processing begun of material:  Wood_Board_Cork
		processing begun of material:  Wood_Lumber_ButtJoined
		registered as also a user of material:  Wood_Board_Cork
		registered as also a user of material:  Wood_Lumber_ButtJoined
		processing begun of multimaterial:  schodiste.Multimaterial#109
		num positions      :  8
		num normals        :  8
		num tangents       :  0
		num uvs            :  16
		num uvs2           :  0
		num colors         :  0
		num triangles      :  4
	processing begun of mesh:  SketchUp.185
		processing begun of material:  Wood_Board_Cork
		processing begun of material:  Wood_Lumber_ButtJoined
		registered as also a user of material:  Wood_Board_Cork
		registered as also a user of material:  Wood_Lumber_ButtJoined
		processing begun of multimaterial:  schodiste.Multimaterial#110
		num positions      :  8
		num normals        :  8
		num tangents       :  0
		num uvs            :  16
		num uvs2           :  0
		num colors         :  0
		num triangles      :  4
	processing begun of mesh:  SketchUp.186
		processing begun of material:  Wood_Board_Cork
		processing begun of material:  Wood_Lumber_ButtJoined
		registered as also a user of material:  Wood_Board_Cork
		registered as also a user of material:  Wood_Lumber_ButtJoined
		processing begun of multimaterial:  schodiste.Multimaterial#111
		num positions      :  12
		num normals        :  12
		num tangents       :  0
		num uvs            :  24
		num uvs2           :  0
		num colors         :  0
		num triangles      :  8
	processing begun of mesh:  SketchUp.187
		processing begun of material:  Wood_Board_Cork
		processing begun of material:  noir_satin
		registered as also a user of material:  Wood_Board_Cork
		registered as also a user of material:  noir_satin
		processing begun of multimaterial:  schodiste.Multimaterial#112
		num positions      :  20
		num normals        :  20
		num tangents       :  0
		num uvs            :  40
		num uvs2           :  0
		num colors         :  0
		num triangles      :  12
	processing begun of camera (UniversalCamera):  skp_camera_Last_Saved_SketchUp_View
	processing begun of mesh:  group_0
		processing begun of material:  Wood_Board_Cork
		registered as also a user of material:  Wood_Board_Cork
		num positions      :  32
		num normals        :  32
		num tangents       :  0
		num uvs            :  64
		num uvs2           :  0
		num colors         :  0
		num triangles      :  20
	processing begun of mesh:  group_0.001
		processing begun of material:  Wood_Board_Cork
		processing begun of material:  Wood_Lumber_ButtJoined
		registered as also a user of material:  Wood_Board_Cork
		registered as also a user of material:  Wood_Lumber_ButtJoined
		processing begun of multimaterial:  schodiste.Multimaterial#113
		num positions      :  8
		num normals        :  8
		num tangents       :  0
		num uvs            :  16
		num uvs2           :  0
		num colors         :  0
		num triangles      :  4
	processing begun of mesh:  group_0.002
		processing begun of material:  Wood_Lumber_ButtJoined
		processing begun of material:  material_5
		registered as also a user of material:  Wood_Lumber_ButtJoined
		registered as also a user of material:  material_5
		processing begun of multimaterial:  schodiste.Multimaterial#114
		num positions      :  48
		num normals        :  48
		num tangents       :  0
		num uvs            :  96
		num uvs2           :  0
		num colors         :  0
		num triangles      :  32
	processing begun of mesh:  group_0.003
		processing begun of material:  Wood_Lumber_ButtJoined
		registered as also a user of material:  Wood_Lumber_ButtJoined
		num positions      :  92
		num normals        :  92
		num tangents       :  0
		num uvs            :  184
		num uvs2           :  0
		num colors         :  0
		num triangles      :  56
	processing begun of mesh:  group_0.004
		processing begun of material:  Wood_Board_Cork
		processing begun of material:  material_5
		registered as also a user of material:  Wood_Board_Cork
		registered as also a user of material:  material_5
		processing begun of multimaterial:  schodiste.Multimaterial#115
		num positions      :  56
		num normals        :  56
		num tangents       :  0
		num uvs            :  112
		num uvs2           :  0
		num colors         :  0
		num triangles      :  36
	processing begun of mesh:  group_0.005
		processing begun of material:  Wood_Board_Cork
		processing begun of material:  noir_satin
		registered as also a user of material:  Wood_Board_Cork
		registered as also a user of material:  noir_satin
		processing begun of multimaterial:  schodiste.Multimaterial#116
		num positions      :  20
		num normals        :  20
		num tangents       :  0
		num uvs            :  40
		num uvs2           :  0
		num colors         :  0
		num triangles      :  12
	processing begun of mesh:  group_0.006
		processing begun of material:  Wood_Board_Cork
		processing begun of material:  noir_satin
		registered as also a user of material:  Wood_Board_Cork
		registered as also a user of material:  noir_satin
		processing begun of multimaterial:  schodiste.Multimaterial#117
		num positions      :  8
		num normals        :  8
		num tangents       :  0
		num uvs            :  16
		num uvs2           :  0
		num colors         :  0
		num triangles      :  4
	processing begun of mesh:  group_0.007
		processing begun of material:  Wood_Board_Cork
		processing begun of material:  Wood_Lumber_ButtJoined
		registered as also a user of material:  Wood_Board_Cork
		registered as also a user of material:  Wood_Lumber_ButtJoined
		processing begun of multimaterial:  schodiste.Multimaterial#118
		num positions      :  8
		num normals        :  8
		num tangents       :  0
		num uvs            :  16
		num uvs2           :  0
		num colors         :  0
		num triangles      :  4
	processing begun of mesh:  group_0.008
		processing begun of material:  Wood_Lumber_ButtJoined
		processing begun of material:  noir_satin
		registered as also a user of material:  Wood_Lumber_ButtJoined
		registered as also a user of material:  noir_satin
		processing begun of multimaterial:  schodiste.Multimaterial#119
		num positions      :  8
		num normals        :  8
		num tangents       :  0
		num uvs            :  16
		num uvs2           :  0
		num colors         :  0
		num triangles      :  4
	processing begun of mesh:  group_0.009
		processing begun of material:  Wood_Board_Cork
		processing begun of material:  Wood_Lumber_ButtJoined
		registered as also a user of material:  Wood_Board_Cork
		registered as also a user of material:  Wood_Lumber_ButtJoined
		processing begun of multimaterial:  schodiste.Multimaterial#120
		num positions      :  12
		num normals        :  12
		num tangents       :  0
		num uvs            :  24
		num uvs2           :  0
		num colors         :  0
		num triangles      :  8
	processing begun of mesh:  group_0.010
		processing begun of material:  bois1
		processing begun of material:  Wood__Floor
		registered as also a user of material:  bois1
		registered as also a user of material:  Wood__Floor
		processing begun of multimaterial:  schodiste.Multimaterial#121
		num positions      :  58
		num normals        :  58
		num tangents       :  0
		num uvs            :  116
		num uvs2           :  0
		num colors         :  0
		num triangles      :  32
	processing begun of mesh:  group_0.011
		processing begun of material:  Wood__Floor
		processing begun of material:  material_4
		registered as also a user of material:  Wood__Floor
		registered as also a user of material:  material_4
		processing begun of multimaterial:  schodiste.Multimaterial#122
		num positions      :  148
		num normals        :  148
		num tangents       :  0
		num uvs            :  296
		num uvs2           :  0
		num colors         :  0
		num triangles      :  60
	processing begun of mesh:  group_0.012
		processing begun of material:  Wood__Floor
		processing begun of material:  material_4
		registered as also a user of material:  Wood__Floor
		registered as also a user of material:  material_4
		processing begun of multimaterial:  schodiste.Multimaterial#123
		num positions      :  148
		num normals        :  148
		num tangents       :  0
		num uvs            :  296
		num uvs2           :  0
		num colors         :  0
		num triangles      :  60
	processing begun of mesh:  group_0.013
		processing begun of material:  Wood__Floor
		processing begun of material:  material_4
		registered as also a user of material:  Wood__Floor
		registered as also a user of material:  material_4
		processing begun of multimaterial:  schodiste.Multimaterial#124
		num positions      :  148
		num normals        :  148
		num tangents       :  0
		num uvs            :  296
		num uvs2           :  0
		num colors         :  0
		num triangles      :  60
	processing begun of mesh:  group_0.014
		processing begun of material:  bois1
		processing begun of material:  Wood__Floor
		registered as also a user of material:  bois1
		registered as also a user of material:  Wood__Floor
		processing begun of multimaterial:  schodiste.Multimaterial#125
		num positions      :  47
		num normals        :  47
		num tangents       :  0
		num uvs            :  94
		num uvs2           :  0
		num colors         :  0
		num triangles      :  32
	processing begun of mesh:  group_0.015
		processing begun of material:  Wood__Floor
		processing begun of material:  material_4
		registered as also a user of material:  Wood__Floor
		registered as also a user of material:  material_4
		processing begun of multimaterial:  schodiste.Multimaterial#126
		num positions      :  148
		num normals        :  148
		num tangents       :  0
		num uvs            :  296
		num uvs2           :  0
		num colors         :  0
		num triangles      :  60
	processing begun of mesh:  group_0.016
		processing begun of material:  Wood_Lumber_ButtJoined
		processing begun of material:  Wood__Floor
		registered as also a user of material:  Wood_Lumber_ButtJoined
		registered as also a user of material:  Wood__Floor
		processing begun of multimaterial:  schodiste.Multimaterial#127
		num positions      :  42
		num normals        :  42
		num tangents       :  0
		num uvs            :  84
		num uvs2           :  0
		num colors         :  0
		num triangles      :  28
	processing begun of mesh:  group_0.017
		processing begun of material:  Wood_Lumber_ButtJoined
		processing begun of material:  Wood__Floor
		registered as also a user of material:  Wood_Lumber_ButtJoined
		registered as also a user of material:  Wood__Floor
		processing begun of multimaterial:  schodiste.Multimaterial#128
		num positions      :  50
		num normals        :  50
		num tangents       :  0
		num uvs            :  100
		num uvs2           :  0
		num colors         :  0
		num triangles      :  28
	processing begun of mesh:  group_0.018
		processing begun of material:  bois1
		processing begun of material:  Wood__Floor
		registered as also a user of material:  bois1
		registered as also a user of material:  Wood__Floor
		processing begun of multimaterial:  schodiste.Multimaterial#129
		num positions      :  54
		num normals        :  54
		num tangents       :  0
		num uvs            :  108
		num uvs2           :  0
		num colors         :  0
		num triangles      :  32
	processing begun of mesh:  group_0.019
		processing begun of material:  Wood_Lumber_ButtJoined
		processing begun of material:  Wood__Floor
		registered as also a user of material:  Wood_Lumber_ButtJoined
		registered as also a user of material:  Wood__Floor
		processing begun of multimaterial:  schodiste.Multimaterial#130
		num positions      :  42
		num normals        :  42
		num tangents       :  0
		num uvs            :  84
		num uvs2           :  0
		num colors         :  0
		num triangles      :  28
	processing begun of mesh:  group_0.020
		processing begun of material:  bois1
		processing begun of material:  Wood__Floor
		registered as also a user of material:  bois1
		registered as also a user of material:  Wood__Floor
		processing begun of multimaterial:  schodiste.Multimaterial#131
		num positions      :  56
		num normals        :  56
		num tangents       :  0
		num uvs            :  112
		num uvs2           :  0
		num colors         :  0
		num triangles      :  32
	processing begun of mesh:  group_0.021
		processing begun of material:  Wood__Floor
		processing begun of material:  material_4
		registered as also a user of material:  Wood__Floor
		registered as also a user of material:  material_4
		processing begun of multimaterial:  schodiste.Multimaterial#132
		num positions      :  148
		num normals        :  148
		num tangents       :  0
		num uvs            :  296
		num uvs2           :  0
		num colors         :  0
		num triangles      :  60
	processing begun of mesh:  group_0.022
		processing begun of material:  bois1
		processing begun of material:  Wood__Floor
		registered as also a user of material:  bois1
		registered as also a user of material:  Wood__Floor
		processing begun of multimaterial:  schodiste.Multimaterial#133
		num positions      :  53
		num normals        :  53
		num tangents       :  0
		num uvs            :  106
		num uvs2           :  0
		num colors         :  0
		num triangles      :  32
	processing begun of mesh:  group_0.023
		processing begun of material:  Wood__Floor
		processing begun of material:  material_4
		registered as also a user of material:  Wood__Floor
		registered as also a user of material:  material_4
		processing begun of multimaterial:  schodiste.Multimaterial#134
		num positions      :  148
		num normals        :  148
		num tangents       :  0
		num uvs            :  296
		num uvs2           :  0
		num colors         :  0
		num triangles      :  60
	processing begun of mesh:  group_0.024
		processing begun of material:  Wood__Floor
		processing begun of material:  material_4
		registered as also a user of material:  Wood__Floor
		registered as also a user of material:  material_4
		processing begun of multimaterial:  schodiste.Multimaterial#135
		num positions      :  148
		num normals        :  148
		num tangents       :  0
		num uvs            :  296
		num uvs2           :  0
		num colors         :  0
		num triangles      :  60
	processing begun of mesh:  group_0.025
		processing begun of material:  Wood_Lumber_ButtJoined
		processing begun of material:  Wood__Floor
		registered as also a user of material:  Wood_Lumber_ButtJoined
		registered as also a user of material:  Wood__Floor
		processing begun of multimaterial:  schodiste.Multimaterial#136
		num positions      :  32
		num normals        :  32
		num tangents       :  0
		num uvs            :  64
		num uvs2           :  0
		num colors         :  0
		num triangles      :  28
	processing begun of mesh:  group_0.026
		processing begun of material:  bois1
		processing begun of material:  Wood__Floor
		registered as also a user of material:  bois1
		registered as also a user of material:  Wood__Floor
		processing begun of multimaterial:  schodiste.Multimaterial#137
		num positions      :  49
		num normals        :  49
		num tangents       :  0
		num uvs            :  98
		num uvs2           :  0
		num colors         :  0
		num triangles      :  32
	processing begun of mesh:  group_0.027
		processing begun of material:  Wood__Floor
		processing begun of material:  material_4
		registered as also a user of material:  Wood__Floor
		registered as also a user of material:  material_4
		processing begun of multimaterial:  schodiste.Multimaterial#138
		num positions      :  148
		num normals        :  148
		num tangents       :  0
		num uvs            :  296
		num uvs2           :  0
		num colors         :  0
		num triangles      :  60
	processing begun of mesh:  group_0.028
		processing begun of material:  Wood_Lumber_ButtJoined
		processing begun of material:  Wood__Floor
		registered as also a user of material:  Wood_Lumber_ButtJoined
		registered as also a user of material:  Wood__Floor
		processing begun of multimaterial:  schodiste.Multimaterial#139
		num positions      :  37
		num normals        :  37
		num tangents       :  0
		num uvs            :  74
		num uvs2           :  0
		num colors         :  0
		num triangles      :  28
	processing begun of mesh:  group_0.029
		processing begun of material:  bois1
		processing begun of material:  Wood__Floor
		registered as also a user of material:  bois1
		registered as also a user of material:  Wood__Floor
		processing begun of multimaterial:  schodiste.Multimaterial#140
		num positions      :  49
		num normals        :  49
		num tangents       :  0
		num uvs            :  98
		num uvs2           :  0
		num colors         :  0
		num triangles      :  32
	processing begun of mesh:  group_0.030
		processing begun of material:  Wood_Lumber_ButtJoined
		processing begun of material:  Wood__Floor
		registered as also a user of material:  Wood_Lumber_ButtJoined
		registered as also a user of material:  Wood__Floor
		processing begun of multimaterial:  schodiste.Multimaterial#141
		num positions      :  51
		num normals        :  51
		num tangents       :  0
		num uvs            :  102
		num uvs2           :  0
		num colors         :  0
		num triangles      :  28
	processing begun of mesh:  group_0.031
		processing begun of material:  Wood_Lumber_ButtJoined
		processing begun of material:  Wood__Floor
		registered as also a user of material:  Wood_Lumber_ButtJoined
		registered as also a user of material:  Wood__Floor
		processing begun of multimaterial:  schodiste.Multimaterial#142
		num positions      :  37
		num normals        :  37
		num tangents       :  0
		num uvs            :  74
		num uvs2           :  0
		num colors         :  0
		num triangles      :  28
	processing begun of mesh:  group_0.032
		processing begun of material:  Wood__Floor
		processing begun of material:  material_4
		registered as also a user of material:  Wood__Floor
		registered as also a user of material:  material_4
		processing begun of multimaterial:  schodiste.Multimaterial#143
		num positions      :  148
		num normals        :  148
		num tangents       :  0
		num uvs            :  296
		num uvs2           :  0
		num colors         :  0
		num triangles      :  60
	processing begun of mesh:  group_0.033
		processing begun of material:  Wood__Floor
		processing begun of material:  material_4
		registered as also a user of material:  Wood__Floor
		registered as also a user of material:  material_4
		processing begun of multimaterial:  schodiste.Multimaterial#144
		num positions      :  148
		num normals        :  148
		num tangents       :  0
		num uvs            :  296
		num uvs2           :  0
		num colors         :  0
		num triangles      :  60
	processing begun of mesh:  group_0.034
		processing begun of material:  Wood__Floor
		processing begun of material:  material_4
		registered as also a user of material:  Wood__Floor
		registered as also a user of material:  material_4
		processing begun of multimaterial:  schodiste.Multimaterial#145
		num positions      :  148
		num normals        :  148
		num tangents       :  0
		num uvs            :  296
		num uvs2           :  0
		num colors         :  0
		num triangles      :  60
	processing begun of mesh:  group_0.035
		processing begun of material:  Wood_Lumber_ButtJoined
		processing begun of material:  Wood__Floor
		registered as also a user of material:  Wood_Lumber_ButtJoined
		registered as also a user of material:  Wood__Floor
		processing begun of multimaterial:  schodiste.Multimaterial#146
		num positions      :  37
		num normals        :  37
		num tangents       :  0
		num uvs            :  74
		num uvs2           :  0
		num colors         :  0
		num triangles      :  28
	processing begun of mesh:  group_0.036
		processing begun of material:  Wood_Lumber_ButtJoined
		processing begun of material:  Wood__Floor
		registered as also a user of material:  Wood_Lumber_ButtJoined
		registered as also a user of material:  Wood__Floor
		processing begun of multimaterial:  schodiste.Multimaterial#147
		num positions      :  39
		num normals        :  39
		num tangents       :  0
		num uvs            :  78
		num uvs2           :  0
		num colors         :  0
		num triangles      :  28
	processing begun of mesh:  group_0.037
		processing begun of material:  bois1
		processing begun of material:  Wood__Floor
		registered as also a user of material:  bois1
		registered as also a user of material:  Wood__Floor
		processing begun of multimaterial:  schodiste.Multimaterial#148
		num positions      :  45
		num normals        :  45
		num tangents       :  0
		num uvs            :  90
		num uvs2           :  0
		num colors         :  0
		num triangles      :  32
	processing begun of mesh:  group_0.038
		processing begun of material:  bois1
		processing begun of material:  Wood__Floor
		registered as also a user of material:  bois1
		registered as also a user of material:  Wood__Floor
		processing begun of multimaterial:  schodiste.Multimaterial#149
		num positions      :  47
		num normals        :  47
		num tangents       :  0
		num uvs            :  94
		num uvs2           :  0
		num colors         :  0
		num triangles      :  32
	processing begun of mesh:  group_0.039
		processing begun of material:  bois1
		processing begun of material:  Wood__Floor
		registered as also a user of material:  bois1
		registered as also a user of material:  Wood__Floor
		processing begun of multimaterial:  schodiste.Multimaterial#150
		num positions      :  48
		num normals        :  48
		num tangents       :  0
		num uvs            :  96
		num uvs2           :  0
		num colors         :  0
		num triangles      :  32
	processing begun of mesh:  group_0.040
		processing begun of material:  Wood_Lumber_ButtJoined
		processing begun of material:  Wood__Floor
		registered as also a user of material:  Wood_Lumber_ButtJoined
		registered as also a user of material:  Wood__Floor
		processing begun of multimaterial:  schodiste.Multimaterial#151
		num positions      :  41
		num normals        :  41
		num tangents       :  0
		num uvs            :  82
		num uvs2           :  0
		num colors         :  0
		num triangles      :  28
	processing begun of mesh:  group_0.041
		processing begun of material:  bois1
		processing begun of material:  Wood__Floor
		registered as also a user of material:  bois1
		registered as also a user of material:  Wood__Floor
		processing begun of multimaterial:  schodiste.Multimaterial#152
		num positions      :  50
		num normals        :  50
		num tangents       :  0
		num uvs            :  100
		num uvs2           :  0
		num colors         :  0
		num triangles      :  32
	processing begun of mesh:  group_0.042
		processing begun of material:  Wood__Floor
		processing begun of material:  material_4
		registered as also a user of material:  Wood__Floor
		registered as also a user of material:  material_4
		processing begun of multimaterial:  schodiste.Multimaterial#153
		num positions      :  148
		num normals        :  148
		num tangents       :  0
		num uvs            :  296
		num uvs2           :  0
		num colors         :  0
		num triangles      :  60
	processing begun of mesh:  group_0.043
		processing begun of material:  Wood__Floor
		processing begun of material:  material_4
		registered as also a user of material:  Wood__Floor
		registered as also a user of material:  material_4
		processing begun of multimaterial:  schodiste.Multimaterial#154
		num positions      :  148
		num normals        :  148
		num tangents       :  0
		num uvs            :  296
		num uvs2           :  0
		num colors         :  0
		num triangles      :  60
	processing begun of mesh:  group_0.044
		processing begun of material:  bois1
		processing begun of material:  Wood__Floor
		registered as also a user of material:  bois1
		registered as also a user of material:  Wood__Floor
		processing begun of multimaterial:  schodiste.Multimaterial#155
		num positions      :  49
		num normals        :  49
		num tangents       :  0
		num uvs            :  98
		num uvs2           :  0
		num colors         :  0
		num triangles      :  32
	processing begun of mesh:  group_0.045
		processing begun of material:  bois1
		processing begun of material:  Wood__Floor
		registered as also a user of material:  bois1
		registered as also a user of material:  Wood__Floor
		processing begun of multimaterial:  schodiste.Multimaterial#156
		num positions      :  62
		num normals        :  62
		num tangents       :  0
		num uvs            :  124
		num uvs2           :  0
		num colors         :  0
		num triangles      :  32
	processing begun of mesh:  group_0.046
		processing begun of material:  Wood_Lumber_ButtJoined
		processing begun of material:  Wood__Floor
		registered as also a user of material:  Wood_Lumber_ButtJoined
		registered as also a user of material:  Wood__Floor
		processing begun of multimaterial:  schodiste.Multimaterial#157
		num positions      :  41
		num normals        :  41
		num tangents       :  0
		num uvs            :  82
		num uvs2           :  0
		num colors         :  0
		num triangles      :  28
	processing begun of mesh:  group_0.047
		processing begun of material:  Wood_Lumber_ButtJoined
		processing begun of material:  Wood__Floor
		registered as also a user of material:  Wood_Lumber_ButtJoined
		registered as also a user of material:  Wood__Floor
		processing begun of multimaterial:  schodiste.Multimaterial#158
		num positions      :  43
		num normals        :  43
		num tangents       :  0
		num uvs            :  86
		num uvs2           :  0
		num colors         :  0
		num triangles      :  28
	processing begun of mesh:  group_0.048
		processing begun of material:  Wood_Lumber_ButtJoined
		processing begun of material:  Wood__Floor
		registered as also a user of material:  Wood_Lumber_ButtJoined
		registered as also a user of material:  Wood__Floor
		processing begun of multimaterial:  schodiste.Multimaterial#159
		num positions      :  43
		num normals        :  43
		num tangents       :  0
		num uvs            :  86
		num uvs2           :  0
		num colors         :  0
		num triangles      :  28
	processing begun of light (POINT):  Light
========= Writing of JSON file started =========
	writing mesh:  SketchUp
	writing mesh:  SketchUp.001
	writing mesh:  SketchUp.002
	writing mesh:  SketchUp.003
	writing mesh:  SketchUp.004
	writing mesh:  SketchUp.005
	writing mesh:  SketchUp.006
	writing mesh:  SketchUp.007
	writing mesh:  SketchUp.008
	writing mesh:  SketchUp.009
	writing mesh:  SketchUp.010
	writing mesh:  SketchUp.011
	writing mesh:  SketchUp.012
	writing mesh:  SketchUp.013
	writing mesh:  SketchUp.014
	writing mesh:  SketchUp.015
	writing mesh:  SketchUp.016
	writing mesh:  SketchUp.017
	writing mesh:  SketchUp.018
	writing mesh:  SketchUp.019
	writing mesh:  SketchUp.020
	writing mesh:  SketchUp.021
	writing mesh:  SketchUp.022
	writing mesh:  SketchUp.023
	writing mesh:  SketchUp.024
	writing mesh:  SketchUp.025
	writing mesh:  SketchUp.026
	writing mesh:  SketchUp.027
	writing mesh:  SketchUp.028
	writing mesh:  SketchUp.029
	writing mesh:  SketchUp.030
	writing mesh:  SketchUp.031
	writing mesh:  SketchUp.032
	writing mesh:  SketchUp.033
	writing mesh:  SketchUp.034
	writing mesh:  SketchUp.035
	writing mesh:  SketchUp.036
	writing mesh:  SketchUp.037
	writing mesh:  SketchUp.038
	writing mesh:  SketchUp.039
	writing mesh:  SketchUp.040
	writing mesh:  SketchUp.041
	writing mesh:  SketchUp.042
	writing mesh:  SketchUp.043
	writing mesh:  SketchUp.044
	writing mesh:  SketchUp.045
	writing mesh:  SketchUp.046
	writing mesh:  SketchUp.047
	writing mesh:  SketchUp.048
	writing mesh:  SketchUp.049
	writing mesh:  SketchUp.050
	writing mesh:  SketchUp.051
	writing mesh:  SketchUp.052
	writing mesh:  SketchUp.053
	writing mesh:  SketchUp.054
	writing mesh:  SketchUp.055
	writing mesh:  SketchUp.056
	writing mesh:  SketchUp.057
	writing mesh:  SketchUp.058
	writing mesh:  SketchUp.059
	writing mesh:  SketchUp.060
	writing mesh:  SketchUp.061
	writing mesh:  SketchUp.062
	writing mesh:  SketchUp.063
	writing mesh:  SketchUp.126
	writing mesh:  SketchUp.127
	writing mesh:  SketchUp.128
	writing mesh:  SketchUp.129
	writing mesh:  SketchUp.130
	writing mesh:  SketchUp.131
	writing mesh:  SketchUp.132
	writing mesh:  SketchUp.133
	writing mesh:  SketchUp.134
	writing mesh:  SketchUp.135
	writing mesh:  SketchUp.136
	writing mesh:  SketchUp.137
	writing mesh:  SketchUp.138
	writing mesh:  SketchUp.139
	writing mesh:  SketchUp.140
	writing mesh:  SketchUp.141
	writing mesh:  SketchUp.142
	writing mesh:  SketchUp.143
	writing mesh:  SketchUp.144
	writing mesh:  SketchUp.145
	writing mesh:  SketchUp.146
	writing mesh:  SketchUp.147
	writing mesh:  SketchUp.148
	writing mesh:  SketchUp.149
	writing mesh:  SketchUp.150
	writing mesh:  SketchUp.151
	writing mesh:  SketchUp.152
	writing mesh:  SketchUp.153
	writing mesh:  SketchUp.154
	writing mesh:  SketchUp.155
	writing mesh:  SketchUp.156
	writing mesh:  SketchUp.157
	writing mesh:  SketchUp.158
	writing mesh:  SketchUp.159
	writing mesh:  SketchUp.160
	writing mesh:  SketchUp.161
	writing mesh:  SketchUp.162
	writing mesh:  SketchUp.163
	writing mesh:  SketchUp.164
	writing mesh:  SketchUp.165
	writing mesh:  SketchUp.166
	writing mesh:  SketchUp.167
	writing mesh:  SketchUp.168
	writing mesh:  SketchUp.169
	writing mesh:  SketchUp.170
	writing mesh:  SketchUp.171
	writing mesh:  SketchUp.172
	writing mesh:  SketchUp.173
	writing mesh:  SketchUp.174
	writing mesh:  SketchUp.175
	writing mesh:  SketchUp.176
	writing mesh:  SketchUp.177
	writing mesh:  SketchUp.178
	writing mesh:  SketchUp.179
	writing mesh:  SketchUp.180
	writing mesh:  SketchUp.181
	writing mesh:  SketchUp.182
	writing mesh:  SketchUp.183
	writing mesh:  SketchUp.184
	writing mesh:  SketchUp.185
	writing mesh:  SketchUp.186
	writing mesh:  SketchUp.187
	writing mesh:  group_0
	writing mesh:  group_0.001
	writing mesh:  group_0.002
	writing mesh:  group_0.003
	writing mesh:  group_0.004
	writing mesh:  group_0.005
	writing mesh:  group_0.006
	writing mesh:  group_0.007
	writing mesh:  group_0.008
	writing mesh:  group_0.009
	writing mesh:  group_0.010
	writing mesh:  group_0.011
	writing mesh:  group_0.012
	writing mesh:  group_0.013
	writing mesh:  group_0.014
	writing mesh:  group_0.015
	writing mesh:  group_0.016
	writing mesh:  group_0.017
	writing mesh:  group_0.018
	writing mesh:  group_0.019
	writing mesh:  group_0.020
	writing mesh:  group_0.021
	writing mesh:  group_0.022
	writing mesh:  group_0.023
	writing mesh:  group_0.024
	writing mesh:  group_0.025
	writing mesh:  group_0.026
	writing mesh:  group_0.027
	writing mesh:  group_0.028
	writing mesh:  group_0.029
	writing mesh:  group_0.030
	writing mesh:  group_0.031
	writing mesh:  group_0.032
	writing mesh:  group_0.033
	writing mesh:  group_0.034
	writing mesh:  group_0.035
	writing mesh:  group_0.036
	writing mesh:  group_0.037
	writing mesh:  group_0.038
	writing mesh:  group_0.039
	writing mesh:  group_0.040
	writing mesh:  group_0.041
	writing mesh:  group_0.042
	writing mesh:  group_0.043
	writing mesh:  group_0.044
	writing mesh:  group_0.045
	writing mesh:  group_0.046
	writing mesh:  group_0.047
	writing mesh:  group_0.048
========= Writing of JSON file completed =========
========= end of processing =========
elapsed time:  0 min, 0.5467 secs
