Exporter version: 2.80.1, Blender version: 2.80 (sub 75)
========= Conversion from Blender to Babylon.js =========
	Scene settings used :
		Inline textures     :  false
		Material Type       :  PBR
		Positions Precision :  4
		Normals Precision   :  3
		UVs Precision       :  3
		Vert Color Precision:  3
		Mat Weight Precision:  2
		Keep Z-up r-handed  :  no
		Texture directory   :  C:\Users\frommeltova\Documents\Model\model\mlyn_verze_10\babylon_casti_nove\
	Python World class constructor completed
	processing begun of camera (UniversalCamera):  Camera
	processing begun of mesh:  SketchUp
		processing begun of material:  Cladding_Stucco_White
			processing texture Cladding_Stucco_White
				texture type:  diffuseTexture, mapped using: "ID12"
		num positions      :  18046
		num normals        :  18046
		num tangents       :  0
		num uvs            :  36092
		num uvs2           :  0
		num colors         :  0
		num triangles      :  9458
	processing begun of mesh:  SketchUp.001
		processing begun of material:  material
		processing begun of material:  material_0
		processing begun of multimaterial:  steny_vnitrni.Multimaterial#0
		num positions      :  416
		num normals        :  416
		num tangents       :  0
		num uvs            :  0
		num uvs2           :  0
		num colors         :  0
		num triangles      :  160
	processing begun of mesh:  SketchUp.002
		processing begun of material:  Cladding_Stucco_White
		processing begun of material:  material_0
		registered as also a user of material:  Cladding_Stucco_White
		registered as also a user of material:  material_0
		processing begun of multimaterial:  steny_vnitrni.Multimaterial#1
		num positions      :  18
		num normals        :  18
		num tangents       :  0
		num uvs            :  36
		num uvs2           :  0
		num colors         :  0
		num triangles      :  8
	processing begun of mesh:  SketchUp.003
		processing begun of material:  Cladding_Stucco_White
		processing begun of material:  __Wood_Lumber_ButtJoined_5
		registered as also a user of material:  Cladding_Stucco_White
		processing begun of multimaterial:  steny_vnitrni.Multimaterial#2
		num positions      :  18
		num normals        :  18
		num tangents       :  0
		num uvs            :  36
		num uvs2           :  0
		num colors         :  0
		num triangles      :  6
	processing begun of mesh:  SketchUp.004
		processing begun of material:  material
		processing begun of material:  material_0
		registered as also a user of material:  material
		registered as also a user of material:  material_0
		processing begun of multimaterial:  steny_vnitrni.Multimaterial#3
		num positions      :  6
		num normals        :  6
		num tangents       :  0
		num uvs            :  0
		num uvs2           :  0
		num colors         :  0
		num triangles      :  2
	processing begun of mesh:  SketchUp.005
		processing begun of material:  material
		processing begun of material:  material_0
		registered as also a user of material:  material
		registered as also a user of material:  material_0
		processing begun of multimaterial:  steny_vnitrni.Multimaterial#4
		num positions      :  6
		num normals        :  6
		num tangents       :  0
		num uvs            :  0
		num uvs2           :  0
		num colors         :  0
		num triangles      :  2
	processing begun of mesh:  SketchUp.006
		processing begun of material:  material
		processing begun of material:  material_0
		registered as also a user of material:  material
		registered as also a user of material:  material_0
		processing begun of multimaterial:  steny_vnitrni.Multimaterial#5
		num positions      :  10
		num normals        :  10
		num tangents       :  0
		num uvs            :  0
		num uvs2           :  0
		num colors         :  0
		num triangles      :  6
	processing begun of mesh:  SketchUp.007
		processing begun of material:  Cladding_Stucco_White
		processing begun of material:  material_0
		registered as also a user of material:  Cladding_Stucco_White
		registered as also a user of material:  material_0
		processing begun of multimaterial:  steny_vnitrni.Multimaterial#6
		num positions      :  8
		num normals        :  8
		num tangents       :  0
		num uvs            :  16
		num uvs2           :  0
		num colors         :  0
		num triangles      :  4
	processing begun of mesh:  SketchUp.008
		processing begun of material:  Cladding_Stucco_White
		processing begun of material:  material_0
		registered as also a user of material:  Cladding_Stucco_White
		registered as also a user of material:  material_0
		processing begun of multimaterial:  steny_vnitrni.Multimaterial#7
		num positions      :  10
		num normals        :  10
		num tangents       :  0
		num uvs            :  20
		num uvs2           :  0
		num colors         :  0
		num triangles      :  6
	processing begun of mesh:  SketchUp.009
		processing begun of material:  material
		processing begun of material:  material_0
		registered as also a user of material:  material
		registered as also a user of material:  material_0
		processing begun of multimaterial:  steny_vnitrni.Multimaterial#8
		num positions      :  6
		num normals        :  6
		num tangents       :  0
		num uvs            :  0
		num uvs2           :  0
		num colors         :  0
		num triangles      :  2
	processing begun of mesh:  SketchUp.010
		processing begun of material:  Cladding_Stucco_White
		processing begun of material:  material_0
		registered as also a user of material:  Cladding_Stucco_White
		registered as also a user of material:  material_0
		processing begun of multimaterial:  steny_vnitrni.Multimaterial#9
		num positions      :  12
		num normals        :  12
		num tangents       :  0
		num uvs            :  24
		num uvs2           :  0
		num colors         :  0
		num triangles      :  4
	processing begun of mesh:  SketchUp.011
		processing begun of material:  Cladding_Stucco_White
		registered as also a user of material:  Cladding_Stucco_White
		num positions      :  12
		num normals        :  12
		num tangents       :  0
		num uvs            :  24
		num uvs2           :  0
		num colors         :  0
		num triangles      :  4
	processing begun of mesh:  SketchUp.012
		processing begun of material:  Cladding_Stucco_White
		processing begun of material:  material_0
		registered as also a user of material:  Cladding_Stucco_White
		registered as also a user of material:  material_0
		processing begun of multimaterial:  steny_vnitrni.Multimaterial#10
		num positions      :  6
		num normals        :  6
		num tangents       :  0
		num uvs            :  12
		num uvs2           :  0
		num colors         :  0
		num triangles      :  2
	processing begun of mesh:  SketchUp.013
		processing begun of material:  material
		processing begun of material:  material_0
		registered as also a user of material:  material
		registered as also a user of material:  material_0
		processing begun of multimaterial:  steny_vnitrni.Multimaterial#11
		num positions      :  39
		num normals        :  39
		num tangents       :  0
		num uvs            :  0
		num uvs2           :  0
		num colors         :  0
		num triangles      :  14
	processing begun of mesh:  SketchUp.014
		processing begun of material:  Cladding_Stucco_White
		processing begun of material:  material_0
		registered as also a user of material:  Cladding_Stucco_White
		registered as also a user of material:  material_0
		processing begun of multimaterial:  steny_vnitrni.Multimaterial#12
		num positions      :  26
		num normals        :  26
		num tangents       :  0
		num uvs            :  52
		num uvs2           :  0
		num colors         :  0
		num triangles      :  10
	processing begun of mesh:  SketchUp.015
		processing begun of material:  Cladding_Stucco_White
		processing begun of material:  material_0
		registered as also a user of material:  Cladding_Stucco_White
		registered as also a user of material:  material_0
		processing begun of multimaterial:  steny_vnitrni.Multimaterial#13
		num positions      :  190
		num normals        :  190
		num tangents       :  0
		num uvs            :  380
		num uvs2           :  0
		num colors         :  0
		num triangles      :  92
	processing begun of mesh:  SketchUp.016
		processing begun of material:  Cladding_Stucco_White
		processing begun of material:  material_0
		registered as also a user of material:  Cladding_Stucco_White
		registered as also a user of material:  material_0
		processing begun of multimaterial:  steny_vnitrni.Multimaterial#14
		num positions      :  12
		num normals        :  12
		num tangents       :  0
		num uvs            :  24
		num uvs2           :  0
		num colors         :  0
		num triangles      :  8
	processing begun of mesh:  SketchUp.017
		processing begun of material:  Cladding_Stucco_White
		registered as also a user of material:  Cladding_Stucco_White
		num positions      :  12
		num normals        :  12
		num tangents       :  0
		num uvs            :  24
		num uvs2           :  0
		num colors         :  0
		num triangles      :  4
	processing begun of mesh:  SketchUp.018
		processing begun of material:  Cladding_Stucco_White
		registered as also a user of material:  Cladding_Stucco_White
		num positions      :  16
		num normals        :  16
		num tangents       :  0
		num uvs            :  32
		num uvs2           :  0
		num colors         :  0
		num triangles      :  8
	processing begun of mesh:  SketchUp.019
		processing begun of material:  Cladding_Stucco_White
		registered as also a user of material:  Cladding_Stucco_White
		num positions      :  24
		num normals        :  24
		num tangents       :  0
		num uvs            :  48
		num uvs2           :  0
		num colors         :  0
		num triangles      :  8
	processing begun of mesh:  SketchUp.020
		processing begun of material:  Cladding_Stucco_White
		registered as also a user of material:  Cladding_Stucco_White
		num positions      :  8
		num normals        :  8
		num tangents       :  0
		num uvs            :  16
		num uvs2           :  0
		num colors         :  0
		num triangles      :  4
	processing begun of mesh:  SketchUp.021
		processing begun of material:  Cladding_Stucco_White
		registered as also a user of material:  Cladding_Stucco_White
		num positions      :  36
		num normals        :  36
		num tangents       :  0
		num uvs            :  72
		num uvs2           :  0
		num colors         :  0
		num triangles      :  14
	processing begun of mesh:  SketchUp.022
		processing begun of material:  Cladding_Stucco_White
		registered as also a user of material:  Cladding_Stucco_White
		num positions      :  14
		num normals        :  14
		num tangents       :  0
		num uvs            :  28
		num uvs2           :  0
		num colors         :  0
		num triangles      :  6
	processing begun of mesh:  SketchUp.023
		processing begun of material:  Cladding_Stucco_White
		registered as also a user of material:  Cladding_Stucco_White
		num positions      :  12
		num normals        :  12
		num tangents       :  0
		num uvs            :  24
		num uvs2           :  0
		num colors         :  0
		num triangles      :  4
	processing begun of mesh:  SketchUp.024
		processing begun of material:  Cladding_Stucco_White
		registered as also a user of material:  Cladding_Stucco_White
		num positions      :  12
		num normals        :  12
		num tangents       :  0
		num uvs            :  24
		num uvs2           :  0
		num colors         :  0
		num triangles      :  4
	processing begun of mesh:  SketchUp.025
		processing begun of material:  Cladding_Stucco_White
		registered as also a user of material:  Cladding_Stucco_White
		num positions      :  18
		num normals        :  18
		num tangents       :  0
		num uvs            :  36
		num uvs2           :  0
		num colors         :  0
		num triangles      :  6
	processing begun of mesh:  SketchUp.026
		processing begun of material:  Cladding_Stucco_White
		registered as also a user of material:  Cladding_Stucco_White
		num positions      :  8
		num normals        :  8
		num tangents       :  0
		num uvs            :  16
		num uvs2           :  0
		num colors         :  0
		num triangles      :  4
	processing begun of mesh:  SketchUp.027
		processing begun of material:  Cladding_Stucco_White
		processing begun of material:  Granite_Dark_Gray
		registered as also a user of material:  Cladding_Stucco_White
			processing texture Granite_Dark_Gray
				texture type:  diffuseTexture, mapped using: "ID222"
		processing begun of multimaterial:  steny_vnitrni.Multimaterial#15
		num positions      :  59
		num normals        :  59
		num tangents       :  0
		num uvs            :  118
		num uvs2           :  0
		num colors         :  0
		num triangles      :  38
	processing begun of mesh:  SketchUp.028
		processing begun of material:  material
		processing begun of material:  material_0
		registered as also a user of material:  material
		registered as also a user of material:  material_0
		processing begun of multimaterial:  steny_vnitrni.Multimaterial#16
		num positions      :  6
		num normals        :  6
		num tangents       :  0
		num uvs            :  0
		num uvs2           :  0
		num colors         :  0
		num triangles      :  2
	processing begun of mesh:  SketchUp.029
		processing begun of material:  material
		processing begun of material:  material_0
		registered as also a user of material:  material
		registered as also a user of material:  material_0
		processing begun of multimaterial:  steny_vnitrni.Multimaterial#17
		num positions      :  6
		num normals        :  6
		num tangents       :  0
		num uvs            :  0
		num uvs2           :  0
		num colors         :  0
		num triangles      :  2
	processing begun of mesh:  SketchUp.030
		processing begun of material:  material
		processing begun of material:  material_0
		registered as also a user of material:  material
		registered as also a user of material:  material_0
		processing begun of multimaterial:  steny_vnitrni.Multimaterial#18
		num positions      :  6
		num normals        :  6
		num tangents       :  0
		num uvs            :  0
		num uvs2           :  0
		num colors         :  0
		num triangles      :  2
	processing begun of mesh:  SketchUp.031
		processing begun of material:  material
		processing begun of material:  material_0
		registered as also a user of material:  material
		registered as also a user of material:  material_0
		processing begun of multimaterial:  steny_vnitrni.Multimaterial#19
		num positions      :  6
		num normals        :  6
		num tangents       :  0
		num uvs            :  0
		num uvs2           :  0
		num colors         :  0
		num triangles      :  2
	processing begun of mesh:  SketchUp.032
		processing begun of material:  material
		processing begun of material:  material_0
		registered as also a user of material:  material
		registered as also a user of material:  material_0
		processing begun of multimaterial:  steny_vnitrni.Multimaterial#20
		num positions      :  24
		num normals        :  24
		num tangents       :  0
		num uvs            :  0
		num uvs2           :  0
		num colors         :  0
		num triangles      :  10
	processing begun of mesh:  SketchUp.033
		processing begun of material:  material
		processing begun of material:  material_0
		registered as also a user of material:  material
		registered as also a user of material:  material_0
		processing begun of multimaterial:  steny_vnitrni.Multimaterial#21
		num positions      :  8
		num normals        :  8
		num tangents       :  0
		num uvs            :  0
		num uvs2           :  0
		num colors         :  0
		num triangles      :  4
	processing begun of mesh:  SketchUp.034
		processing begun of material:  Cladding_Stucco_White
		registered as also a user of material:  Cladding_Stucco_White
		num positions      :  6
		num normals        :  6
		num tangents       :  0
		num uvs            :  12
		num uvs2           :  0
		num colors         :  0
		num triangles      :  2
	processing begun of mesh:  SketchUp.035
		processing begun of material:  Cladding_Stucco_White
		processing begun of material:  material_0
		registered as also a user of material:  Cladding_Stucco_White
		registered as also a user of material:  material_0
		processing begun of multimaterial:  steny_vnitrni.Multimaterial#22
		num positions      :  8
		num normals        :  8
		num tangents       :  0
		num uvs            :  16
		num uvs2           :  0
		num colors         :  0
		num triangles      :  4
	processing begun of mesh:  SketchUp.036
		processing begun of material:  material
		processing begun of material:  material_0
		registered as also a user of material:  material
		registered as also a user of material:  material_0
		processing begun of multimaterial:  steny_vnitrni.Multimaterial#23
		num positions      :  6
		num normals        :  6
		num tangents       :  0
		num uvs            :  0
		num uvs2           :  0
		num colors         :  0
		num triangles      :  2
	processing begun of mesh:  SketchUp.037
		processing begun of material:  Cladding_Stucco_White
		processing begun of material:  material_0
		registered as also a user of material:  Cladding_Stucco_White
		registered as also a user of material:  material_0
		processing begun of multimaterial:  steny_vnitrni.Multimaterial#24
		num positions      :  8
		num normals        :  8
		num tangents       :  0
		num uvs            :  16
		num uvs2           :  0
		num colors         :  0
		num triangles      :  4
	processing begun of mesh:  SketchUp.038
		processing begun of material:  Cladding_Stucco_White
		processing begun of material:  material_0
		registered as also a user of material:  Cladding_Stucco_White
		registered as also a user of material:  material_0
		processing begun of multimaterial:  steny_vnitrni.Multimaterial#25
		num positions      :  8
		num normals        :  8
		num tangents       :  0
		num uvs            :  16
		num uvs2           :  0
		num colors         :  0
		num triangles      :  4
	processing begun of mesh:  SketchUp.039
		processing begun of material:  material
		processing begun of material:  material_0
		registered as also a user of material:  material
		registered as also a user of material:  material_0
		processing begun of multimaterial:  steny_vnitrni.Multimaterial#26
		num positions      :  10
		num normals        :  10
		num tangents       :  0
		num uvs            :  0
		num uvs2           :  0
		num colors         :  0
		num triangles      :  6
	processing begun of mesh:  SketchUp.040
		processing begun of material:  Cladding_Stucco_White
		registered as also a user of material:  Cladding_Stucco_White
		num positions      :  6
		num normals        :  6
		num tangents       :  0
		num uvs            :  12
		num uvs2           :  0
		num colors         :  0
		num triangles      :  2
	processing begun of mesh:  SketchUp.041
		processing begun of material:  material
		processing begun of material:  material_0
		registered as also a user of material:  material
		registered as also a user of material:  material_0
		processing begun of multimaterial:  steny_vnitrni.Multimaterial#27
		num positions      :  54
		num normals        :  54
		num tangents       :  0
		num uvs            :  0
		num uvs2           :  0
		num colors         :  0
		num triangles      :  28
	processing begun of mesh:  SketchUp.042
		processing begun of material:  material
		processing begun of material:  material_0
		registered as also a user of material:  material
		registered as also a user of material:  material_0
		processing begun of multimaterial:  steny_vnitrni.Multimaterial#28
		num positions      :  12
		num normals        :  12
		num tangents       :  0
		num uvs            :  0
		num uvs2           :  0
		num colors         :  0
		num triangles      :  4
	processing begun of mesh:  SketchUp.043
		processing begun of material:  Cladding_Stucco_White
		processing begun of material:  material_0
		registered as also a user of material:  Cladding_Stucco_White
		registered as also a user of material:  material_0
		processing begun of multimaterial:  steny_vnitrni.Multimaterial#29
		num positions      :  38
		num normals        :  38
		num tangents       :  0
		num uvs            :  76
		num uvs2           :  0
		num colors         :  0
		num triangles      :  14
	processing begun of mesh:  SketchUp.044
		processing begun of material:  Cladding_Stucco_White
		registered as also a user of material:  Cladding_Stucco_White
		num positions      :  6
		num normals        :  6
		num tangents       :  0
		num uvs            :  12
		num uvs2           :  0
		num colors         :  0
		num triangles      :  2
	processing begun of mesh:  SketchUp.045
		processing begun of material:  Cladding_Stucco_White
		registered as also a user of material:  Cladding_Stucco_White
		num positions      :  6
		num normals        :  6
		num tangents       :  0
		num uvs            :  12
		num uvs2           :  0
		num colors         :  0
		num triangles      :  2
	processing begun of mesh:  SketchUp.046
		processing begun of material:  Cladding_Stucco_White
		registered as also a user of material:  Cladding_Stucco_White
		num positions      :  12
		num normals        :  12
		num tangents       :  0
		num uvs            :  24
		num uvs2           :  0
		num colors         :  0
		num triangles      :  4
	processing begun of mesh:  SketchUp.047
		processing begun of material:  Cladding_Stucco_White
		processing begun of material:  Modern_Siding
		registered as also a user of material:  Cladding_Stucco_White
			processing texture Modern_Siding
				texture type:  diffuseTexture, mapped using: "ID367"
		processing begun of multimaterial:  steny_vnitrni.Multimaterial#30
		num positions      :  27
		num normals        :  27
		num tangents       :  0
		num uvs            :  54
		num uvs2           :  0
		num colors         :  0
		num triangles      :  10
	processing begun of mesh:  SketchUp.048
		processing begun of material:  Cladding_Stucco_White
		processing begun of material:  material_0
		registered as also a user of material:  Cladding_Stucco_White
		registered as also a user of material:  material_0
		processing begun of multimaterial:  steny_vnitrni.Multimaterial#31
		num positions      :  20
		num normals        :  20
		num tangents       :  0
		num uvs            :  40
		num uvs2           :  0
		num colors         :  0
		num triangles      :  10
	processing begun of mesh:  SketchUp.049
		processing begun of material:  Cladding_Stucco_White
		processing begun of material:  material_0
		registered as also a user of material:  Cladding_Stucco_White
		registered as also a user of material:  material_0
		processing begun of multimaterial:  steny_vnitrni.Multimaterial#32
		num positions      :  32
		num normals        :  32
		num tangents       :  0
		num uvs            :  64
		num uvs2           :  0
		num colors         :  0
		num triangles      :  16
	processing begun of mesh:  SketchUp.050
		processing begun of material:  Cladding_Stucco_White
		registered as also a user of material:  Cladding_Stucco_White
		num positions      :  6
		num normals        :  6
		num tangents       :  0
		num uvs            :  12
		num uvs2           :  0
		num colors         :  0
		num triangles      :  2
	processing begun of mesh:  SketchUp.051
		processing begun of material:  Cladding_Stucco_White
		processing begun of material:  material_0
		registered as also a user of material:  Cladding_Stucco_White
		registered as also a user of material:  material_0
		processing begun of multimaterial:  steny_vnitrni.Multimaterial#33
		num positions      :  16
		num normals        :  16
		num tangents       :  0
		num uvs            :  32
		num uvs2           :  0
		num colors         :  0
		num triangles      :  8
	processing begun of mesh:  SketchUp.052
		processing begun of material:  material
		processing begun of material:  material_0
		registered as also a user of material:  material
		registered as also a user of material:  material_0
		processing begun of multimaterial:  steny_vnitrni.Multimaterial#34
		num positions      :  6
		num normals        :  6
		num tangents       :  0
		num uvs            :  0
		num uvs2           :  0
		num colors         :  0
		num triangles      :  2
	processing begun of mesh:  SketchUp.053
		processing begun of material:  Cladding_Stucco_White
		processing begun of material:  material_0
		registered as also a user of material:  Cladding_Stucco_White
		registered as also a user of material:  material_0
		processing begun of multimaterial:  steny_vnitrni.Multimaterial#35
		num positions      :  20
		num normals        :  20
		num tangents       :  0
		num uvs            :  40
		num uvs2           :  0
		num colors         :  0
		num triangles      :  8
	processing begun of mesh:  SketchUp.054
		processing begun of material:  Cladding_Stucco_White
		registered as also a user of material:  Cladding_Stucco_White
		num positions      :  12
		num normals        :  12
		num tangents       :  0
		num uvs            :  24
		num uvs2           :  0
		num colors         :  0
		num triangles      :  4
	processing begun of mesh:  SketchUp.055
		processing begun of material:  material
		processing begun of material:  material_0
		registered as also a user of material:  material
		registered as also a user of material:  material_0
		processing begun of multimaterial:  steny_vnitrni.Multimaterial#36
		num positions      :  6
		num normals        :  6
		num tangents       :  0
		num uvs            :  0
		num uvs2           :  0
		num colors         :  0
		num triangles      :  2
	processing begun of mesh:  SketchUp.056
		processing begun of material:  Cladding_Stucco_White
		processing begun of material:  material_0
		registered as also a user of material:  Cladding_Stucco_White
		registered as also a user of material:  material_0
		processing begun of multimaterial:  steny_vnitrni.Multimaterial#37
		num positions      :  6
		num normals        :  6
		num tangents       :  0
		num uvs            :  12
		num uvs2           :  0
		num colors         :  0
		num triangles      :  2
	processing begun of mesh:  SketchUp.057
		processing begun of material:  Cladding_Stucco_White
		registered as also a user of material:  Cladding_Stucco_White
		num positions      :  58
		num normals        :  58
		num tangents       :  0
		num uvs            :  116
		num uvs2           :  0
		num colors         :  0
		num triangles      :  54
	processing begun of mesh:  SketchUp.058
		processing begun of material:  material
		processing begun of material:  material_0
		registered as also a user of material:  material
		registered as also a user of material:  material_0
		processing begun of multimaterial:  steny_vnitrni.Multimaterial#38
		num positions      :  6
		num normals        :  6
		num tangents       :  0
		num uvs            :  0
		num uvs2           :  0
		num colors         :  0
		num triangles      :  2
	processing begun of mesh:  SketchUp.059
		processing begun of material:  material
		processing begun of material:  material_0
		registered as also a user of material:  material
		registered as also a user of material:  material_0
		processing begun of multimaterial:  steny_vnitrni.Multimaterial#39
		num positions      :  6
		num normals        :  6
		num tangents       :  0
		num uvs            :  0
		num uvs2           :  0
		num colors         :  0
		num triangles      :  2
	processing begun of mesh:  SketchUp.060
		processing begun of material:  Cladding_Stucco_White
		processing begun of material:  material_0
		registered as also a user of material:  Cladding_Stucco_White
		registered as also a user of material:  material_0
		processing begun of multimaterial:  steny_vnitrni.Multimaterial#40
		num positions      :  8
		num normals        :  8
		num tangents       :  0
		num uvs            :  16
		num uvs2           :  0
		num colors         :  0
		num triangles      :  4
	processing begun of mesh:  SketchUp.061
		processing begun of material:  material
		processing begun of material:  material_0
		registered as also a user of material:  material
		registered as also a user of material:  material_0
		processing begun of multimaterial:  steny_vnitrni.Multimaterial#41
		num positions      :  6
		num normals        :  6
		num tangents       :  0
		num uvs            :  0
		num uvs2           :  0
		num colors         :  0
		num triangles      :  2
	processing begun of mesh:  SketchUp.062
		processing begun of material:  material
		processing begun of material:  material_0
		registered as also a user of material:  material
		registered as also a user of material:  material_0
		processing begun of multimaterial:  steny_vnitrni.Multimaterial#42
		num positions      :  6
		num normals        :  6
		num tangents       :  0
		num uvs            :  0
		num uvs2           :  0
		num colors         :  0
		num triangles      :  2
	processing begun of mesh:  SketchUp.063
		processing begun of material:  material
		processing begun of material:  material_0
		registered as also a user of material:  material
		registered as also a user of material:  material_0
		processing begun of multimaterial:  steny_vnitrni.Multimaterial#43
		num positions      :  22
		num normals        :  22
		num tangents       :  0
		num uvs            :  0
		num uvs2           :  0
		num colors         :  0
		num triangles      :  10
	processing begun of mesh:  SketchUp.071
		processing begun of material:  material
		processing begun of material:  material_0
		registered as also a user of material:  material
		registered as also a user of material:  material_0
		processing begun of multimaterial:  steny_vnitrni.Multimaterial#44
		num positions      :  6
		num normals        :  6
		num tangents       :  0
		num uvs            :  0
		num uvs2           :  0
		num colors         :  0
		num triangles      :  2
	processing begun of mesh:  SketchUp.072
		processing begun of material:  Cladding_Stucco_White
		processing begun of material:  material_0
		registered as also a user of material:  Cladding_Stucco_White
		registered as also a user of material:  material_0
		processing begun of multimaterial:  steny_vnitrni.Multimaterial#45
		num positions      :  16
		num normals        :  16
		num tangents       :  0
		num uvs            :  32
		num uvs2           :  0
		num colors         :  0
		num triangles      :  6
	processing begun of mesh:  SketchUp.073
		processing begun of material:  Cladding_Stucco_White
		processing begun of material:  material_0
		registered as also a user of material:  Cladding_Stucco_White
		registered as also a user of material:  material_0
		processing begun of multimaterial:  steny_vnitrni.Multimaterial#46
		num positions      :  12
		num normals        :  12
		num tangents       :  0
		num uvs            :  24
		num uvs2           :  0
		num colors         :  0
		num triangles      :  4
	processing begun of mesh:  SketchUp.074
		processing begun of material:  material
		processing begun of material:  material_0
		registered as also a user of material:  material
		registered as also a user of material:  material_0
		processing begun of multimaterial:  steny_vnitrni.Multimaterial#47
		num positions      :  6
		num normals        :  6
		num tangents       :  0
		num uvs            :  0
		num uvs2           :  0
		num colors         :  0
		num triangles      :  2
	processing begun of mesh:  SketchUp.075
		processing begun of material:  Location_Snapshot
		processing begun of material:  __Wood_Lumber_ButtJoined_1
			processing texture Location_Snapshot
				texture type:  diffuseTexture, mapped using: "ID527"
		processing begun of multimaterial:  steny_vnitrni.Multimaterial#48
		num positions      :  8
		num normals        :  8
		num tangents       :  0
		num uvs            :  16
		num uvs2           :  0
		num colors         :  0
		num triangles      :  4
	processing begun of mesh:  SketchUp.076
		processing begun of material:  Cladding_Stucco_White
		registered as also a user of material:  Cladding_Stucco_White
		num positions      :  6
		num normals        :  6
		num tangents       :  0
		num uvs            :  12
		num uvs2           :  0
		num colors         :  0
		num triangles      :  2
	processing begun of mesh:  SketchUp.077
		processing begun of material:  Cladding_Stucco_White
		registered as also a user of material:  Cladding_Stucco_White
		num positions      :  6
		num normals        :  6
		num tangents       :  0
		num uvs            :  12
		num uvs2           :  0
		num colors         :  0
		num triangles      :  2
	processing begun of camera (UniversalCamera):  skp_camera_Last_Saved_SketchUp_View
	processing begun of light (POINT):  Light
========= Writing of JSON file started =========
	writing mesh:  SketchUp
	writing mesh:  SketchUp.001
	writing mesh:  SketchUp.002
	writing mesh:  SketchUp.003
	writing mesh:  SketchUp.004
	writing mesh:  SketchUp.005
	writing mesh:  SketchUp.006
	writing mesh:  SketchUp.007
	writing mesh:  SketchUp.008
	writing mesh:  SketchUp.009
	writing mesh:  SketchUp.010
	writing mesh:  SketchUp.011
	writing mesh:  SketchUp.012
	writing mesh:  SketchUp.013
	writing mesh:  SketchUp.014
	writing mesh:  SketchUp.015
	writing mesh:  SketchUp.016
	writing mesh:  SketchUp.017
	writing mesh:  SketchUp.018
	writing mesh:  SketchUp.019
	writing mesh:  SketchUp.020
	writing mesh:  SketchUp.021
	writing mesh:  SketchUp.022
	writing mesh:  SketchUp.023
	writing mesh:  SketchUp.024
	writing mesh:  SketchUp.025
	writing mesh:  SketchUp.026
	writing mesh:  SketchUp.027
	writing mesh:  SketchUp.028
	writing mesh:  SketchUp.029
	writing mesh:  SketchUp.030
	writing mesh:  SketchUp.031
	writing mesh:  SketchUp.032
	writing mesh:  SketchUp.033
	writing mesh:  SketchUp.034
	writing mesh:  SketchUp.035
	writing mesh:  SketchUp.036
	writing mesh:  SketchUp.037
	writing mesh:  SketchUp.038
	writing mesh:  SketchUp.039
	writing mesh:  SketchUp.040
	writing mesh:  SketchUp.041
	writing mesh:  SketchUp.042
	writing mesh:  SketchUp.043
	writing mesh:  SketchUp.044
	writing mesh:  SketchUp.045
	writing mesh:  SketchUp.046
	writing mesh:  SketchUp.047
	writing mesh:  SketchUp.048
	writing mesh:  SketchUp.049
	writing mesh:  SketchUp.050
	writing mesh:  SketchUp.051
	writing mesh:  SketchUp.052
	writing mesh:  SketchUp.053
	writing mesh:  SketchUp.054
	writing mesh:  SketchUp.055
	writing mesh:  SketchUp.056
	writing mesh:  SketchUp.057
	writing mesh:  SketchUp.058
	writing mesh:  SketchUp.059
	writing mesh:  SketchUp.060
	writing mesh:  SketchUp.061
	writing mesh:  SketchUp.062
	writing mesh:  SketchUp.063
	writing mesh:  SketchUp.071
	writing mesh:  SketchUp.072
	writing mesh:  SketchUp.073
	writing mesh:  SketchUp.074
	writing mesh:  SketchUp.075
	writing mesh:  SketchUp.076
	writing mesh:  SketchUp.077
========= Writing of JSON file completed =========
========= end of processing =========
elapsed time:  0 min, 0.5416 secs
