Exporter version: 2.80.1, Blender version: 2.80 (sub 75)
========= Conversion from Blender to Babylon.js =========
	Scene settings used :
		Inline textures     :  false
		Material Type       :  PBR
		Positions Precision :  4
		Normals Precision   :  3
		UVs Precision       :  3
		Vert Color Precision:  3
		Mat Weight Precision:  2
		Keep Z-up r-handed  :  no
		Texture directory   :  C:\Users\frommeltova\Documents\Model\model\mlyn_verze_10\babylon_casti\
	Python World class constructor completed
	processing begun of camera (UniversalCamera):  Camera
	processing begun of mesh:  SketchUp
		processing begun of material:  Grass_Dark_Green
		processing begun of material:  material
			processing texture Grass_Dark_Green
				texture type:  diffuseTexture, mapped using: "ID12"
		processing begun of multimaterial:  teren.Multimaterial#0
		num positions      :  6587
		num normals        :  6587
		num tangents       :  0
		num uvs            :  13174
		num uvs2           :  0
		num colors         :  0
		num triangles      :  3752
	processing begun of mesh:  SketchUp.001
		processing begun of material:  material
		processing begun of material:  sandybrown
		registered as also a user of material:  material
		processing begun of multimaterial:  teren.Multimaterial#1
		num positions      :  571
		num normals        :  571
		num tangents       :  0
		num uvs            :  0
		num uvs2           :  0
		num colors         :  0
		num triangles      :  484
	processing begun of camera (UniversalCamera):  skp_camera_Last_Saved_SketchUp_View
	processing begun of light (POINT):  Light
========= Writing of JSON file started =========
	writing mesh:  SketchUp
	writing mesh:  SketchUp.001
========= Writing of JSON file completed =========
========= end of processing =========
elapsed time:  0 min, 0.2416 secs
